<?xml version="1.0" encoding="UTF-8"?>
<testsuite name="com.main.fbBackend.FbBackendApplicationTests" tests="1" skipped="0" failures="0" errors="0" timestamp="2020-02-10T21:09:37" hostname="DESKTOP-2L994SC" time="0.281">
  <properties/>
  <testcase name="contextLoads()" classname="com.main.fbBackend.FbBackendApplicationTests" time="0.281"/>
  <system-out><![CDATA[15:09:31.914 [Test worker] DEBUG org.springframework.test.context.BootstrapUtils - Instantiating CacheAwareContextLoaderDelegate from class [org.springframework.test.context.cache.DefaultCacheAwareContextLoaderDelegate]
15:09:31.929 [Test worker] DEBUG org.springframework.test.context.BootstrapUtils - Instantiating BootstrapContext using constructor [public org.springframework.test.context.support.DefaultBootstrapContext(java.lang.Class,org.springframework.test.context.CacheAwareContextLoaderDelegate)]
15:09:31.958 [Test worker] DEBUG org.springframework.test.context.BootstrapUtils - Instantiating TestContextBootstrapper for test class [com.main.fbBackend.FbBackendApplicationTests] from class [org.springframework.boot.test.context.SpringBootTestContextBootstrapper]
15:09:31.978 [Test worker] INFO org.springframework.boot.test.context.SpringBootTestContextBootstrapper - Neither @ContextConfiguration nor @ContextHierarchy found for test class [com.main.fbBackend.FbBackendApplicationTests], using SpringBootContextLoader
15:09:31.982 [Test worker] DEBUG org.springframework.test.context.support.AbstractContextLoader - Did not detect default resource location for test class [com.main.fbBackend.FbBackendApplicationTests]: class path resource [com/main/fbBackend/FbBackendApplicationTests-context.xml] does not exist
15:09:31.983 [Test worker] DEBUG org.springframework.test.context.support.AbstractContextLoader - Did not detect default resource location for test class [com.main.fbBackend.FbBackendApplicationTests]: class path resource [com/main/fbBackend/FbBackendApplicationTestsContext.groovy] does not exist
15:09:31.983 [Test worker] INFO org.springframework.test.context.support.AbstractContextLoader - Could not detect default resource locations for test class [com.main.fbBackend.FbBackendApplicationTests]: no resource found for suffixes {-context.xml, Context.groovy}.
15:09:31.984 [Test worker] INFO org.springframework.test.context.support.AnnotationConfigContextLoaderUtils - Could not detect default configuration classes for test class [com.main.fbBackend.FbBackendApplicationTests]: FbBackendApplicationTests does not declare any static, non-private, non-final, nested classes annotated with @Configuration.
15:09:32.033 [Test worker] DEBUG org.springframework.test.context.support.ActiveProfilesUtils - Could not find an 'annotation declaring class' for annotation type [org.springframework.test.context.ActiveProfiles] and class [com.main.fbBackend.FbBackendApplicationTests]
15:09:32.122 [Test worker] DEBUG org.springframework.context.annotation.ClassPathScanningCandidateComponentProvider - Identified candidate component class: file [C:\Users\samma\Documents\Classes\J1\309\Project Work\hv_3\Experiments\Sam Massey\ProjectWork\fbBackend\build\classes\kotlin\main\com\main\fbBackend\FbBackendApplication.class]
15:09:32.123 [Test worker] INFO org.springframework.boot.test.context.SpringBootTestContextBootstrapper - Found @SpringBootConfiguration com.main.fbBackend.FbBackendApplication for test class com.main.fbBackend.FbBackendApplicationTests
15:09:32.254 [Test worker] DEBUG org.springframework.boot.test.context.SpringBootTestContextBootstrapper - @TestExecutionListeners is not present for class [com.main.fbBackend.FbBackendApplicationTests]: using defaults.
15:09:32.255 [Test worker] INFO org.springframework.boot.test.context.SpringBootTestContextBootstrapper - Loaded default TestExecutionListener class names from location [META-INF/spring.factories]: [org.springframework.boot.test.autoconfigure.restdocs.RestDocsTestExecutionListener, org.springframework.boot.test.autoconfigure.web.client.MockRestServiceServerResetTestExecutionListener, org.springframework.boot.test.autoconfigure.web.servlet.MockMvcPrintOnlyOnFailureTestExecutionListener, org.springframework.boot.test.autoconfigure.web.servlet.WebDriverTestExecutionListener, org.springframework.boot.test.mock.mockito.MockitoTestExecutionListener, org.springframework.boot.test.mock.mockito.ResetMocksTestExecutionListener, org.springframework.test.context.web.ServletTestExecutionListener, org.springframework.test.context.support.DirtiesContextBeforeModesTestExecutionListener, org.springframework.test.context.support.DependencyInjectionTestExecutionListener, org.springframework.test.context.support.DirtiesContextTestExecutionListener, org.springframework.test.context.transaction.TransactionalTestExecutionListener, org.springframework.test.context.jdbc.SqlScriptsTestExecutionListener, org.springframework.test.context.event.EventPublishingTestExecutionListener]
15:09:32.277 [Test worker] INFO org.springframework.boot.test.context.SpringBootTestContextBootstrapper - Using TestExecutionListeners: [org.springframework.test.context.web.ServletTestExecutionListener@73e83b84, org.springframework.test.context.support.DirtiesContextBeforeModesTestExecutionListener@54f83e67, org.springframework.boot.test.mock.mockito.MockitoTestExecutionListener@565d31d3, org.springframework.boot.test.autoconfigure.SpringBootDependencyInjectionTestExecutionListener@78802fc8, org.springframework.test.context.support.DirtiesContextTestExecutionListener@4a861f47, org.springframework.test.context.transaction.TransactionalTestExecutionListener@5f980b76, org.springframework.test.context.jdbc.SqlScriptsTestExecutionListener@60f46aff, org.springframework.test.context.event.EventPublishingTestExecutionListener@19f3f746, org.springframework.boot.test.autoconfigure.restdocs.RestDocsTestExecutionListener@6375bf18, org.springframework.boot.test.autoconfigure.web.client.MockRestServiceServerResetTestExecutionListener@7ca9cbbb, org.springframework.boot.test.autoconfigure.web.servlet.MockMvcPrintOnlyOnFailureTestExecutionListener@3fc9f543, org.springframework.boot.test.autoconfigure.web.servlet.WebDriverTestExecutionListener@39866c3b, org.springframework.boot.test.mock.mockito.ResetMocksTestExecutionListener@77c5896c]
15:09:32.282 [Test worker] DEBUG org.springframework.test.context.support.AbstractDirtiesContextTestExecutionListener - Before test class: context [DefaultTestContext@17ce2c54 testClass = FbBackendApplicationTests, testInstance = [null], testMethod = [null], testException = [null], mergedContextConfiguration = [WebMergedContextConfiguration@7379282 testClass = FbBackendApplicationTests, locations = '{}', classes = '{class com.main.fbBackend.FbBackendApplication}', contextInitializerClasses = '[]', activeProfiles = '{}', propertySourceLocations = '{}', propertySourceProperties = '{org.springframework.boot.test.context.SpringBootTestContextBootstrapper=true}', contextCustomizers = set[org.springframework.boot.test.autoconfigure.properties.PropertyMappingContextCustomizer@0, org.springframework.boot.test.autoconfigure.web.servlet.WebDriverContextCustomizerFactory$Customizer@38713bbf, org.springframework.boot.test.context.filter.ExcludeFilterContextCustomizer@7ac3a017, org.springframework.boot.test.json.DuplicateJsonObjectContextCustomizerFactory$DuplicateJsonObjectContextCustomizer@7a82adea, org.springframework.boot.test.mock.mockito.MockitoContextCustomizer@0, org.springframework.boot.test.web.client.TestRestTemplateContextCustomizer@4cdcc44f], resourceBasePath = 'src/main/webapp', contextLoader = 'org.springframework.boot.test.context.SpringBootContextLoader', parent = [null]], attributes = map['org.springframework.test.context.web.ServletTestExecutionListener.activateListener' -> true]], class annotated with @DirtiesContext [false] with mode [null].
15:09:32.316 [Test worker] DEBUG org.springframework.test.context.support.TestPropertySourceUtils - Adding inlined properties to environment: {spring.jmx.enabled=false, org.springframework.boot.test.context.SpringBootTestContextBootstrapper=true, server.port=-1}

  .   ____          _            __ _ _
 /\\ / ___'_ __ _ _(_)_ __  __ _ \ \ \ \
( ( )\___ | '_ | '_| | '_ \/ _` | \ \ \ \
 \\/  ___)| |_)| | | | | || (_| |  ) ) ) )
  '  |____| .__|_| |_|_| |_\__, | / / / /
 =========|_|==============|___/=/_/_/_/
 :: Spring Boot ::        (v2.2.4.RELEASE)

2020-02-10 15:09:32.749  INFO 13660 --- [    Test worker] c.m.fbBackend.FbBackendApplicationTests  : Starting FbBackendApplicationTests on DESKTOP-2L994SC with PID 13660 (started by samma in C:\Users\samma\Documents\Classes\J1\309\Project Work\hv_3\Experiments\Sam Massey\ProjectWork\fbBackend)
2020-02-10 15:09:32.750  INFO 13660 --- [    Test worker] c.m.fbBackend.FbBackendApplicationTests  : No active profile set, falling back to default profiles: default
2020-02-10 15:09:33.572  INFO 13660 --- [    Test worker] .s.d.r.c.RepositoryConfigurationDelegate : Multiple Spring Data modules found, entering strict repository configuration mode!
2020-02-10 15:09:33.574  INFO 13660 --- [    Test worker] .s.d.r.c.RepositoryConfigurationDelegate : Bootstrapping Spring Data JPA repositories in DEFAULT mode.
2020-02-10 15:09:33.626  INFO 13660 --- [    Test worker] .RepositoryConfigurationExtensionSupport : Spring Data JPA - Could not safely identify store assignment for repository candidate interface com.main.fbBackend.repository.AllergenRepository. If you want this repository to be a JPA repository, consider annotating your entities with one of these annotations: javax.persistence.Entity, javax.persistence.MappedSuperclass (preferred), or consider extending one of the following types with your repository: org.springframework.data.jpa.repository.JpaRepository.
2020-02-10 15:09:33.629  INFO 13660 --- [    Test worker] .RepositoryConfigurationExtensionSupport : Spring Data JPA - Could not safely identify store assignment for repository candidate interface com.main.fbBackend.repository.DayRepository. If you want this repository to be a JPA repository, consider annotating your entities with one of these annotations: javax.persistence.Entity, javax.persistence.MappedSuperclass (preferred), or consider extending one of the following types with your repository: org.springframework.data.jpa.repository.JpaRepository.
2020-02-10 15:09:33.630  INFO 13660 --- [    Test worker] .s.d.r.c.RepositoryConfigurationDelegate : Finished Spring Data repository scanning in 45ms. Found 0 JPA repository interfaces.
2020-02-10 15:09:33.659  INFO 13660 --- [    Test worker] .s.d.r.c.RepositoryConfigurationDelegate : Multiple Spring Data modules found, entering strict repository configuration mode!
2020-02-10 15:09:33.659  INFO 13660 --- [    Test worker] .s.d.r.c.RepositoryConfigurationDelegate : Bootstrapping Spring Data MongoDB repositories in DEFAULT mode.
2020-02-10 15:09:33.693  INFO 13660 --- [    Test worker] .s.d.r.c.RepositoryConfigurationDelegate : Finished Spring Data repository scanning in 35ms. Found 2 MongoDB repository interfaces.
2020-02-10 15:09:34.207  INFO 13660 --- [    Test worker] trationDelegate$BeanPostProcessorChecker : Bean 'org.springframework.transaction.annotation.ProxyTransactionManagementConfiguration' of type [org.springframework.transaction.annotation.ProxyTransactionManagementConfiguration] is not eligible for getting processed by all BeanPostProcessors (for example: not eligible for auto-proxying)
2020-02-10 15:09:34.423  INFO 13660 --- [    Test worker] com.zaxxer.hikari.HikariDataSource       : HikariPool-1 - Starting...
2020-02-10 15:09:34.633  INFO 13660 --- [    Test worker] com.zaxxer.hikari.HikariDataSource       : HikariPool-1 - Start completed.
2020-02-10 15:09:34.714  INFO 13660 --- [    Test worker] o.hibernate.jpa.internal.util.LogHelper  : HHH000204: Processing PersistenceUnitInfo [name: default]
2020-02-10 15:09:34.859  INFO 13660 --- [    Test worker] org.hibernate.Version                    : HHH000412: Hibernate Core {5.4.10.Final}
2020-02-10 15:09:35.048  INFO 13660 --- [    Test worker] o.hibernate.annotations.common.Version   : HCANN000001: Hibernate Commons Annotations {5.1.0.Final}
2020-02-10 15:09:35.229  INFO 13660 --- [    Test worker] org.hibernate.dialect.Dialect            : HHH000400: Using dialect: org.hibernate.dialect.H2Dialect
2020-02-10 15:09:35.652  INFO 13660 --- [    Test worker] o.h.e.t.j.p.i.JtaPlatformInitiator       : HHH000490: Using JtaPlatform implementation: [org.hibernate.engine.transaction.jta.platform.internal.NoJtaPlatform]
2020-02-10 15:09:35.662  INFO 13660 --- [    Test worker] j.LocalContainerEntityManagerFactoryBean : Initialized JPA EntityManagerFactory for persistence unit 'default'
2020-02-10 15:09:36.107  INFO 13660 --- [    Test worker] org.mongodb.driver.cluster               : Cluster created with settings {hosts=[coms-309-hv-3.cs.iastate.edu:27017], mode=MULTIPLE, requiredClusterType=UNKNOWN, serverSelectionTimeout='30000 ms', maxWaitQueueSize=500}
2020-02-10 15:09:36.108  INFO 13660 --- [    Test worker] org.mongodb.driver.cluster               : Adding discovered server coms-309-hv-3.cs.iastate.edu:27017 to client view of cluster
2020-02-10 15:09:36.212  INFO 13660 --- [state.edu:27017] org.mongodb.driver.connection            : Opened connection [connectionId{localValue:1, serverValue:115}] to coms-309-hv-3.cs.iastate.edu:27017
2020-02-10 15:09:36.225  INFO 13660 --- [state.edu:27017] org.mongodb.driver.cluster               : Monitor thread successfully connected to server with description ServerDescription{address=coms-309-hv-3.cs.iastate.edu:27017, type=STANDALONE, state=CONNECTED, ok=true, version=ServerVersion{versionList=[4, 2, 3]}, minWireVersion=0, maxWireVersion=8, maxDocumentSize=16777216, logicalSessionTimeoutMinutes=30, roundTripTimeNanos=10159300}
2020-02-10 15:09:36.227  INFO 13660 --- [state.edu:27017] org.mongodb.driver.cluster               : Discovered cluster type of STANDALONE
2020-02-10 15:09:37.032  WARN 13660 --- [    Test worker] JpaBaseConfiguration$JpaWebConfiguration : spring.jpa.open-in-view is enabled by default. Therefore, database queries may be performed during view rendering. Explicitly configure spring.jpa.open-in-view to disable this warning
2020-02-10 15:09:37.388  INFO 13660 --- [    Test worker] o.s.s.concurrent.ThreadPoolTaskExecutor  : Initializing ExecutorService 'applicationTaskExecutor'
2020-02-10 15:09:37.626  WARN 13660 --- [    Test worker] o.s.b.a.m.MustacheAutoConfiguration      : Cannot find template location: classpath:/templates/ (please add some templates, check your Mustache configuration, or set spring.mustache.check-template-location=false)
2020-02-10 15:09:37.899  INFO 13660 --- [    Test worker] c.m.fbBackend.FbBackendApplicationTests  : Started FbBackendApplicationTests in 5.57 seconds (JVM running for 7.834)
]]></system-out>
  <system-err><![CDATA[]]></system-err>
</testsuite>
