<?xml version="1.0" encoding="UTF-8"?>
<testsuite name="com.main.app.StatusTests" tests="2" skipped="0" failures="0" errors="0" timestamp="2020-04-30T21:34:36" hostname="DESKTOP-2L994SC" time="0.045">
  <properties/>
  <testcase name="testStatusToJson()" classname="com.main.app.StatusTests" time="0.041"/>
  <testcase name="testStatusCheckDate()" classname="com.main.app.StatusTests" time="0.004"/>
  <system-out><![CDATA[2020-04-30 16:34:36.236  INFO 20076 --- [    Test worker] .b.t.c.SpringBootTestContextBootstrapper : Neither @ContextConfiguration nor @ContextHierarchy found for test class [com.main.app.StatusTests], using SpringBootContextLoader
2020-04-30 16:34:36.239  INFO 20076 --- [    Test worker] o.s.t.c.support.AbstractContextLoader    : Could not detect default resource locations for test class [com.main.app.StatusTests]: no resource found for suffixes {-context.xml, Context.groovy}.
2020-04-30 16:34:36.239  INFO 20076 --- [    Test worker] t.c.s.AnnotationConfigContextLoaderUtils : Could not detect default configuration classes for test class [com.main.app.StatusTests]: StatusTests does not declare any static, non-private, non-final, nested classes annotated with @Configuration.
2020-04-30 16:34:36.242  INFO 20076 --- [    Test worker] .b.t.c.SpringBootTestContextBootstrapper : Found @SpringBootConfiguration com.main.app.FoodbuddyApplication for test class com.main.app.StatusTests
2020-04-30 16:34:36.246  INFO 20076 --- [    Test worker] .b.t.c.SpringBootTestContextBootstrapper : Loaded default TestExecutionListener class names from location [META-INF/spring.factories]: [org.springframework.test.context.web.ServletTestExecutionListener, org.springframework.test.context.support.DirtiesContextBeforeModesTestExecutionListener, org.springframework.test.context.support.DependencyInjectionTestExecutionListener, org.springframework.test.context.support.DirtiesContextTestExecutionListener, org.springframework.test.context.transaction.TransactionalTestExecutionListener, org.springframework.test.context.jdbc.SqlScriptsTestExecutionListener, org.springframework.test.context.event.EventPublishingTestExecutionListener, org.springframework.boot.test.autoconfigure.restdocs.RestDocsTestExecutionListener, org.springframework.boot.test.autoconfigure.web.client.MockRestServiceServerResetTestExecutionListener, org.springframework.boot.test.autoconfigure.web.servlet.MockMvcPrintOnlyOnFailureTestExecutionListener, org.springframework.boot.test.autoconfigure.web.servlet.WebDriverTestExecutionListener, org.springframework.boot.test.mock.mockito.MockitoTestExecutionListener, org.springframework.boot.test.mock.mockito.ResetMocksTestExecutionListener]
2020-04-30 16:34:36.247  INFO 20076 --- [    Test worker] .b.t.c.SpringBootTestContextBootstrapper : Using TestExecutionListeners: [org.springframework.test.context.web.ServletTestExecutionListener@72934e6e, org.springframework.test.context.support.DirtiesContextBeforeModesTestExecutionListener@227ea4bd, org.springframework.boot.test.mock.mockito.MockitoTestExecutionListener@6618312, org.springframework.boot.test.autoconfigure.SpringBootDependencyInjectionTestExecutionListener@1fb56bbd, org.springframework.test.context.support.DirtiesContextTestExecutionListener@773db61b, org.springframework.test.context.transaction.TransactionalTestExecutionListener@20b1af0d, org.springframework.test.context.jdbc.SqlScriptsTestExecutionListener@2ac2d11a, org.springframework.test.context.event.EventPublishingTestExecutionListener@1e9eaf7c, org.springframework.boot.test.autoconfigure.restdocs.RestDocsTestExecutionListener@4894fda, org.springframework.boot.test.autoconfigure.web.client.MockRestServiceServerResetTestExecutionListener@296d5181, org.springframework.boot.test.autoconfigure.web.servlet.MockMvcPrintOnlyOnFailureTestExecutionListener@159b0fb7, org.springframework.boot.test.autoconfigure.web.servlet.WebDriverTestExecutionListener@7e95a737, org.springframework.boot.test.mock.mockito.ResetMocksTestExecutionListener@30acd0a0]
]]></system-out>
  <system-err><![CDATA[]]></system-err>
</testsuite>
