<?xml version="1.0" encoding="UTF-8"?>
<testsuite name="com.main.app.FoodbuddyApplicationTests" tests="1" skipped="0" failures="0" errors="0" timestamp="2020-02-26T00:53:14" hostname="coms-309-hv-3.cs.iastate.edu" time="0.278">
  <properties/>
  <testcase name="contextLoads()" classname="com.main.app.FoodbuddyApplicationTests" time="0.278"/>
  <system-out><![CDATA[18:53:08.013 [Test worker] DEBUG org.springframework.test.context.BootstrapUtils - Instantiating CacheAwareContextLoaderDelegate from class [org.springframework.test.context.cache.DefaultCacheAwareContextLoaderDelegate]
18:53:08.030 [Test worker] DEBUG org.springframework.test.context.BootstrapUtils - Instantiating BootstrapContext using constructor [public org.springframework.test.context.support.DefaultBootstrapContext(java.lang.Class,org.springframework.test.context.CacheAwareContextLoaderDelegate)]
18:53:08.065 [Test worker] DEBUG org.springframework.test.context.BootstrapUtils - Instantiating TestContextBootstrapper for test class [com.main.app.FoodbuddyApplicationTests] from class [org.springframework.boot.test.context.SpringBootTestContextBootstrapper]
18:53:08.086 [Test worker] INFO org.springframework.boot.test.context.SpringBootTestContextBootstrapper - Neither @ContextConfiguration nor @ContextHierarchy found for test class [com.main.app.FoodbuddyApplicationTests], using SpringBootContextLoader
18:53:08.091 [Test worker] DEBUG org.springframework.test.context.support.AbstractContextLoader - Did not detect default resource location for test class [com.main.app.FoodbuddyApplicationTests]: class path resource [com/main/app/FoodbuddyApplicationTests-context.xml] does not exist
18:53:08.092 [Test worker] DEBUG org.springframework.test.context.support.AbstractContextLoader - Did not detect default resource location for test class [com.main.app.FoodbuddyApplicationTests]: class path resource [com/main/app/FoodbuddyApplicationTestsContext.groovy] does not exist
18:53:08.093 [Test worker] INFO org.springframework.test.context.support.AbstractContextLoader - Could not detect default resource locations for test class [com.main.app.FoodbuddyApplicationTests]: no resource found for suffixes {-context.xml, Context.groovy}.
18:53:08.103 [Test worker] INFO org.springframework.test.context.support.AnnotationConfigContextLoaderUtils - Could not detect default configuration classes for test class [com.main.app.FoodbuddyApplicationTests]: FoodbuddyApplicationTests does not declare any static, non-private, non-final, nested classes annotated with @Configuration.
18:53:08.152 [Test worker] DEBUG org.springframework.test.context.support.ActiveProfilesUtils - Could not find an 'annotation declaring class' for annotation type [org.springframework.test.context.ActiveProfiles] and class [com.main.app.FoodbuddyApplicationTests]
18:53:08.215 [Test worker] DEBUG org.springframework.context.annotation.ClassPathScanningCandidateComponentProvider - Identified candidate component class: file [/home/maw1/hv_3/Backend/foodbuddy_mongo/build/classes/kotlin/main/com/main/app/FoodbuddyApplication.class]
18:53:08.217 [Test worker] INFO org.springframework.boot.test.context.SpringBootTestContextBootstrapper - Found @SpringBootConfiguration com.main.app.FoodbuddyApplication for test class com.main.app.FoodbuddyApplicationTests
18:53:08.358 [Test worker] DEBUG org.springframework.boot.test.context.SpringBootTestContextBootstrapper - @TestExecutionListeners is not present for class [com.main.app.FoodbuddyApplicationTests]: using defaults.
18:53:08.359 [Test worker] INFO org.springframework.boot.test.context.SpringBootTestContextBootstrapper - Loaded default TestExecutionListener class names from location [META-INF/spring.factories]: [org.springframework.boot.test.autoconfigure.restdocs.RestDocsTestExecutionListener, org.springframework.boot.test.autoconfigure.web.client.MockRestServiceServerResetTestExecutionListener, org.springframework.boot.test.autoconfigure.web.servlet.MockMvcPrintOnlyOnFailureTestExecutionListener, org.springframework.boot.test.autoconfigure.web.servlet.WebDriverTestExecutionListener, org.springframework.boot.test.mock.mockito.MockitoTestExecutionListener, org.springframework.boot.test.mock.mockito.ResetMocksTestExecutionListener, org.springframework.test.context.web.ServletTestExecutionListener, org.springframework.test.context.support.DirtiesContextBeforeModesTestExecutionListener, org.springframework.test.context.support.DependencyInjectionTestExecutionListener, org.springframework.test.context.support.DirtiesContextTestExecutionListener, org.springframework.test.context.transaction.TransactionalTestExecutionListener, org.springframework.test.context.jdbc.SqlScriptsTestExecutionListener, org.springframework.test.context.event.EventPublishingTestExecutionListener]
18:53:08.378 [Test worker] INFO org.springframework.boot.test.context.SpringBootTestContextBootstrapper - Using TestExecutionListeners: [org.springframework.test.context.web.ServletTestExecutionListener@78cd3dfa, org.springframework.test.context.support.DirtiesContextBeforeModesTestExecutionListener@53d32390, org.springframework.boot.test.mock.mockito.MockitoTestExecutionListener@47414cd4, org.springframework.boot.test.autoconfigure.SpringBootDependencyInjectionTestExecutionListener@60f911f, org.springframework.test.context.support.DirtiesContextTestExecutionListener@173c4ec9, org.springframework.test.context.transaction.TransactionalTestExecutionListener@5d39301d, org.springframework.test.context.jdbc.SqlScriptsTestExecutionListener@10d3f082, org.springframework.test.context.event.EventPublishingTestExecutionListener@6aae0cee, org.springframework.boot.test.autoconfigure.restdocs.RestDocsTestExecutionListener@1f914d74, org.springframework.boot.test.autoconfigure.web.client.MockRestServiceServerResetTestExecutionListener@bbc2f43, org.springframework.boot.test.autoconfigure.web.servlet.MockMvcPrintOnlyOnFailureTestExecutionListener@4e48956, org.springframework.boot.test.autoconfigure.web.servlet.WebDriverTestExecutionListener@1e372c58, org.springframework.boot.test.mock.mockito.ResetMocksTestExecutionListener@b582807]
18:53:08.383 [Test worker] DEBUG org.springframework.test.context.support.AbstractDirtiesContextTestExecutionListener - Before test class: context [DefaultTestContext@5728ddc3 testClass = FoodbuddyApplicationTests, testInstance = [null], testMethod = [null], testException = [null], mergedContextConfiguration = [WebMergedContextConfiguration@7bb90412 testClass = FoodbuddyApplicationTests, locations = '{}', classes = '{class com.main.app.FoodbuddyApplication}', contextInitializerClasses = '[]', activeProfiles = '{}', propertySourceLocations = '{}', propertySourceProperties = '{org.springframework.boot.test.context.SpringBootTestContextBootstrapper=true}', contextCustomizers = set[org.springframework.boot.test.autoconfigure.properties.PropertyMappingContextCustomizer@0, org.springframework.boot.test.autoconfigure.web.servlet.WebDriverContextCustomizerFactory$Customizer@51c31bb7, org.springframework.boot.test.context.filter.ExcludeFilterContextCustomizer@7ca14d19, org.springframework.boot.test.json.DuplicateJsonObjectContextCustomizerFactory$DuplicateJsonObjectContextCustomizer@3d169de3, org.springframework.boot.test.mock.mockito.MockitoContextCustomizer@0, org.springframework.boot.test.web.client.TestRestTemplateContextCustomizer@7336761a], resourceBasePath = 'src/main/webapp', contextLoader = 'org.springframework.boot.test.context.SpringBootContextLoader', parent = [null]], attributes = map['org.springframework.test.context.web.ServletTestExecutionListener.activateListener' -> true]], class annotated with @DirtiesContext [false] with mode [null].
18:53:08.431 [Test worker] DEBUG org.springframework.test.context.support.TestPropertySourceUtils - Adding inlined properties to environment: {spring.jmx.enabled=false, org.springframework.boot.test.context.SpringBootTestContextBootstrapper=true, server.port=-1}

  .   ____          _            __ _ _
 /\\ / ___'_ __ _ _(_)_ __  __ _ \ \ \ \
( ( )\___ | '_ | '_| | '_ \/ _` | \ \ \ \
 \\/  ___)| |_)| | | | | || (_| |  ) ) ) )
  '  |____| .__|_| |_|_| |_\__, | / / / /
 =========|_|==============|___/=/_/_/_/
 :: Spring Boot ::        (v2.2.4.RELEASE)

2020-02-25 18:53:08.801  INFO 19195 --- [    Test worker] com.main.app.FoodbuddyApplicationTests   : Starting FoodbuddyApplicationTests on coms-309-hv-3.cs.iastate.edu with PID 19195 (started by root in /home/maw1/hv_3/Backend/foodbuddy_mongo)
2020-02-25 18:53:08.803  INFO 19195 --- [    Test worker] com.main.app.FoodbuddyApplicationTests   : No active profile set, falling back to default profiles: default
2020-02-25 18:53:09.811  INFO 19195 --- [    Test worker] .s.d.r.c.RepositoryConfigurationDelegate : Multiple Spring Data modules found, entering strict repository configuration mode!
2020-02-25 18:53:09.812  INFO 19195 --- [    Test worker] .s.d.r.c.RepositoryConfigurationDelegate : Bootstrapping Spring Data JPA repositories in DEFAULT mode.
2020-02-25 18:53:09.863  INFO 19195 --- [    Test worker] .RepositoryConfigurationExtensionSupport : Spring Data JPA - Could not safely identify store assignment for repository candidate interface com.main.app.repository.DayRepository. If you want this repository to be a JPA repository, consider annotating your entities with one of these annotations: javax.persistence.Entity, javax.persistence.MappedSuperclass (preferred), or consider extending one of the following types with your repository: org.springframework.data.jpa.repository.JpaRepository.
2020-02-25 18:53:09.867  INFO 19195 --- [    Test worker] .RepositoryConfigurationExtensionSupport : Spring Data JPA - Could not safely identify store assignment for repository candidate interface com.main.app.repository.FoodRepository. If you want this repository to be a JPA repository, consider annotating your entities with one of these annotations: javax.persistence.Entity, javax.persistence.MappedSuperclass (preferred), or consider extending one of the following types with your repository: org.springframework.data.jpa.repository.JpaRepository.
2020-02-25 18:53:09.871  INFO 19195 --- [    Test worker] .RepositoryConfigurationExtensionSupport : Spring Data JPA - Could not safely identify store assignment for repository candidate interface com.main.app.repository.StatusRepository. If you want this repository to be a JPA repository, consider annotating your entities with one of these annotations: javax.persistence.Entity, javax.persistence.MappedSuperclass (preferred), or consider extending one of the following types with your repository: org.springframework.data.jpa.repository.JpaRepository.
2020-02-25 18:53:09.874  INFO 19195 --- [    Test worker] .RepositoryConfigurationExtensionSupport : Spring Data JPA - Could not safely identify store assignment for repository candidate interface com.main.app.repository.UserRepository. If you want this repository to be a JPA repository, consider annotating your entities with one of these annotations: javax.persistence.Entity, javax.persistence.MappedSuperclass (preferred), or consider extending one of the following types with your repository: org.springframework.data.jpa.repository.JpaRepository.
2020-02-25 18:53:09.875  INFO 19195 --- [    Test worker] .s.d.r.c.RepositoryConfigurationDelegate : Finished Spring Data repository scanning in 53ms. Found 0 JPA repository interfaces.
2020-02-25 18:53:09.906  INFO 19195 --- [    Test worker] .s.d.r.c.RepositoryConfigurationDelegate : Multiple Spring Data modules found, entering strict repository configuration mode!
2020-02-25 18:53:09.907  INFO 19195 --- [    Test worker] .s.d.r.c.RepositoryConfigurationDelegate : Bootstrapping Spring Data MongoDB repositories in DEFAULT mode.
2020-02-25 18:53:09.940  INFO 19195 --- [    Test worker] .s.d.r.c.RepositoryConfigurationDelegate : Finished Spring Data repository scanning in 33ms. Found 4 MongoDB repository interfaces.
2020-02-25 18:53:10.482  INFO 19195 --- [    Test worker] trationDelegate$BeanPostProcessorChecker : Bean 'org.springframework.transaction.annotation.ProxyTransactionManagementConfiguration' of type [org.springframework.transaction.annotation.ProxyTransactionManagementConfiguration] is not eligible for getting processed by all BeanPostProcessors (for example: not eligible for auto-proxying)
2020-02-25 18:53:10.704  INFO 19195 --- [    Test worker] com.zaxxer.hikari.HikariDataSource       : HikariPool-1 - Starting...
2020-02-25 18:53:10.913  INFO 19195 --- [    Test worker] com.zaxxer.hikari.HikariDataSource       : HikariPool-1 - Start completed.
2020-02-25 18:53:10.987  INFO 19195 --- [    Test worker] o.hibernate.jpa.internal.util.LogHelper  : HHH000204: Processing PersistenceUnitInfo [name: default]
2020-02-25 18:53:11.063  INFO 19195 --- [    Test worker] org.hibernate.Version                    : HHH000412: Hibernate Core {5.4.10.Final}
2020-02-25 18:53:11.248  INFO 19195 --- [    Test worker] o.hibernate.annotations.common.Version   : HCANN000001: Hibernate Commons Annotations {5.1.0.Final}
2020-02-25 18:53:11.394  INFO 19195 --- [    Test worker] org.hibernate.dialect.Dialect            : HHH000400: Using dialect: org.hibernate.dialect.H2Dialect
2020-02-25 18:53:11.665  INFO 19195 --- [    Test worker] o.h.e.t.j.p.i.JtaPlatformInitiator       : HHH000490: Using JtaPlatform implementation: [org.hibernate.engine.transaction.jta.platform.internal.NoJtaPlatform]
2020-02-25 18:53:11.672  INFO 19195 --- [    Test worker] j.LocalContainerEntityManagerFactoryBean : Initialized JPA EntityManagerFactory for persistence unit 'default'
2020-02-25 18:53:12.052  INFO 19195 --- [    Test worker] org.mongodb.driver.cluster               : Cluster created with settings {hosts=[coms-309-hv-3.cs.iastate.edu:27017], mode=MULTIPLE, requiredClusterType=UNKNOWN, serverSelectionTimeout='30000 ms', maxWaitQueueSize=500}
2020-02-25 18:53:12.052  INFO 19195 --- [    Test worker] org.mongodb.driver.cluster               : Adding discovered server coms-309-hv-3.cs.iastate.edu:27017 to client view of cluster
2020-02-25 18:53:12.126  INFO 19195 --- [state.edu:27017] org.mongodb.driver.connection            : Opened connection [connectionId{localValue:1, serverValue:153}] to coms-309-hv-3.cs.iastate.edu:27017
2020-02-25 18:53:12.138  INFO 19195 --- [state.edu:27017] org.mongodb.driver.cluster               : Monitor thread successfully connected to server with description ServerDescription{address=coms-309-hv-3.cs.iastate.edu:27017, type=STANDALONE, state=CONNECTED, ok=true, version=ServerVersion{versionList=[4, 2, 3]}, minWireVersion=0, maxWireVersion=8, maxDocumentSize=16777216, logicalSessionTimeoutMinutes=30, roundTripTimeNanos=8979007}
2020-02-25 18:53:12.140  INFO 19195 --- [state.edu:27017] org.mongodb.driver.cluster               : Discovered cluster type of STANDALONE
2020-02-25 18:53:13.172  WARN 19195 --- [    Test worker] JpaBaseConfiguration$JpaWebConfiguration : spring.jpa.open-in-view is enabled by default. Therefore, database queries may be performed during view rendering. Explicitly configure spring.jpa.open-in-view to disable this warning
2020-02-25 18:53:13.484  INFO 19195 --- [    Test worker] o.s.s.concurrent.ThreadPoolTaskExecutor  : Initializing ExecutorService 'applicationTaskExecutor'
2020-02-25 18:53:13.813  WARN 19195 --- [    Test worker] o.s.b.a.m.MustacheAutoConfiguration      : Cannot find template location: classpath:/templates/ (please add some templates, check your Mustache configuration, or set spring.mustache.check-template-location=false)
2020-02-25 18:53:14.004  INFO 19195 --- [    Test worker] com.main.app.FoodbuddyApplicationTests   : Started FoodbuddyApplicationTests in 5.558 seconds (JVM running for 7.065)
]]></system-out>
  <system-err><![CDATA[]]></system-err>
</testsuite>
