<?xml version="1.0" encoding="UTF-8"?>
<testsuite name="com.main.app.UserTests" tests="11" skipped="0" failures="0" errors="0" timestamp="2020-05-09T05:23:00" hostname="Maxs-MacBook-Pro.local" time="0.054">
  <properties/>
  <testcase name="testUserAddFood()" classname="com.main.app.UserTests" time="0.004"/>
  <testcase name="testUserGetFoods()" classname="com.main.app.UserTests" time="0.004"/>
  <testcase name="testUserChangePassword()" classname="com.main.app.UserTests" time="0.004"/>
  <testcase name="testUserAddFollowing()" classname="com.main.app.UserTests" time="0.005"/>
  <testcase name="testUserGetFollowing()" classname="com.main.app.UserTests" time="0.004"/>
  <testcase name="testUserGetFood()" classname="com.main.app.UserTests" time="0.005"/>
  <testcase name="testUserGetCalender()" classname="com.main.app.UserTests" time="0.004"/>
  <testcase name="testUserToBasicJson()" classname="com.main.app.UserTests" time="0.005"/>
  <testcase name="testUserSetExtras()" classname="com.main.app.UserTests" time="0.005"/>
  <testcase name="testUserCheckDate()" classname="com.main.app.UserTests" time="0.004"/>
  <testcase name="testUserToJson()" classname="com.main.app.UserTests" time="0.004"/>
  <system-out><![CDATA[2020-05-08 23:23:00.655  INFO 54301 --- [    Test worker] .b.t.c.SpringBootTestContextBootstrapper : Neither @ContextConfiguration nor @ContextHierarchy found for test class [com.main.app.UserTests], using SpringBootContextLoader
2020-05-08 23:23:00.657  INFO 54301 --- [    Test worker] o.s.t.c.support.AbstractContextLoader    : Could not detect default resource locations for test class [com.main.app.UserTests]: no resource found for suffixes {-context.xml, Context.groovy}.
2020-05-08 23:23:00.658  INFO 54301 --- [    Test worker] t.c.s.AnnotationConfigContextLoaderUtils : Could not detect default configuration classes for test class [com.main.app.UserTests]: UserTests does not declare any static, non-private, non-final, nested classes annotated with @Configuration.
2020-05-08 23:23:00.661  INFO 54301 --- [    Test worker] .b.t.c.SpringBootTestContextBootstrapper : Found @SpringBootConfiguration com.main.app.FoodbuddyApplication for test class com.main.app.UserTests
2020-05-08 23:23:00.664  INFO 54301 --- [    Test worker] .b.t.c.SpringBootTestContextBootstrapper : Loaded default TestExecutionListener class names from location [META-INF/spring.factories]: [org.springframework.test.context.web.ServletTestExecutionListener, org.springframework.test.context.support.DirtiesContextBeforeModesTestExecutionListener, org.springframework.test.context.support.DependencyInjectionTestExecutionListener, org.springframework.test.context.support.DirtiesContextTestExecutionListener, org.springframework.test.context.transaction.TransactionalTestExecutionListener, org.springframework.test.context.jdbc.SqlScriptsTestExecutionListener, org.springframework.test.context.event.EventPublishingTestExecutionListener, org.springframework.boot.test.autoconfigure.restdocs.RestDocsTestExecutionListener, org.springframework.boot.test.autoconfigure.web.client.MockRestServiceServerResetTestExecutionListener, org.springframework.boot.test.autoconfigure.web.servlet.MockMvcPrintOnlyOnFailureTestExecutionListener, org.springframework.boot.test.autoconfigure.web.servlet.WebDriverTestExecutionListener, org.springframework.boot.test.mock.mockito.MockitoTestExecutionListener, org.springframework.boot.test.mock.mockito.ResetMocksTestExecutionListener]
2020-05-08 23:23:00.664  INFO 54301 --- [    Test worker] .b.t.c.SpringBootTestContextBootstrapper : Using TestExecutionListeners: [org.springframework.test.context.web.ServletTestExecutionListener@168f2310, org.springframework.test.context.support.DirtiesContextBeforeModesTestExecutionListener@75fba27a, org.springframework.boot.test.mock.mockito.MockitoTestExecutionListener@7b4d201, org.springframework.boot.test.autoconfigure.SpringBootDependencyInjectionTestExecutionListener@4dd5d1d, org.springframework.test.context.support.DirtiesContextTestExecutionListener@6b257935, org.springframework.test.context.transaction.TransactionalTestExecutionListener@43e5fe59, org.springframework.test.context.jdbc.SqlScriptsTestExecutionListener@62e018fe, org.springframework.test.context.event.EventPublishingTestExecutionListener@cbb840a, org.springframework.boot.test.autoconfigure.restdocs.RestDocsTestExecutionListener@4c97a879, org.springframework.boot.test.autoconfigure.web.client.MockRestServiceServerResetTestExecutionListener@206c8084, org.springframework.boot.test.autoconfigure.web.servlet.MockMvcPrintOnlyOnFailureTestExecutionListener@42a95b9f, org.springframework.boot.test.autoconfigure.web.servlet.WebDriverTestExecutionListener@12621c14, org.springframework.boot.test.mock.mockito.ResetMocksTestExecutionListener@6347aa41]
]]></system-out>
  <system-err><![CDATA[]]></system-err>
</testsuite>
