<?xml version="1.0" encoding="UTF-8"?>
<testsuite name="com.main.app.FoodbuddyApplicationTests" tests="28" skipped="0" failures="0" errors="0" timestamp="2020-03-10T23:03:33" hostname="macbookmaw.student.iastate.edu" time="1.828">
  <properties/>
  <testcase name="TestFoodToJson()" classname="com.main.app.FoodbuddyApplicationTests" time="1.214"/>
  <testcase name="TestUserGetFood()" classname="com.main.app.FoodbuddyApplicationTests" time="0.145"/>
  <testcase name="testStatusGetId()" classname="com.main.app.FoodbuddyApplicationTests" time="0.062"/>
  <testcase name="TestFoodGetProtein()" classname="com.main.app.FoodbuddyApplicationTests" time="0.012"/>
  <testcase name="TestUserAddFollowing()" classname="com.main.app.FoodbuddyApplicationTests" time="0.012"/>
  <testcase name="TestDayFoodGetAmount()" classname="com.main.app.FoodbuddyApplicationTests" time="0.058"/>
  <testcase name="TestUserGetFollowing()" classname="com.main.app.FoodbuddyApplicationTests" time="0.012"/>
  <testcase name="TestUserChangePassword()" classname="com.main.app.FoodbuddyApplicationTests" time="0.01"/>
  <testcase name="TestUserSetExtras()" classname="com.main.app.FoodbuddyApplicationTests" time="0.009"/>
  <testcase name="TestDayGetFoods()" classname="com.main.app.FoodbuddyApplicationTests" time="0.069"/>
  <testcase name="TestUserCheckDate()" classname="com.main.app.FoodbuddyApplicationTests" time="0.009"/>
  <testcase name="TestFoodGetCholeserol()" classname="com.main.app.FoodbuddyApplicationTests" time="0.008"/>
  <testcase name="TestStatusToString()" classname="com.main.app.FoodbuddyApplicationTests" time="0.006"/>
  <testcase name="TestFoodGetCarbs()" classname="com.main.app.FoodbuddyApplicationTests" time="0.006"/>
  <testcase name="TestUserToJson()" classname="com.main.app.FoodbuddyApplicationTests" time="0.01"/>
  <testcase name="TestFoodGetName()" classname="com.main.app.FoodbuddyApplicationTests" time="0.007"/>
  <testcase name="TestDayAddFoods()" classname="com.main.app.FoodbuddyApplicationTests" time="0.014"/>
  <testcase name="TestUserGetCalender()" classname="com.main.app.FoodbuddyApplicationTests" time="0.007"/>
  <testcase name="TestUserToBasicJson()" classname="com.main.app.FoodbuddyApplicationTests" time="0.007"/>
  <testcase name="TestStatusCheckDate()" classname="com.main.app.FoodbuddyApplicationTests" time="0.005"/>
  <testcase name="TestDayFoodToJson()" classname="com.main.app.FoodbuddyApplicationTests" time="0.008"/>
  <testcase name="TestDayToJson()" classname="com.main.app.FoodbuddyApplicationTests" time="0.006"/>
  <testcase name="TestFoodGetCalories()" classname="com.main.app.FoodbuddyApplicationTests" time="0.006"/>
  <testcase name="TestDayFoodGetName()" classname="com.main.app.FoodbuddyApplicationTests" time="0.006"/>
  <testcase name="TestUserAddFood()" classname="com.main.app.FoodbuddyApplicationTests" time="0.007"/>
  <testcase name="TestUserGetFoods()" classname="com.main.app.FoodbuddyApplicationTests" time="0.011"/>
  <testcase name="TestFoodGetSodium()" classname="com.main.app.FoodbuddyApplicationTests" time="0.007"/>
  <testcase name="TestFoodGetFat()" classname="com.main.app.FoodbuddyApplicationTests" time="0.009"/>
  <system-out><![CDATA[18:03:23.806 [Test worker] DEBUG org.springframework.test.context.BootstrapUtils - Instantiating CacheAwareContextLoaderDelegate from class [org.springframework.test.context.cache.DefaultCacheAwareContextLoaderDelegate]
18:03:23.833 [Test worker] DEBUG org.springframework.test.context.BootstrapUtils - Instantiating BootstrapContext using constructor [public org.springframework.test.context.support.DefaultBootstrapContext(java.lang.Class,org.springframework.test.context.CacheAwareContextLoaderDelegate)]
18:03:23.996 [Test worker] DEBUG org.springframework.test.context.BootstrapUtils - Instantiating TestContextBootstrapper for test class [com.main.app.FoodbuddyApplicationTests] from class [org.springframework.boot.test.context.SpringBootTestContextBootstrapper]
18:03:24.072 [Test worker] INFO org.springframework.boot.test.context.SpringBootTestContextBootstrapper - Neither @ContextConfiguration nor @ContextHierarchy found for test class [com.main.app.FoodbuddyApplicationTests], using SpringBootContextLoader
18:03:24.082 [Test worker] DEBUG org.springframework.test.context.support.AbstractContextLoader - Did not detect default resource location for test class [com.main.app.FoodbuddyApplicationTests]: class path resource [com/main/app/FoodbuddyApplicationTests-context.xml] does not exist
18:03:24.084 [Test worker] DEBUG org.springframework.test.context.support.AbstractContextLoader - Did not detect default resource location for test class [com.main.app.FoodbuddyApplicationTests]: class path resource [com/main/app/FoodbuddyApplicationTestsContext.groovy] does not exist
18:03:24.085 [Test worker] INFO org.springframework.test.context.support.AbstractContextLoader - Could not detect default resource locations for test class [com.main.app.FoodbuddyApplicationTests]: no resource found for suffixes {-context.xml, Context.groovy}.
18:03:24.091 [Test worker] INFO org.springframework.test.context.support.AnnotationConfigContextLoaderUtils - Could not detect default configuration classes for test class [com.main.app.FoodbuddyApplicationTests]: FoodbuddyApplicationTests does not declare any static, non-private, non-final, nested classes annotated with @Configuration.
18:03:24.214 [Test worker] DEBUG org.springframework.test.context.support.ActiveProfilesUtils - Could not find an 'annotation declaring class' for annotation type [org.springframework.test.context.ActiveProfiles] and class [com.main.app.FoodbuddyApplicationTests]
18:03:24.427 [Test worker] DEBUG org.springframework.context.annotation.ClassPathScanningCandidateComponentProvider - Identified candidate component class: file [/Users/max/Dropbox/College/Year 3/COM S 309/hv_3/Backend/foodbuddy_mongo/build/classes/kotlin/main/com/main/app/FoodbuddyApplication.class]
18:03:24.429 [Test worker] INFO org.springframework.boot.test.context.SpringBootTestContextBootstrapper - Found @SpringBootConfiguration com.main.app.FoodbuddyApplication for test class com.main.app.FoodbuddyApplicationTests
18:03:24.612 [Test worker] DEBUG org.springframework.boot.test.context.SpringBootTestContextBootstrapper - @TestExecutionListeners is not present for class [com.main.app.FoodbuddyApplicationTests]: using defaults.
18:03:24.613 [Test worker] INFO org.springframework.boot.test.context.SpringBootTestContextBootstrapper - Loaded default TestExecutionListener class names from location [META-INF/spring.factories]: [org.springframework.boot.test.autoconfigure.restdocs.RestDocsTestExecutionListener, org.springframework.boot.test.autoconfigure.web.client.MockRestServiceServerResetTestExecutionListener, org.springframework.boot.test.autoconfigure.web.servlet.MockMvcPrintOnlyOnFailureTestExecutionListener, org.springframework.boot.test.autoconfigure.web.servlet.WebDriverTestExecutionListener, org.springframework.boot.test.mock.mockito.MockitoTestExecutionListener, org.springframework.boot.test.mock.mockito.ResetMocksTestExecutionListener, org.springframework.test.context.web.ServletTestExecutionListener, org.springframework.test.context.support.DirtiesContextBeforeModesTestExecutionListener, org.springframework.test.context.support.DependencyInjectionTestExecutionListener, org.springframework.test.context.support.DirtiesContextTestExecutionListener, org.springframework.test.context.transaction.TransactionalTestExecutionListener, org.springframework.test.context.jdbc.SqlScriptsTestExecutionListener, org.springframework.test.context.event.EventPublishingTestExecutionListener]
18:03:24.650 [Test worker] INFO org.springframework.boot.test.context.SpringBootTestContextBootstrapper - Using TestExecutionListeners: [org.springframework.test.context.web.ServletTestExecutionListener@10111b7f, org.springframework.test.context.support.DirtiesContextBeforeModesTestExecutionListener@223bd4ef, org.springframework.boot.test.mock.mockito.MockitoTestExecutionListener@14502d97, org.springframework.boot.test.autoconfigure.SpringBootDependencyInjectionTestExecutionListener@4da14bce, org.springframework.test.context.support.DirtiesContextTestExecutionListener@55f37be6, org.springframework.test.context.transaction.TransactionalTestExecutionListener@2913411b, org.springframework.test.context.jdbc.SqlScriptsTestExecutionListener@3cbaed3b, org.springframework.test.context.event.EventPublishingTestExecutionListener@7b823e59, org.springframework.boot.test.autoconfigure.restdocs.RestDocsTestExecutionListener@35605684, org.springframework.boot.test.autoconfigure.web.client.MockRestServiceServerResetTestExecutionListener@6c8c2aa, org.springframework.boot.test.autoconfigure.web.servlet.MockMvcPrintOnlyOnFailureTestExecutionListener@6d70247d, org.springframework.boot.test.autoconfigure.web.servlet.WebDriverTestExecutionListener@76aaf7c, org.springframework.boot.test.mock.mockito.ResetMocksTestExecutionListener@30090d63]
18:03:24.657 [Test worker] DEBUG org.springframework.test.context.support.AbstractDirtiesContextTestExecutionListener - Before test class: context [DefaultTestContext@6de029a7 testClass = FoodbuddyApplicationTests, testInstance = [null], testMethod = [null], testException = [null], mergedContextConfiguration = [WebMergedContextConfiguration@6d90cafb testClass = FoodbuddyApplicationTests, locations = '{}', classes = '{class com.main.app.FoodbuddyApplication}', contextInitializerClasses = '[]', activeProfiles = '{}', propertySourceLocations = '{}', propertySourceProperties = '{org.springframework.boot.test.context.SpringBootTestContextBootstrapper=true}', contextCustomizers = set[org.springframework.boot.test.autoconfigure.properties.PropertyMappingContextCustomizer@0, org.springframework.boot.test.autoconfigure.web.servlet.WebDriverContextCustomizerFactory$Customizer@6ee69739, org.springframework.boot.test.context.filter.ExcludeFilterContextCustomizer@7cc89f00, org.springframework.boot.test.json.DuplicateJsonObjectContextCustomizerFactory$DuplicateJsonObjectContextCustomizer@3aef9c11, org.springframework.boot.test.mock.mockito.MockitoContextCustomizer@0, org.springframework.boot.test.web.client.TestRestTemplateContextCustomizer@1c88f069], resourceBasePath = 'src/main/webapp', contextLoader = 'org.springframework.boot.test.context.SpringBootContextLoader', parent = [null]], attributes = map['org.springframework.test.context.web.ServletTestExecutionListener.activateListener' -> true]], class annotated with @DirtiesContext [false] with mode [null].
18:03:24.772 [Test worker] DEBUG org.springframework.test.context.support.TestPropertySourceUtils - Adding inlined properties to environment: {spring.jmx.enabled=false, org.springframework.boot.test.context.SpringBootTestContextBootstrapper=true, server.port=-1}

  .   ____          _            __ _ _
 /\\ / ___'_ __ _ _(_)_ __  __ _ \ \ \ \
( ( )\___ | '_ | '_| | '_ \/ _` | \ \ \ \
 \\/  ___)| |_)| | | | | || (_| |  ) ) ) )
  '  |____| .__|_| |_|_| |_\__, | / / / /
 =========|_|==============|___/=/_/_/_/
 :: Spring Boot ::        (v2.2.4.RELEASE)

2020-03-10 18:03:25.528  INFO 74938 --- [    Test worker] com.main.app.FoodbuddyApplicationTests   : Starting FoodbuddyApplicationTests on macbookmaw.student.iastate.edu with PID 74938 (started by max in /Users/max/Dropbox/College/Year 3/COM S 309/hv_3/Backend/foodbuddy_mongo)
2020-03-10 18:03:25.531  INFO 74938 --- [    Test worker] com.main.app.FoodbuddyApplicationTests   : No active profile set, falling back to default profiles: default
2020-03-10 18:03:27.602  INFO 74938 --- [    Test worker] .s.d.r.c.RepositoryConfigurationDelegate : Multiple Spring Data modules found, entering strict repository configuration mode!
2020-03-10 18:03:27.605  INFO 74938 --- [    Test worker] .s.d.r.c.RepositoryConfigurationDelegate : Bootstrapping Spring Data JPA repositories in DEFAULT mode.
2020-03-10 18:03:27.682  INFO 74938 --- [    Test worker] .RepositoryConfigurationExtensionSupport : Spring Data JPA - Could not safely identify store assignment for repository candidate interface com.main.app.repository.StatusRepository. If you want this repository to be a JPA repository, consider annotating your entities with one of these annotations: javax.persistence.Entity, javax.persistence.MappedSuperclass (preferred), or consider extending one of the following types with your repository: org.springframework.data.jpa.repository.JpaRepository.
2020-03-10 18:03:27.686  INFO 74938 --- [    Test worker] .RepositoryConfigurationExtensionSupport : Spring Data JPA - Could not safely identify store assignment for repository candidate interface com.main.app.repository.UserRepository. If you want this repository to be a JPA repository, consider annotating your entities with one of these annotations: javax.persistence.Entity, javax.persistence.MappedSuperclass (preferred), or consider extending one of the following types with your repository: org.springframework.data.jpa.repository.JpaRepository.
2020-03-10 18:03:27.687  INFO 74938 --- [    Test worker] .s.d.r.c.RepositoryConfigurationDelegate : Finished Spring Data repository scanning in 65ms. Found 0 JPA repository interfaces.
2020-03-10 18:03:27.733  INFO 74938 --- [    Test worker] .s.d.r.c.RepositoryConfigurationDelegate : Multiple Spring Data modules found, entering strict repository configuration mode!
2020-03-10 18:03:27.734  INFO 74938 --- [    Test worker] .s.d.r.c.RepositoryConfigurationDelegate : Bootstrapping Spring Data MongoDB repositories in DEFAULT mode.
2020-03-10 18:03:27.827  INFO 74938 --- [    Test worker] .s.d.r.c.RepositoryConfigurationDelegate : Finished Spring Data repository scanning in 92ms. Found 2 MongoDB repository interfaces.
2020-03-10 18:03:28.600  INFO 74938 --- [    Test worker] trationDelegate$BeanPostProcessorChecker : Bean 'org.springframework.transaction.annotation.ProxyTransactionManagementConfiguration' of type [org.springframework.transaction.annotation.ProxyTransactionManagementConfiguration] is not eligible for getting processed by all BeanPostProcessors (for example: not eligible for auto-proxying)
2020-03-10 18:03:28.922  INFO 74938 --- [    Test worker] com.zaxxer.hikari.HikariDataSource       : HikariPool-1 - Starting...
2020-03-10 18:03:29.330  INFO 74938 --- [    Test worker] com.zaxxer.hikari.HikariDataSource       : HikariPool-1 - Start completed.
2020-03-10 18:03:29.487  INFO 74938 --- [    Test worker] o.hibernate.jpa.internal.util.LogHelper  : HHH000204: Processing PersistenceUnitInfo [name: default]
2020-03-10 18:03:29.637  INFO 74938 --- [    Test worker] org.hibernate.Version                    : HHH000412: Hibernate Core {5.4.10.Final}
2020-03-10 18:03:29.930  INFO 74938 --- [    Test worker] o.hibernate.annotations.common.Version   : HCANN000001: Hibernate Commons Annotations {5.1.0.Final}
2020-03-10 18:03:30.204  INFO 74938 --- [    Test worker] org.hibernate.dialect.Dialect            : HHH000400: Using dialect: org.hibernate.dialect.H2Dialect
2020-03-10 18:03:30.691  INFO 74938 --- [    Test worker] o.h.e.t.j.p.i.JtaPlatformInitiator       : HHH000490: Using JtaPlatform implementation: [org.hibernate.engine.transaction.jta.platform.internal.NoJtaPlatform]
2020-03-10 18:03:30.703  INFO 74938 --- [    Test worker] j.LocalContainerEntityManagerFactoryBean : Initialized JPA EntityManagerFactory for persistence unit 'default'
2020-03-10 18:03:31.191  INFO 74938 --- [    Test worker] org.mongodb.driver.cluster               : Cluster created with settings {hosts=[coms-309-hv-3.cs.iastate.edu:27017], mode=MULTIPLE, requiredClusterType=UNKNOWN, serverSelectionTimeout='30000 ms', maxWaitQueueSize=500}
2020-03-10 18:03:31.192  INFO 74938 --- [    Test worker] org.mongodb.driver.cluster               : Adding discovered server coms-309-hv-3.cs.iastate.edu:27017 to client view of cluster
2020-03-10 18:03:32.307  INFO 74938 --- [state.edu:27017] org.mongodb.driver.connection            : Opened connection [connectionId{localValue:1, serverValue:641}] to coms-309-hv-3.cs.iastate.edu:27017
2020-03-10 18:03:32.316  INFO 74938 --- [state.edu:27017] org.mongodb.driver.cluster               : Monitor thread successfully connected to server with description ServerDescription{address=coms-309-hv-3.cs.iastate.edu:27017, type=STANDALONE, state=CONNECTED, ok=true, version=ServerVersion{versionList=[4, 2, 3]}, minWireVersion=0, maxWireVersion=8, maxDocumentSize=16777216, logicalSessionTimeoutMinutes=30, roundTripTimeNanos=5888576}
2020-03-10 18:03:32.318  INFO 74938 --- [state.edu:27017] org.mongodb.driver.cluster               : Discovered cluster type of STANDALONE
2020-03-10 18:03:32.639  WARN 74938 --- [    Test worker] JpaBaseConfiguration$JpaWebConfiguration : spring.jpa.open-in-view is enabled by default. Therefore, database queries may be performed during view rendering. Explicitly configure spring.jpa.open-in-view to disable this warning
2020-03-10 18:03:33.059  INFO 74938 --- [    Test worker] o.s.s.concurrent.ThreadPoolTaskExecutor  : Initializing ExecutorService 'applicationTaskExecutor'
2020-03-10 18:03:33.508  WARN 74938 --- [    Test worker] o.s.b.a.m.MustacheAutoConfiguration      : Cannot find template location: classpath:/templates/ (please add some templates, check your Mustache configuration, or set spring.mustache.check-template-location=false)
2020-03-10 18:03:33.885  INFO 74938 --- [    Test worker] com.main.app.FoodbuddyApplicationTests   : Started FoodbuddyApplicationTests in 9.08 seconds (JVM running for 11.751)
]]></system-out>
  <system-err><![CDATA[]]></system-err>
</testsuite>
