<?xml version="1.0" encoding="UTF-8"?>
<testsuite name="com.main.app.UserTests" tests="11" skipped="0" failures="0" errors="0" timestamp="2020-05-09T01:17:05" hostname="DESKTOP" time="0.038">
  <properties/>
  <testcase name="testUserAddFood()" classname="com.main.app.UserTests" time="0.003"/>
  <testcase name="testUserGetFoods()" classname="com.main.app.UserTests" time="0.002"/>
  <testcase name="testUserChangePassword()" classname="com.main.app.UserTests" time="0.001"/>
  <testcase name="testUserAddFollowing()" classname="com.main.app.UserTests" time="0.006"/>
  <testcase name="testUserGetFollowing()" classname="com.main.app.UserTests" time="0.002"/>
  <testcase name="testUserGetFood()" classname="com.main.app.UserTests" time="0.002"/>
  <testcase name="testUserGetCalender()" classname="com.main.app.UserTests" time="0.002"/>
  <testcase name="testUserToBasicJson()" classname="com.main.app.UserTests" time="0.003"/>
  <testcase name="testUserSetExtras()" classname="com.main.app.UserTests" time="0.003"/>
  <testcase name="testUserCheckDate()" classname="com.main.app.UserTests" time="0.002"/>
  <testcase name="testUserToJson()" classname="com.main.app.UserTests" time="0.008"/>
  <system-out><![CDATA[2020-05-08 19:17:05.593  INFO 54616 --- [    Test worker] .b.t.c.SpringBootTestContextBootstrapper : Neither @ContextConfiguration nor @ContextHierarchy found for test class [com.main.app.UserTests], using SpringBootContextLoader
2020-05-08 19:17:05.594  INFO 54616 --- [    Test worker] o.s.t.c.support.AbstractContextLoader    : Could not detect default resource locations for test class [com.main.app.UserTests]: no resource found for suffixes {-context.xml, Context.groovy}.
2020-05-08 19:17:05.595  INFO 54616 --- [    Test worker] t.c.s.AnnotationConfigContextLoaderUtils : Could not detect default configuration classes for test class [com.main.app.UserTests]: UserTests does not declare any static, non-private, non-final, nested classes annotated with @Configuration.
2020-05-08 19:17:05.597  INFO 54616 --- [    Test worker] .b.t.c.SpringBootTestContextBootstrapper : Found @SpringBootConfiguration com.main.app.FoodbuddyApplication for test class com.main.app.UserTests
2020-05-08 19:17:05.598  INFO 54616 --- [    Test worker] .b.t.c.SpringBootTestContextBootstrapper : Loaded default TestExecutionListener class names from location [META-INF/spring.factories]: [org.springframework.test.context.web.ServletTestExecutionListener, org.springframework.test.context.support.DirtiesContextBeforeModesTestExecutionListener, org.springframework.test.context.support.DependencyInjectionTestExecutionListener, org.springframework.test.context.support.DirtiesContextTestExecutionListener, org.springframework.test.context.transaction.TransactionalTestExecutionListener, org.springframework.test.context.jdbc.SqlScriptsTestExecutionListener, org.springframework.test.context.event.EventPublishingTestExecutionListener, org.springframework.boot.test.autoconfigure.restdocs.RestDocsTestExecutionListener, org.springframework.boot.test.autoconfigure.web.client.MockRestServiceServerResetTestExecutionListener, org.springframework.boot.test.autoconfigure.web.servlet.MockMvcPrintOnlyOnFailureTestExecutionListener, org.springframework.boot.test.autoconfigure.web.servlet.WebDriverTestExecutionListener, org.springframework.boot.test.mock.mockito.MockitoTestExecutionListener, org.springframework.boot.test.mock.mockito.ResetMocksTestExecutionListener]
2020-05-08 19:17:05.598  INFO 54616 --- [    Test worker] .b.t.c.SpringBootTestContextBootstrapper : Using TestExecutionListeners: [org.springframework.test.context.web.ServletTestExecutionListener@752da696, org.springframework.test.context.support.DirtiesContextBeforeModesTestExecutionListener@3cc74cca, org.springframework.boot.test.mock.mockito.MockitoTestExecutionListener@2a0746f8, org.springframework.boot.test.autoconfigure.SpringBootDependencyInjectionTestExecutionListener@b094657, org.springframework.test.context.support.DirtiesContextTestExecutionListener@138858b6, org.springframework.test.context.transaction.TransactionalTestExecutionListener@15afe711, org.springframework.test.context.jdbc.SqlScriptsTestExecutionListener@58f43da, org.springframework.test.context.event.EventPublishingTestExecutionListener@447596c2, org.springframework.boot.test.autoconfigure.restdocs.RestDocsTestExecutionListener@15693b12, org.springframework.boot.test.autoconfigure.web.client.MockRestServiceServerResetTestExecutionListener@7f14c1c1, org.springframework.boot.test.autoconfigure.web.servlet.MockMvcPrintOnlyOnFailureTestExecutionListener@7adc6a, org.springframework.boot.test.autoconfigure.web.servlet.WebDriverTestExecutionListener@68519921, org.springframework.boot.test.mock.mockito.ResetMocksTestExecutionListener@34bc9e92]
]]></system-out>
  <system-err><![CDATA[]]></system-err>
</testsuite>
