<?xml version="1.0" encoding="UTF-8"?>
<testsuite name="com.main.app.UserTests" tests="11" skipped="0" failures="0" errors="0" timestamp="2020-05-09T05:53:34" hostname="DESKTOP" time="0.023">
  <properties/>
  <testcase name="testUserAddFood()" classname="com.main.app.UserTests" time="0.003"/>
  <testcase name="testUserGetFoods()" classname="com.main.app.UserTests" time="0.002"/>
  <testcase name="testUserChangePassword()" classname="com.main.app.UserTests" time="0.002"/>
  <testcase name="testUserAddFollowing()" classname="com.main.app.UserTests" time="0.002"/>
  <testcase name="testUserGetFollowing()" classname="com.main.app.UserTests" time="0.002"/>
  <testcase name="testUserGetFood()" classname="com.main.app.UserTests" time="0.002"/>
  <testcase name="testUserGetCalender()" classname="com.main.app.UserTests" time="0.002"/>
  <testcase name="testUserToBasicJson()" classname="com.main.app.UserTests" time="0.002"/>
  <testcase name="testUserSetExtras()" classname="com.main.app.UserTests" time="0.002"/>
  <testcase name="testUserCheckDate()" classname="com.main.app.UserTests" time="0.002"/>
  <testcase name="testUserToJson()" classname="com.main.app.UserTests" time="0.002"/>
  <system-out><![CDATA[2020-05-08 23:53:34.947  INFO 46716 --- [    Test worker] .b.t.c.SpringBootTestContextBootstrapper : Neither @ContextConfiguration nor @ContextHierarchy found for test class [com.main.app.UserTests], using SpringBootContextLoader
2020-05-08 23:53:34.948  INFO 46716 --- [    Test worker] o.s.t.c.support.AbstractContextLoader    : Could not detect default resource locations for test class [com.main.app.UserTests]: no resource found for suffixes {-context.xml, Context.groovy}.
2020-05-08 23:53:34.948  INFO 46716 --- [    Test worker] t.c.s.AnnotationConfigContextLoaderUtils : Could not detect default configuration classes for test class [com.main.app.UserTests]: UserTests does not declare any static, non-private, non-final, nested classes annotated with @Configuration.
2020-05-08 23:53:34.950  INFO 46716 --- [    Test worker] .b.t.c.SpringBootTestContextBootstrapper : Found @SpringBootConfiguration com.main.app.FoodbuddyApplication for test class com.main.app.UserTests
2020-05-08 23:53:34.951  INFO 46716 --- [    Test worker] .b.t.c.SpringBootTestContextBootstrapper : Loaded default TestExecutionListener class names from location [META-INF/spring.factories]: [org.springframework.test.context.web.ServletTestExecutionListener, org.springframework.test.context.support.DirtiesContextBeforeModesTestExecutionListener, org.springframework.test.context.support.DependencyInjectionTestExecutionListener, org.springframework.test.context.support.DirtiesContextTestExecutionListener, org.springframework.test.context.transaction.TransactionalTestExecutionListener, org.springframework.test.context.jdbc.SqlScriptsTestExecutionListener, org.springframework.test.context.event.EventPublishingTestExecutionListener, org.springframework.boot.test.autoconfigure.restdocs.RestDocsTestExecutionListener, org.springframework.boot.test.autoconfigure.web.client.MockRestServiceServerResetTestExecutionListener, org.springframework.boot.test.autoconfigure.web.servlet.MockMvcPrintOnlyOnFailureTestExecutionListener, org.springframework.boot.test.autoconfigure.web.servlet.WebDriverTestExecutionListener, org.springframework.boot.test.mock.mockito.MockitoTestExecutionListener, org.springframework.boot.test.mock.mockito.ResetMocksTestExecutionListener]
2020-05-08 23:53:34.952  INFO 46716 --- [    Test worker] .b.t.c.SpringBootTestContextBootstrapper : Using TestExecutionListeners: [org.springframework.test.context.web.ServletTestExecutionListener@7213760, org.springframework.test.context.support.DirtiesContextBeforeModesTestExecutionListener@59d1a954, org.springframework.boot.test.mock.mockito.MockitoTestExecutionListener@58bec70a, org.springframework.boot.test.autoconfigure.SpringBootDependencyInjectionTestExecutionListener@1249e019, org.springframework.test.context.support.DirtiesContextTestExecutionListener@1cdd5f07, org.springframework.test.context.transaction.TransactionalTestExecutionListener@4812dec1, org.springframework.test.context.jdbc.SqlScriptsTestExecutionListener@66bad65e, org.springframework.test.context.event.EventPublishingTestExecutionListener@3b2eabb8, org.springframework.boot.test.autoconfigure.restdocs.RestDocsTestExecutionListener@4d7deebd, org.springframework.boot.test.autoconfigure.web.client.MockRestServiceServerResetTestExecutionListener@13c7d505, org.springframework.boot.test.autoconfigure.web.servlet.MockMvcPrintOnlyOnFailureTestExecutionListener@23fff905, org.springframework.boot.test.autoconfigure.web.servlet.WebDriverTestExecutionListener@6dc2e5a9, org.springframework.boot.test.mock.mockito.ResetMocksTestExecutionListener@4f68e6aa]
]]></system-out>
  <system-err><![CDATA[]]></system-err>
</testsuite>
