<?xml version="1.0" encoding="UTF-8"?>
<testsuite name="com.main.app.DayTests" tests="6" skipped="0" failures="0" errors="0" timestamp="2020-05-09T01:16:53" hostname="DESKTOP" time="1.072">
  <properties/>
  <testcase name="testDayFoodGetAmount()" classname="com.main.app.DayTests" time="0.981"/>
  <testcase name="testDayFoodGetName()" classname="com.main.app.DayTests" time="0.01"/>
  <testcase name="testDayToJson()" classname="com.main.app.DayTests" time="0.046"/>
  <testcase name="testDayGetFoods()" classname="com.main.app.DayTests" time="0.007"/>
  <testcase name="testDayFoodToJson()" classname="com.main.app.DayTests" time="0.007"/>
  <testcase name="testDayAddFoods()" classname="com.main.app.DayTests" time="0.01"/>
  <system-out><![CDATA[19:16:42.035 [Test worker] DEBUG org.springframework.test.context.BootstrapUtils - Instantiating CacheAwareContextLoaderDelegate from class [org.springframework.test.context.cache.DefaultCacheAwareContextLoaderDelegate]
19:16:42.053 [Test worker] DEBUG org.springframework.test.context.BootstrapUtils - Instantiating BootstrapContext using constructor [public org.springframework.test.context.support.DefaultBootstrapContext(java.lang.Class,org.springframework.test.context.CacheAwareContextLoaderDelegate)]
19:16:42.093 [Test worker] DEBUG org.springframework.test.context.BootstrapUtils - Instantiating TestContextBootstrapper for test class [com.main.app.DayTests] from class [org.springframework.boot.test.context.SpringBootTestContextBootstrapper]
19:16:42.116 [Test worker] INFO org.springframework.boot.test.context.SpringBootTestContextBootstrapper - Neither @ContextConfiguration nor @ContextHierarchy found for test class [com.main.app.DayTests], using SpringBootContextLoader
19:16:42.121 [Test worker] DEBUG org.springframework.test.context.support.AbstractContextLoader - Did not detect default resource location for test class [com.main.app.DayTests]: class path resource [com/main/app/DayTests-context.xml] does not exist
19:16:42.122 [Test worker] DEBUG org.springframework.test.context.support.AbstractContextLoader - Did not detect default resource location for test class [com.main.app.DayTests]: class path resource [com/main/app/DayTestsContext.groovy] does not exist
19:16:42.122 [Test worker] INFO org.springframework.test.context.support.AbstractContextLoader - Could not detect default resource locations for test class [com.main.app.DayTests]: no resource found for suffixes {-context.xml, Context.groovy}.
19:16:42.123 [Test worker] INFO org.springframework.test.context.support.AnnotationConfigContextLoaderUtils - Could not detect default configuration classes for test class [com.main.app.DayTests]: DayTests does not declare any static, non-private, non-final, nested classes annotated with @Configuration.
19:16:42.174 [Test worker] DEBUG org.springframework.test.context.support.ActiveProfilesUtils - Could not find an 'annotation declaring class' for annotation type [org.springframework.test.context.ActiveProfiles] and class [com.main.app.DayTests]
19:16:42.259 [Test worker] DEBUG org.springframework.context.annotation.ClassPathScanningCandidateComponentProvider - Identified candidate component class: file [C:\Users\Amish Cyborg\Documents\FoodBuddy\Backend\foodbuddy_mongo\build\classes\kotlin\main\com\main\app\FoodbuddyApplication.class]
19:16:42.266 [Test worker] INFO org.springframework.boot.test.context.SpringBootTestContextBootstrapper - Found @SpringBootConfiguration com.main.app.FoodbuddyApplication for test class com.main.app.DayTests
19:16:42.389 [Test worker] DEBUG org.springframework.boot.test.context.SpringBootTestContextBootstrapper - @TestExecutionListeners is not present for class [com.main.app.DayTests]: using defaults.
19:16:42.389 [Test worker] INFO org.springframework.boot.test.context.SpringBootTestContextBootstrapper - Loaded default TestExecutionListener class names from location [META-INF/spring.factories]: [org.springframework.test.context.web.ServletTestExecutionListener, org.springframework.test.context.support.DirtiesContextBeforeModesTestExecutionListener, org.springframework.test.context.support.DependencyInjectionTestExecutionListener, org.springframework.test.context.support.DirtiesContextTestExecutionListener, org.springframework.test.context.transaction.TransactionalTestExecutionListener, org.springframework.test.context.jdbc.SqlScriptsTestExecutionListener, org.springframework.test.context.event.EventPublishingTestExecutionListener, org.springframework.boot.test.autoconfigure.restdocs.RestDocsTestExecutionListener, org.springframework.boot.test.autoconfigure.web.client.MockRestServiceServerResetTestExecutionListener, org.springframework.boot.test.autoconfigure.web.servlet.MockMvcPrintOnlyOnFailureTestExecutionListener, org.springframework.boot.test.autoconfigure.web.servlet.WebDriverTestExecutionListener, org.springframework.boot.test.mock.mockito.MockitoTestExecutionListener, org.springframework.boot.test.mock.mockito.ResetMocksTestExecutionListener]
19:16:42.411 [Test worker] INFO org.springframework.boot.test.context.SpringBootTestContextBootstrapper - Using TestExecutionListeners: [org.springframework.test.context.web.ServletTestExecutionListener@2f62e501, org.springframework.test.context.support.DirtiesContextBeforeModesTestExecutionListener@24ae22aa, org.springframework.boot.test.mock.mockito.MockitoTestExecutionListener@654a0656, org.springframework.boot.test.autoconfigure.SpringBootDependencyInjectionTestExecutionListener@4d5d0d60, org.springframework.test.context.support.DirtiesContextTestExecutionListener@75afa327, org.springframework.test.context.transaction.TransactionalTestExecutionListener@2041744a, org.springframework.test.context.jdbc.SqlScriptsTestExecutionListener@158caea2, org.springframework.test.context.event.EventPublishingTestExecutionListener@301f977e, org.springframework.boot.test.autoconfigure.restdocs.RestDocsTestExecutionListener@3821acc1, org.springframework.boot.test.autoconfigure.web.client.MockRestServiceServerResetTestExecutionListener@13696cab, org.springframework.boot.test.autoconfigure.web.servlet.MockMvcPrintOnlyOnFailureTestExecutionListener@63e039da, org.springframework.boot.test.autoconfigure.web.servlet.WebDriverTestExecutionListener@2f08e6bf, org.springframework.boot.test.mock.mockito.ResetMocksTestExecutionListener@1a7a103b]
19:16:42.419 [Test worker] DEBUG org.springframework.test.context.support.DependencyInjectionTestExecutionListener - Performing dependency injection for test context [[DefaultTestContext@6b23cfe6 testClass = DayTests, testInstance = com.main.app.DayTests@3f3b8bed, testMethod = [null], testException = [null], mergedContextConfiguration = [WebMergedContextConfiguration@4c89a519 testClass = DayTests, locations = '{}', classes = '{class com.main.app.FoodbuddyApplication}', contextInitializerClasses = '[]', activeProfiles = '{}', propertySourceLocations = '{}', propertySourceProperties = '{org.springframework.boot.test.context.SpringBootTestContextBootstrapper=true, server.port=0}', contextCustomizers = set[org.springframework.boot.test.autoconfigure.properties.PropertyMappingContextCustomizer@0, org.springframework.boot.test.autoconfigure.web.servlet.WebDriverContextCustomizerFactory$Customizer@70cf8724, org.springframework.boot.test.context.filter.ExcludeFilterContextCustomizer@2e8b8d97, org.springframework.boot.test.json.DuplicateJsonObjectContextCustomizerFactory$DuplicateJsonObjectContextCustomizer@270c754, org.springframework.boot.test.mock.mockito.MockitoContextCustomizer@0, org.springframework.boot.test.web.client.TestRestTemplateContextCustomizer@15e79e2f], resourceBasePath = 'src/main/webapp', contextLoader = 'org.springframework.boot.test.context.SpringBootContextLoader', parent = [null]], attributes = map['org.springframework.test.context.web.ServletTestExecutionListener.activateListener' -> false]]].
19:16:42.448 [Test worker] DEBUG org.springframework.test.context.support.TestPropertySourceUtils - Adding inlined properties to environment: {spring.jmx.enabled=false, org.springframework.boot.test.context.SpringBootTestContextBootstrapper=true, server.port=0}

  .   ____          _            __ _ _
 /\\ / ___'_ __ _ _(_)_ __  __ _ \ \ \ \
( ( )\___ | '_ | '_| | '_ \/ _` | \ \ \ \
 \\/  ___)| |_)| | | | | || (_| |  ) ) ) )
  '  |____| .__|_| |_|_| |_\__, | / / / /
 =========|_|==============|___/=/_/_/_/
 :: Spring Boot ::        (v2.2.6.RELEASE)

2020-05-08 19:16:42.809  INFO 54616 --- [    Test worker] com.main.app.DayTests                    : Starting DayTests on Desktop with PID 54616 (started by Amish Cyborg in C:\Users\Amish Cyborg\Documents\FoodBuddy\Backend\foodbuddy_mongo)
2020-05-08 19:16:42.811  INFO 54616 --- [    Test worker] com.main.app.DayTests                    : No active profile set, falling back to default profiles: default
2020-05-08 19:16:44.050  INFO 54616 --- [    Test worker] .s.d.r.c.RepositoryConfigurationDelegate : Multiple Spring Data modules found, entering strict repository configuration mode!
2020-05-08 19:16:44.053  INFO 54616 --- [    Test worker] .s.d.r.c.RepositoryConfigurationDelegate : Bootstrapping Spring Data JPA repositories in DEFAULT mode.
2020-05-08 19:16:44.115  INFO 54616 --- [    Test worker] .RepositoryConfigurationExtensionSupport : Spring Data JPA - Could not safely identify store assignment for repository candidate interface com.main.app.repository.MessageRepository. If you want this repository to be a JPA repository, consider annotating your entities with one of these annotations: javax.persistence.Entity, javax.persistence.MappedSuperclass (preferred), or consider extending one of the following types with your repository: org.springframework.data.jpa.repository.JpaRepository.
2020-05-08 19:16:44.119  INFO 54616 --- [    Test worker] .RepositoryConfigurationExtensionSupport : Spring Data JPA - Could not safely identify store assignment for repository candidate interface com.main.app.repository.UserRepository. If you want this repository to be a JPA repository, consider annotating your entities with one of these annotations: javax.persistence.Entity, javax.persistence.MappedSuperclass (preferred), or consider extending one of the following types with your repository: org.springframework.data.jpa.repository.JpaRepository.
2020-05-08 19:16:44.120  INFO 54616 --- [    Test worker] .s.d.r.c.RepositoryConfigurationDelegate : Finished Spring Data repository scanning in 55ms. Found 0 JPA repository interfaces.
2020-05-08 19:16:44.154  INFO 54616 --- [    Test worker] .s.d.r.c.RepositoryConfigurationDelegate : Multiple Spring Data modules found, entering strict repository configuration mode!
2020-05-08 19:16:44.155  INFO 54616 --- [    Test worker] .s.d.r.c.RepositoryConfigurationDelegate : Bootstrapping Spring Data MongoDB repositories in DEFAULT mode.
2020-05-08 19:16:44.198  INFO 54616 --- [    Test worker] .s.d.r.c.RepositoryConfigurationDelegate : Finished Spring Data repository scanning in 42ms. Found 2 MongoDB repository interfaces.
2020-05-08 19:16:45.272  INFO 54616 --- [    Test worker] o.s.b.w.embedded.tomcat.TomcatWebServer  : Tomcat initialized with port(s): 0 (http)
2020-05-08 19:16:45.289  INFO 54616 --- [    Test worker] o.apache.catalina.core.StandardService   : Starting service [Tomcat]
2020-05-08 19:16:45.289  INFO 54616 --- [    Test worker] org.apache.catalina.core.StandardEngine  : Starting Servlet engine: [Apache Tomcat/9.0.33]
2020-05-08 19:16:45.486  INFO 54616 --- [    Test worker] o.a.c.c.C.[Tomcat].[localhost].[/]       : Initializing Spring embedded WebApplicationContext
2020-05-08 19:16:45.486  INFO 54616 --- [    Test worker] o.s.web.context.ContextLoader            : Root WebApplicationContext: initialization completed in 2644 ms
2020-05-08 19:16:45.780  INFO 54616 --- [    Test worker] com.zaxxer.hikari.HikariDataSource       : HikariPool-1 - Starting...
2020-05-08 19:16:46.016  INFO 54616 --- [    Test worker] com.zaxxer.hikari.HikariDataSource       : HikariPool-1 - Start completed.
2020-05-08 19:16:46.121  INFO 54616 --- [    Test worker] o.hibernate.jpa.internal.util.LogHelper  : HHH000204: Processing PersistenceUnitInfo [name: default]
2020-05-08 19:16:46.262  INFO 54616 --- [    Test worker] org.hibernate.Version                    : HHH000412: Hibernate ORM core version 5.4.12.Final
2020-05-08 19:16:46.479  INFO 54616 --- [    Test worker] o.hibernate.annotations.common.Version   : HCANN000001: Hibernate Commons Annotations {5.1.0.Final}
2020-05-08 19:16:46.664  INFO 54616 --- [    Test worker] org.hibernate.dialect.Dialect            : HHH000400: Using dialect: org.hibernate.dialect.H2Dialect
2020-05-08 19:16:47.000  INFO 54616 --- [    Test worker] o.h.e.t.j.p.i.JtaPlatformInitiator       : HHH000490: Using JtaPlatform implementation: [org.hibernate.engine.transaction.jta.platform.internal.NoJtaPlatform]
2020-05-08 19:16:47.010  INFO 54616 --- [    Test worker] j.LocalContainerEntityManagerFactoryBean : Initialized JPA EntityManagerFactory for persistence unit 'default'
2020-05-08 19:16:50.445  INFO 54616 --- [    Test worker] org.mongodb.driver.cluster               : Cluster created with settings {hosts=[127.0.0.1:27017], srvHost=main-xz1r5.mongodb.net, mode=MULTIPLE, requiredClusterType=REPLICA_SET, serverSelectionTimeout='30000 ms', maxWaitQueueSize=500, requiredReplicaSetName='main-shard-0'}
2020-05-08 19:16:51.762  WARN 54616 --- [    Test worker] JpaBaseConfiguration$JpaWebConfiguration : spring.jpa.open-in-view is enabled by default. Therefore, database queries may be performed during view rendering. Explicitly configure spring.jpa.open-in-view to disable this warning
2020-05-08 19:16:52.252  INFO 54616 --- [    Test worker] pertySourcedRequestMappingHandlerMapping : Mapped URL path [/v2/api-docs] onto method [springfox.documentation.swagger2.web.Swagger2Controller#getDocumentation(String, HttpServletRequest)]
2020-05-08 19:16:52.707  INFO 54616 --- [    Test worker] o.s.s.concurrent.ThreadPoolTaskExecutor  : Initializing ExecutorService 'applicationTaskExecutor'
2020-05-08 19:16:53.046  WARN 54616 --- [    Test worker] o.s.b.a.m.MustacheAutoConfiguration      : Cannot find template location: classpath:/templates/ (please add some templates, check your Mustache configuration, or set spring.mustache.check-template-location=false)
2020-05-08 19:16:53.401  INFO 54616 --- [    Test worker] d.s.w.p.DocumentationPluginsBootstrapper : Context refreshed
2020-05-08 19:16:53.438  INFO 54616 --- [    Test worker] d.s.w.p.DocumentationPluginsBootstrapper : Found 1 custom documentation plugin(s)
2020-05-08 19:16:53.481  INFO 54616 --- [    Test worker] s.d.s.w.s.ApiListingReferenceScanner     : Scanning for api listing references
2020-05-08 19:16:53.517  INFO 54616 --- [1r5.mongodb.net] org.mongodb.driver.cluster               : Adding discovered server main-shard-00-00-xz1r5.mongodb.net:27017 to client view of cluster
2020-05-08 19:16:53.570  INFO 54616 --- [1r5.mongodb.net] org.mongodb.driver.cluster               : Adding discovered server main-shard-00-01-xz1r5.mongodb.net:27017 to client view of cluster
2020-05-08 19:16:53.571  INFO 54616 --- [1r5.mongodb.net] org.mongodb.driver.cluster               : Adding discovered server main-shard-00-02-xz1r5.mongodb.net:27017 to client view of cluster
2020-05-08 19:16:53.946  INFO 54616 --- [    Test worker] o.s.b.w.embedded.tomcat.TomcatWebServer  : Tomcat started on port(s): 53548 (http) with context path ''
2020-05-08 19:16:53.949  INFO 54616 --- [    Test worker] com.main.app.DayTests                    : Started DayTests in 11.497 seconds (JVM running for 13.445)
2020-05-08 19:16:54.149  INFO 54616 --- [ngodb.net:27017] org.mongodb.driver.connection            : Opened connection [connectionId{localValue:2, serverValue:19240}] to main-shard-00-00-xz1r5.mongodb.net:27017
2020-05-08 19:16:54.149  INFO 54616 --- [ngodb.net:27017] org.mongodb.driver.connection            : Opened connection [connectionId{localValue:1, serverValue:17647}] to main-shard-00-02-xz1r5.mongodb.net:27017
2020-05-08 19:16:54.149  INFO 54616 --- [ngodb.net:27017] org.mongodb.driver.connection            : Opened connection [connectionId{localValue:3, serverValue:23318}] to main-shard-00-01-xz1r5.mongodb.net:27017
2020-05-08 19:16:54.215  INFO 54616 --- [ngodb.net:27017] org.mongodb.driver.cluster               : Monitor thread successfully connected to server with description ServerDescription{address=main-shard-00-01-xz1r5.mongodb.net:27017, type=REPLICA_SET_PRIMARY, state=CONNECTED, ok=true, version=ServerVersion{versionList=[4, 2, 6]}, minWireVersion=0, maxWireVersion=8, maxDocumentSize=16777216, logicalSessionTimeoutMinutes=30, roundTripTimeNanos=64471000, setName='main-shard-0', canonicalAddress=main-shard-00-01-xz1r5.mongodb.net:27017, hosts=[main-shard-00-00-xz1r5.mongodb.net:27017, main-shard-00-02-xz1r5.mongodb.net:27017, main-shard-00-01-xz1r5.mongodb.net:27017], passives=[], arbiters=[], primary='main-shard-00-01-xz1r5.mongodb.net:27017', tagSet=TagSet{[Tag{name='nodeType', value='ELECTABLE'}, Tag{name='provider', value='AWS'}, Tag{name='region', value='US_EAST_1'}]}, electionId=7fffffff0000000000000002, setVersion=2, lastWriteDate=Fri May 08 19:16:55 MDT 2020, lastUpdateTimeNanos=1155396606738700}
2020-05-08 19:16:54.215  INFO 54616 --- [ngodb.net:27017] org.mongodb.driver.cluster               : Monitor thread successfully connected to server with description ServerDescription{address=main-shard-00-02-xz1r5.mongodb.net:27017, type=REPLICA_SET_SECONDARY, state=CONNECTED, ok=true, version=ServerVersion{versionList=[4, 2, 6]}, minWireVersion=0, maxWireVersion=8, maxDocumentSize=16777216, logicalSessionTimeoutMinutes=30, roundTripTimeNanos=62167600, setName='main-shard-0', canonicalAddress=main-shard-00-02-xz1r5.mongodb.net:27017, hosts=[main-shard-00-00-xz1r5.mongodb.net:27017, main-shard-00-02-xz1r5.mongodb.net:27017, main-shard-00-01-xz1r5.mongodb.net:27017], passives=[], arbiters=[], primary='main-shard-00-01-xz1r5.mongodb.net:27017', tagSet=TagSet{[Tag{name='nodeType', value='ELECTABLE'}, Tag{name='provider', value='AWS'}, Tag{name='region', value='US_EAST_1'}]}, electionId=null, setVersion=2, lastWriteDate=Fri May 08 19:16:55 MDT 2020, lastUpdateTimeNanos=1155396605233300}
2020-05-08 19:16:54.215  INFO 54616 --- [ngodb.net:27017] org.mongodb.driver.cluster               : Monitor thread successfully connected to server with description ServerDescription{address=main-shard-00-00-xz1r5.mongodb.net:27017, type=REPLICA_SET_SECONDARY, state=CONNECTED, ok=true, version=ServerVersion{versionList=[4, 2, 6]}, minWireVersion=0, maxWireVersion=8, maxDocumentSize=16777216, logicalSessionTimeoutMinutes=30, roundTripTimeNanos=64314200, setName='main-shard-0', canonicalAddress=main-shard-00-00-xz1r5.mongodb.net:27017, hosts=[main-shard-00-00-xz1r5.mongodb.net:27017, main-shard-00-02-xz1r5.mongodb.net:27017, main-shard-00-01-xz1r5.mongodb.net:27017], passives=[], arbiters=[], primary='main-shard-00-01-xz1r5.mongodb.net:27017', tagSet=TagSet{[Tag{name='nodeType', value='ELECTABLE'}, Tag{name='provider', value='AWS'}, Tag{name='region', value='US_EAST_1'}]}, electionId=null, setVersion=2, lastWriteDate=Fri May 08 19:16:55 MDT 2020, lastUpdateTimeNanos=1155396606585800}
2020-05-08 19:16:54.219  INFO 54616 --- [ngodb.net:27017] org.mongodb.driver.cluster               : Setting max election id to 7fffffff0000000000000002 from replica set primary main-shard-00-01-xz1r5.mongodb.net:27017
2020-05-08 19:16:54.219  INFO 54616 --- [ngodb.net:27017] org.mongodb.driver.cluster               : Setting max set version to 2 from replica set primary main-shard-00-01-xz1r5.mongodb.net:27017
2020-05-08 19:16:54.219  INFO 54616 --- [ngodb.net:27017] org.mongodb.driver.cluster               : Discovered replica set primary main-shard-00-01-xz1r5.mongodb.net:27017
]]></system-out>
  <system-err><![CDATA[]]></system-err>
</testsuite>
