<?xml version="1.0" encoding="UTF-8"?>
<testsuite name="com.main.app.FoodTests" tests="9" skipped="0" failures="0" errors="0" timestamp="2020-05-08T22:53:49" hostname="DESKTOP" time="0.13">
  <properties/>
  <testcase name="testUserAddFood()" classname="com.main.app.FoodTests" time="0.091"/>
  <testcase name="testFoodGetFat()" classname="com.main.app.FoodTests" time="0.006"/>
  <testcase name="testFoodToJson()" classname="com.main.app.FoodTests" time="0.005"/>
  <testcase name="testFoodGetCalories()" classname="com.main.app.FoodTests" time="0.004"/>
  <testcase name="testFoodGetCarbs()" classname="com.main.app.FoodTests" time="0.004"/>
  <testcase name="testFoodGetProtein()" classname="com.main.app.FoodTests" time="0.004"/>
  <testcase name="testFoodGetName()" classname="com.main.app.FoodTests" time="0.004"/>
  <testcase name="testFoodGetSodium()" classname="com.main.app.FoodTests" time="0.005"/>
  <testcase name="testFoodGetCholeserol()" classname="com.main.app.FoodTests" time="0.003"/>
  <system-out><![CDATA[2020-05-08 16:53:49.403  INFO 50844 --- [    Test worker] .b.t.c.SpringBootTestContextBootstrapper : Neither @ContextConfiguration nor @ContextHierarchy found for test class [com.main.app.FoodTests], using SpringBootContextLoader
2020-05-08 16:53:49.409  INFO 50844 --- [    Test worker] o.s.t.c.support.AbstractContextLoader    : Could not detect default resource locations for test class [com.main.app.FoodTests]: no resource found for suffixes {-context.xml, Context.groovy}.
2020-05-08 16:53:49.409  INFO 50844 --- [    Test worker] t.c.s.AnnotationConfigContextLoaderUtils : Could not detect default configuration classes for test class [com.main.app.FoodTests]: FoodTests does not declare any static, non-private, non-final, nested classes annotated with @Configuration.
2020-05-08 16:53:49.415  INFO 50844 --- [    Test worker] .b.t.c.SpringBootTestContextBootstrapper : Found @SpringBootConfiguration com.main.app.FoodbuddyApplication for test class com.main.app.FoodTests
2020-05-08 16:53:49.419  INFO 50844 --- [    Test worker] .b.t.c.SpringBootTestContextBootstrapper : Loaded default TestExecutionListener class names from location [META-INF/spring.factories]: [org.springframework.test.context.web.ServletTestExecutionListener, org.springframework.test.context.support.DirtiesContextBeforeModesTestExecutionListener, org.springframework.test.context.support.DependencyInjectionTestExecutionListener, org.springframework.test.context.support.DirtiesContextTestExecutionListener, org.springframework.test.context.transaction.TransactionalTestExecutionListener, org.springframework.test.context.jdbc.SqlScriptsTestExecutionListener, org.springframework.test.context.event.EventPublishingTestExecutionListener, org.springframework.boot.test.autoconfigure.restdocs.RestDocsTestExecutionListener, org.springframework.boot.test.autoconfigure.web.client.MockRestServiceServerResetTestExecutionListener, org.springframework.boot.test.autoconfigure.web.servlet.MockMvcPrintOnlyOnFailureTestExecutionListener, org.springframework.boot.test.autoconfigure.web.servlet.WebDriverTestExecutionListener, org.springframework.boot.test.mock.mockito.MockitoTestExecutionListener, org.springframework.boot.test.mock.mockito.ResetMocksTestExecutionListener]
2020-05-08 16:53:49.421  INFO 50844 --- [    Test worker] .b.t.c.SpringBootTestContextBootstrapper : Using TestExecutionListeners: [org.springframework.test.context.web.ServletTestExecutionListener@3878e180, org.springframework.test.context.support.DirtiesContextBeforeModesTestExecutionListener@32b89a00, org.springframework.boot.test.mock.mockito.MockitoTestExecutionListener@403fbbe3, org.springframework.boot.test.autoconfigure.SpringBootDependencyInjectionTestExecutionListener@278da85d, org.springframework.test.context.support.DirtiesContextTestExecutionListener@580629cd, org.springframework.test.context.transaction.TransactionalTestExecutionListener@2e18d057, org.springframework.test.context.jdbc.SqlScriptsTestExecutionListener@134596d4, org.springframework.test.context.event.EventPublishingTestExecutionListener@59400ba1, org.springframework.boot.test.autoconfigure.restdocs.RestDocsTestExecutionListener@30610905, org.springframework.boot.test.autoconfigure.web.client.MockRestServiceServerResetTestExecutionListener@5813fd36, org.springframework.boot.test.autoconfigure.web.servlet.MockMvcPrintOnlyOnFailureTestExecutionListener@675f23d6, org.springframework.boot.test.autoconfigure.web.servlet.WebDriverTestExecutionListener@3e1b319f, org.springframework.boot.test.mock.mockito.ResetMocksTestExecutionListener@60a3e78]
]]></system-out>
  <system-err><![CDATA[]]></system-err>
</testsuite>
