<?xml version="1.0" encoding="UTF-8"?>
<testsuite name="com.main.app.FoodTests" tests="9" skipped="0" failures="0" errors="0" timestamp="2020-05-09T05:53:24" hostname="DESKTOP" time="0.14">
  <properties/>
  <testcase name="testUserAddFood()" classname="com.main.app.FoodTests" time="0.098"/>
  <testcase name="testFoodGetFat()" classname="com.main.app.FoodTests" time="0.005"/>
  <testcase name="testFoodToJson()" classname="com.main.app.FoodTests" time="0.005"/>
  <testcase name="testFoodGetCalories()" classname="com.main.app.FoodTests" time="0.005"/>
  <testcase name="testFoodGetCarbs()" classname="com.main.app.FoodTests" time="0.004"/>
  <testcase name="testFoodGetProtein()" classname="com.main.app.FoodTests" time="0.004"/>
  <testcase name="testFoodGetName()" classname="com.main.app.FoodTests" time="0.004"/>
  <testcase name="testFoodGetSodium()" classname="com.main.app.FoodTests" time="0.004"/>
  <testcase name="testFoodGetCholeserol()" classname="com.main.app.FoodTests" time="0.005"/>
  <system-out><![CDATA[2020-05-08 23:53:24.631  INFO 46716 --- [    Test worker] .b.t.c.SpringBootTestContextBootstrapper : Neither @ContextConfiguration nor @ContextHierarchy found for test class [com.main.app.FoodTests], using SpringBootContextLoader
2020-05-08 23:53:24.637  INFO 46716 --- [    Test worker] o.s.t.c.support.AbstractContextLoader    : Could not detect default resource locations for test class [com.main.app.FoodTests]: no resource found for suffixes {-context.xml, Context.groovy}.
2020-05-08 23:53:24.638  INFO 46716 --- [    Test worker] t.c.s.AnnotationConfigContextLoaderUtils : Could not detect default configuration classes for test class [com.main.app.FoodTests]: FoodTests does not declare any static, non-private, non-final, nested classes annotated with @Configuration.
2020-05-08 23:53:24.644  INFO 46716 --- [    Test worker] .b.t.c.SpringBootTestContextBootstrapper : Found @SpringBootConfiguration com.main.app.FoodbuddyApplication for test class com.main.app.FoodTests
2020-05-08 23:53:24.648  INFO 46716 --- [    Test worker] .b.t.c.SpringBootTestContextBootstrapper : Loaded default TestExecutionListener class names from location [META-INF/spring.factories]: [org.springframework.test.context.web.ServletTestExecutionListener, org.springframework.test.context.support.DirtiesContextBeforeModesTestExecutionListener, org.springframework.test.context.support.DependencyInjectionTestExecutionListener, org.springframework.test.context.support.DirtiesContextTestExecutionListener, org.springframework.test.context.transaction.TransactionalTestExecutionListener, org.springframework.test.context.jdbc.SqlScriptsTestExecutionListener, org.springframework.test.context.event.EventPublishingTestExecutionListener, org.springframework.boot.test.autoconfigure.restdocs.RestDocsTestExecutionListener, org.springframework.boot.test.autoconfigure.web.client.MockRestServiceServerResetTestExecutionListener, org.springframework.boot.test.autoconfigure.web.servlet.MockMvcPrintOnlyOnFailureTestExecutionListener, org.springframework.boot.test.autoconfigure.web.servlet.WebDriverTestExecutionListener, org.springframework.boot.test.mock.mockito.MockitoTestExecutionListener, org.springframework.boot.test.mock.mockito.ResetMocksTestExecutionListener]
2020-05-08 23:53:24.650  INFO 46716 --- [    Test worker] .b.t.c.SpringBootTestContextBootstrapper : Using TestExecutionListeners: [org.springframework.test.context.web.ServletTestExecutionListener@74ef99f5, org.springframework.test.context.support.DirtiesContextBeforeModesTestExecutionListener@3829e620, org.springframework.boot.test.mock.mockito.MockitoTestExecutionListener@2613672, org.springframework.boot.test.autoconfigure.SpringBootDependencyInjectionTestExecutionListener@219cdfd0, org.springframework.test.context.support.DirtiesContextTestExecutionListener@29b4ca27, org.springframework.test.context.transaction.TransactionalTestExecutionListener@5e5b31d7, org.springframework.test.context.jdbc.SqlScriptsTestExecutionListener@55025ec8, org.springframework.test.context.event.EventPublishingTestExecutionListener@12a769e7, org.springframework.boot.test.autoconfigure.restdocs.RestDocsTestExecutionListener@1dcd6c66, org.springframework.boot.test.autoconfigure.web.client.MockRestServiceServerResetTestExecutionListener@1a1f3381, org.springframework.boot.test.autoconfigure.web.servlet.MockMvcPrintOnlyOnFailureTestExecutionListener@5dacda14, org.springframework.boot.test.autoconfigure.web.servlet.WebDriverTestExecutionListener@74ed6817, org.springframework.boot.test.mock.mockito.ResetMocksTestExecutionListener@23584b0]
]]></system-out>
  <system-err><![CDATA[]]></system-err>
</testsuite>
