<?xml version="1.0" encoding="UTF-8"?>
<testsuite name="com.main.app.FoodbuddyApplicationTests" tests="28" skipped="0" failures="0" errors="0" timestamp="2020-03-09T21:45:47" hostname="DESKTOP-2L994SC" time="0.976">
  <properties/>
  <testcase name="TestFoodToJson()" classname="com.main.app.FoodbuddyApplicationTests" time="0.679"/>
  <testcase name="TestUserGetFood()" classname="com.main.app.FoodbuddyApplicationTests" time="0.068"/>
  <testcase name="testStatusGetId()" classname="com.main.app.FoodbuddyApplicationTests" time="0.037"/>
  <testcase name="TestFoodGetProtein()" classname="com.main.app.FoodbuddyApplicationTests" time="0.005"/>
  <testcase name="TestUserAddFollowing()" classname="com.main.app.FoodbuddyApplicationTests" time="0.004"/>
  <testcase name="TestDayFoodGetAmount()" classname="com.main.app.FoodbuddyApplicationTests" time="0.037"/>
  <testcase name="TestUserGetFollowing()" classname="com.main.app.FoodbuddyApplicationTests" time="0.004"/>
  <testcase name="TestUserChangePassword()" classname="com.main.app.FoodbuddyApplicationTests" time="0.004"/>
  <testcase name="TestUserSetExtras()" classname="com.main.app.FoodbuddyApplicationTests" time="0.003"/>
  <testcase name="TestDayGetFoods()" classname="com.main.app.FoodbuddyApplicationTests" time="0.038"/>
  <testcase name="TestUserCheckDate()" classname="com.main.app.FoodbuddyApplicationTests" time="0.003"/>
  <testcase name="TestFoodGetCholeserol()" classname="com.main.app.FoodbuddyApplicationTests" time="0.003"/>
  <testcase name="TestStatusToString()" classname="com.main.app.FoodbuddyApplicationTests" time="0.004"/>
  <testcase name="TestFoodGetCarbs()" classname="com.main.app.FoodbuddyApplicationTests" time="0.003"/>
  <testcase name="TestUserToJson()" classname="com.main.app.FoodbuddyApplicationTests" time="0.004"/>
  <testcase name="TestFoodGetName()" classname="com.main.app.FoodbuddyApplicationTests" time="0.003"/>
  <testcase name="TestDayAddFoods()" classname="com.main.app.FoodbuddyApplicationTests" time="0.003"/>
  <testcase name="TestUserGetCalender()" classname="com.main.app.FoodbuddyApplicationTests" time="0.003"/>
  <testcase name="TestUserToBasicJson()" classname="com.main.app.FoodbuddyApplicationTests" time="0.002"/>
  <testcase name="TestStatusCheckDate()" classname="com.main.app.FoodbuddyApplicationTests" time="0.003"/>
  <testcase name="TestDayFoodToJson()" classname="com.main.app.FoodbuddyApplicationTests" time="0.003"/>
  <testcase name="TestDayToJson()" classname="com.main.app.FoodbuddyApplicationTests" time="0.004"/>
  <testcase name="TestFoodGetCalories()" classname="com.main.app.FoodbuddyApplicationTests" time="0.003"/>
  <testcase name="TestDayFoodGetName()" classname="com.main.app.FoodbuddyApplicationTests" time="0.004"/>
  <testcase name="TestUserAddFood()" classname="com.main.app.FoodbuddyApplicationTests" time="0.004"/>
  <testcase name="TestUserGetFoods()" classname="com.main.app.FoodbuddyApplicationTests" time="0.004"/>
  <testcase name="TestFoodGetSodium()" classname="com.main.app.FoodbuddyApplicationTests" time="0.002"/>
  <testcase name="TestFoodGetFat()" classname="com.main.app.FoodbuddyApplicationTests" time="0.003"/>
  <system-out><![CDATA[16:45:43.323 [Test worker] DEBUG org.springframework.test.context.BootstrapUtils - Instantiating CacheAwareContextLoaderDelegate from class [org.springframework.test.context.cache.DefaultCacheAwareContextLoaderDelegate]
16:45:43.335 [Test worker] DEBUG org.springframework.test.context.BootstrapUtils - Instantiating BootstrapContext using constructor [public org.springframework.test.context.support.DefaultBootstrapContext(java.lang.Class,org.springframework.test.context.CacheAwareContextLoaderDelegate)]
16:45:43.360 [Test worker] DEBUG org.springframework.test.context.BootstrapUtils - Instantiating TestContextBootstrapper for test class [com.main.app.FoodbuddyApplicationTests] from class [org.springframework.boot.test.context.SpringBootTestContextBootstrapper]
16:45:43.378 [Test worker] INFO org.springframework.boot.test.context.SpringBootTestContextBootstrapper - Neither @ContextConfiguration nor @ContextHierarchy found for test class [com.main.app.FoodbuddyApplicationTests], using SpringBootContextLoader
16:45:43.382 [Test worker] DEBUG org.springframework.test.context.support.AbstractContextLoader - Did not detect default resource location for test class [com.main.app.FoodbuddyApplicationTests]: class path resource [com/main/app/FoodbuddyApplicationTests-context.xml] does not exist
16:45:43.382 [Test worker] DEBUG org.springframework.test.context.support.AbstractContextLoader - Did not detect default resource location for test class [com.main.app.FoodbuddyApplicationTests]: class path resource [com/main/app/FoodbuddyApplicationTestsContext.groovy] does not exist
16:45:43.383 [Test worker] INFO org.springframework.test.context.support.AbstractContextLoader - Could not detect default resource locations for test class [com.main.app.FoodbuddyApplicationTests]: no resource found for suffixes {-context.xml, Context.groovy}.
16:45:43.383 [Test worker] INFO org.springframework.test.context.support.AnnotationConfigContextLoaderUtils - Could not detect default configuration classes for test class [com.main.app.FoodbuddyApplicationTests]: FoodbuddyApplicationTests does not declare any static, non-private, non-final, nested classes annotated with @Configuration.
16:45:43.416 [Test worker] DEBUG org.springframework.test.context.support.ActiveProfilesUtils - Could not find an 'annotation declaring class' for annotation type [org.springframework.test.context.ActiveProfiles] and class [com.main.app.FoodbuddyApplicationTests]
16:45:43.472 [Test worker] DEBUG org.springframework.context.annotation.ClassPathScanningCandidateComponentProvider - Identified candidate component class: file [C:\Users\samma\Documents\Classes\J1\309\Project Work\hv_3\Backend\foodbuddy_mongo\build\classes\kotlin\main\com\main\app\FoodbuddyApplication.class]
16:45:43.474 [Test worker] INFO org.springframework.boot.test.context.SpringBootTestContextBootstrapper - Found @SpringBootConfiguration com.main.app.FoodbuddyApplication for test class com.main.app.FoodbuddyApplicationTests
16:45:43.563 [Test worker] DEBUG org.springframework.boot.test.context.SpringBootTestContextBootstrapper - @TestExecutionListeners is not present for class [com.main.app.FoodbuddyApplicationTests]: using defaults.
16:45:43.563 [Test worker] INFO org.springframework.boot.test.context.SpringBootTestContextBootstrapper - Loaded default TestExecutionListener class names from location [META-INF/spring.factories]: [org.springframework.boot.test.autoconfigure.restdocs.RestDocsTestExecutionListener, org.springframework.boot.test.autoconfigure.web.client.MockRestServiceServerResetTestExecutionListener, org.springframework.boot.test.autoconfigure.web.servlet.MockMvcPrintOnlyOnFailureTestExecutionListener, org.springframework.boot.test.autoconfigure.web.servlet.WebDriverTestExecutionListener, org.springframework.boot.test.mock.mockito.MockitoTestExecutionListener, org.springframework.boot.test.mock.mockito.ResetMocksTestExecutionListener, org.springframework.test.context.web.ServletTestExecutionListener, org.springframework.test.context.support.DirtiesContextBeforeModesTestExecutionListener, org.springframework.test.context.support.DependencyInjectionTestExecutionListener, org.springframework.test.context.support.DirtiesContextTestExecutionListener, org.springframework.test.context.transaction.TransactionalTestExecutionListener, org.springframework.test.context.jdbc.SqlScriptsTestExecutionListener, org.springframework.test.context.event.EventPublishingTestExecutionListener]
16:45:43.578 [Test worker] INFO org.springframework.boot.test.context.SpringBootTestContextBootstrapper - Using TestExecutionListeners: [org.springframework.test.context.web.ServletTestExecutionListener@635f5ffb, org.springframework.test.context.support.DirtiesContextBeforeModesTestExecutionListener@2bae376b, org.springframework.boot.test.mock.mockito.MockitoTestExecutionListener@6ee7ed7c, org.springframework.boot.test.autoconfigure.SpringBootDependencyInjectionTestExecutionListener@369eba32, org.springframework.test.context.support.DirtiesContextTestExecutionListener@2fa78b9d, org.springframework.test.context.transaction.TransactionalTestExecutionListener@75e8f46d, org.springframework.test.context.jdbc.SqlScriptsTestExecutionListener@24b57ba1, org.springframework.test.context.event.EventPublishingTestExecutionListener@67b90a2f, org.springframework.boot.test.autoconfigure.restdocs.RestDocsTestExecutionListener@74518e26, org.springframework.boot.test.autoconfigure.web.client.MockRestServiceServerResetTestExecutionListener@4628475d, org.springframework.boot.test.autoconfigure.web.servlet.MockMvcPrintOnlyOnFailureTestExecutionListener@494f444a, org.springframework.boot.test.autoconfigure.web.servlet.WebDriverTestExecutionListener@6688c73e, org.springframework.boot.test.mock.mockito.ResetMocksTestExecutionListener@1ed04577]
16:45:43.581 [Test worker] DEBUG org.springframework.test.context.support.AbstractDirtiesContextTestExecutionListener - Before test class: context [DefaultTestContext@750e8a99 testClass = FoodbuddyApplicationTests, testInstance = [null], testMethod = [null], testException = [null], mergedContextConfiguration = [WebMergedContextConfiguration@675e95ce testClass = FoodbuddyApplicationTests, locations = '{}', classes = '{class com.main.app.FoodbuddyApplication}', contextInitializerClasses = '[]', activeProfiles = '{}', propertySourceLocations = '{}', propertySourceProperties = '{org.springframework.boot.test.context.SpringBootTestContextBootstrapper=true}', contextCustomizers = set[org.springframework.boot.test.autoconfigure.properties.PropertyMappingContextCustomizer@0, org.springframework.boot.test.autoconfigure.web.servlet.WebDriverContextCustomizerFactory$Customizer@258edd2e, org.springframework.boot.test.context.filter.ExcludeFilterContextCustomizer@27dcd54f, org.springframework.boot.test.json.DuplicateJsonObjectContextCustomizerFactory$DuplicateJsonObjectContextCustomizer@239d8077, org.springframework.boot.test.mock.mockito.MockitoContextCustomizer@0, org.springframework.boot.test.web.client.TestRestTemplateContextCustomizer@324a94b2], resourceBasePath = 'src/main/webapp', contextLoader = 'org.springframework.boot.test.context.SpringBootContextLoader', parent = [null]], attributes = map['org.springframework.test.context.web.ServletTestExecutionListener.activateListener' -> true]], class annotated with @DirtiesContext [false] with mode [null].
16:45:43.606 [Test worker] DEBUG org.springframework.test.context.support.TestPropertySourceUtils - Adding inlined properties to environment: {spring.jmx.enabled=false, org.springframework.boot.test.context.SpringBootTestContextBootstrapper=true, server.port=-1}

  .   ____          _            __ _ _
 /\\ / ___'_ __ _ _(_)_ __  __ _ \ \ \ \
( ( )\___ | '_ | '_| | '_ \/ _` | \ \ \ \
 \\/  ___)| |_)| | | | | || (_| |  ) ) ) )
  '  |____| .__|_| |_|_| |_\__, | / / / /
 =========|_|==============|___/=/_/_/_/
 :: Spring Boot ::        (v2.2.4.RELEASE)

2020-03-09 16:45:43.848  INFO 2172 --- [    Test worker] com.main.app.FoodbuddyApplicationTests   : Starting FoodbuddyApplicationTests on DESKTOP-2L994SC with PID 2172 (started by samma in C:\Users\samma\Documents\Classes\J1\309\Project Work\hv_3\Backend\foodbuddy_mongo)
2020-03-09 16:45:43.849  INFO 2172 --- [    Test worker] com.main.app.FoodbuddyApplicationTests   : No active profile set, falling back to default profiles: default
2020-03-09 16:45:44.403  INFO 2172 --- [    Test worker] .s.d.r.c.RepositoryConfigurationDelegate : Multiple Spring Data modules found, entering strict repository configuration mode!
2020-03-09 16:45:44.404  INFO 2172 --- [    Test worker] .s.d.r.c.RepositoryConfigurationDelegate : Bootstrapping Spring Data JPA repositories in DEFAULT mode.
2020-03-09 16:45:44.445  INFO 2172 --- [    Test worker] .RepositoryConfigurationExtensionSupport : Spring Data JPA - Could not safely identify store assignment for repository candidate interface com.main.app.repository.StatusRepository. If you want this repository to be a JPA repository, consider annotating your entities with one of these annotations: javax.persistence.Entity, javax.persistence.MappedSuperclass (preferred), or consider extending one of the following types with your repository: org.springframework.data.jpa.repository.JpaRepository.
2020-03-09 16:45:44.447  INFO 2172 --- [    Test worker] .RepositoryConfigurationExtensionSupport : Spring Data JPA - Could not safely identify store assignment for repository candidate interface com.main.app.repository.UserRepository. If you want this repository to be a JPA repository, consider annotating your entities with one of these annotations: javax.persistence.Entity, javax.persistence.MappedSuperclass (preferred), or consider extending one of the following types with your repository: org.springframework.data.jpa.repository.JpaRepository.
2020-03-09 16:45:44.448  INFO 2172 --- [    Test worker] .s.d.r.c.RepositoryConfigurationDelegate : Finished Spring Data repository scanning in 34ms. Found 0 JPA repository interfaces.
2020-03-09 16:45:44.471  INFO 2172 --- [    Test worker] .s.d.r.c.RepositoryConfigurationDelegate : Multiple Spring Data modules found, entering strict repository configuration mode!
2020-03-09 16:45:44.471  INFO 2172 --- [    Test worker] .s.d.r.c.RepositoryConfigurationDelegate : Bootstrapping Spring Data MongoDB repositories in DEFAULT mode.
2020-03-09 16:45:44.499  INFO 2172 --- [    Test worker] .s.d.r.c.RepositoryConfigurationDelegate : Finished Spring Data repository scanning in 27ms. Found 2 MongoDB repository interfaces.
2020-03-09 16:45:44.853  INFO 2172 --- [    Test worker] trationDelegate$BeanPostProcessorChecker : Bean 'org.springframework.transaction.annotation.ProxyTransactionManagementConfiguration' of type [org.springframework.transaction.annotation.ProxyTransactionManagementConfiguration] is not eligible for getting processed by all BeanPostProcessors (for example: not eligible for auto-proxying)
2020-03-09 16:45:45.007  INFO 2172 --- [    Test worker] com.zaxxer.hikari.HikariDataSource       : HikariPool-1 - Starting...
2020-03-09 16:45:45.180  INFO 2172 --- [    Test worker] com.zaxxer.hikari.HikariDataSource       : HikariPool-1 - Start completed.
2020-03-09 16:45:45.243  INFO 2172 --- [    Test worker] o.hibernate.jpa.internal.util.LogHelper  : HHH000204: Processing PersistenceUnitInfo [name: default]
2020-03-09 16:45:45.329  INFO 2172 --- [    Test worker] org.hibernate.Version                    : HHH000412: Hibernate Core {5.4.10.Final}
2020-03-09 16:45:45.474  INFO 2172 --- [    Test worker] o.hibernate.annotations.common.Version   : HCANN000001: Hibernate Commons Annotations {5.1.0.Final}
2020-03-09 16:45:45.603  INFO 2172 --- [    Test worker] org.hibernate.dialect.Dialect            : HHH000400: Using dialect: org.hibernate.dialect.H2Dialect
2020-03-09 16:45:45.832  INFO 2172 --- [    Test worker] o.h.e.t.j.p.i.JtaPlatformInitiator       : HHH000490: Using JtaPlatform implementation: [org.hibernate.engine.transaction.jta.platform.internal.NoJtaPlatform]
2020-03-09 16:45:45.838  INFO 2172 --- [    Test worker] j.LocalContainerEntityManagerFactoryBean : Initialized JPA EntityManagerFactory for persistence unit 'default'
2020-03-09 16:45:46.106  INFO 2172 --- [    Test worker] org.mongodb.driver.cluster               : Cluster created with settings {hosts=[coms-309-hv-3.cs.iastate.edu:27017], mode=MULTIPLE, requiredClusterType=UNKNOWN, serverSelectionTimeout='30000 ms', maxWaitQueueSize=500}
2020-03-09 16:45:46.106  INFO 2172 --- [    Test worker] org.mongodb.driver.cluster               : Adding discovered server coms-309-hv-3.cs.iastate.edu:27017 to client view of cluster
2020-03-09 16:45:46.225  INFO 2172 --- [state.edu:27017] org.mongodb.driver.connection            : Opened connection [connectionId{localValue:1, serverValue:593}] to coms-309-hv-3.cs.iastate.edu:27017
2020-03-09 16:45:46.236  INFO 2172 --- [state.edu:27017] org.mongodb.driver.cluster               : Monitor thread successfully connected to server with description ServerDescription{address=coms-309-hv-3.cs.iastate.edu:27017, type=STANDALONE, state=CONNECTED, ok=true, version=ServerVersion{versionList=[4, 2, 3]}, minWireVersion=0, maxWireVersion=8, maxDocumentSize=16777216, logicalSessionTimeoutMinutes=30, roundTripTimeNanos=8926300}
2020-03-09 16:45:46.237  INFO 2172 --- [state.edu:27017] org.mongodb.driver.cluster               : Discovered cluster type of STANDALONE
2020-03-09 16:45:46.859  WARN 2172 --- [    Test worker] JpaBaseConfiguration$JpaWebConfiguration : spring.jpa.open-in-view is enabled by default. Therefore, database queries may be performed during view rendering. Explicitly configure spring.jpa.open-in-view to disable this warning
2020-03-09 16:45:47.074  INFO 2172 --- [    Test worker] o.s.s.concurrent.ThreadPoolTaskExecutor  : Initializing ExecutorService 'applicationTaskExecutor'
2020-03-09 16:45:47.269  WARN 2172 --- [    Test worker] o.s.b.a.m.MustacheAutoConfiguration      : Cannot find template location: classpath:/templates/ (please add some templates, check your Mustache configuration, or set spring.mustache.check-template-location=false)
2020-03-09 16:45:47.429  INFO 2172 --- [    Test worker] com.main.app.FoodbuddyApplicationTests   : Started FoodbuddyApplicationTests in 3.813 seconds (JVM running for 5.014)
]]></system-out>
  <system-err><![CDATA[]]></system-err>
</testsuite>
