<?xml version="1.0" encoding="UTF-8"?>
<testsuite name="com.main.app.DayTests" tests="6" skipped="0" failures="0" errors="0" timestamp="2020-05-09T05:23:00" hostname="Maxs-MacBook-Pro.local" time="0.093">
  <properties/>
  <testcase name="testDayFoodGetAmount()" classname="com.main.app.DayTests" time="0.037"/>
  <testcase name="testDayFoodGetName()" classname="com.main.app.DayTests" time="0.006"/>
  <testcase name="testDayToJson()" classname="com.main.app.DayTests" time="0.031"/>
  <testcase name="testDayGetFoods()" classname="com.main.app.DayTests" time="0.006"/>
  <testcase name="testDayFoodToJson()" classname="com.main.app.DayTests" time="0.005"/>
  <testcase name="testDayAddFoods()" classname="com.main.app.DayTests" time="0.004"/>
  <system-out><![CDATA[2020-05-08 23:23:00.527  INFO 54301 --- [    Test worker] .b.t.c.SpringBootTestContextBootstrapper : Neither @ContextConfiguration nor @ContextHierarchy found for test class [com.main.app.DayTests], using SpringBootContextLoader
2020-05-08 23:23:00.536  INFO 54301 --- [    Test worker] o.s.t.c.support.AbstractContextLoader    : Could not detect default resource locations for test class [com.main.app.DayTests]: no resource found for suffixes {-context.xml, Context.groovy}.
2020-05-08 23:23:00.537  INFO 54301 --- [    Test worker] t.c.s.AnnotationConfigContextLoaderUtils : Could not detect default configuration classes for test class [com.main.app.DayTests]: DayTests does not declare any static, non-private, non-final, nested classes annotated with @Configuration.
2020-05-08 23:23:00.543  INFO 54301 --- [    Test worker] .b.t.c.SpringBootTestContextBootstrapper : Found @SpringBootConfiguration com.main.app.FoodbuddyApplication for test class com.main.app.DayTests
2020-05-08 23:23:00.547  INFO 54301 --- [    Test worker] .b.t.c.SpringBootTestContextBootstrapper : Loaded default TestExecutionListener class names from location [META-INF/spring.factories]: [org.springframework.test.context.web.ServletTestExecutionListener, org.springframework.test.context.support.DirtiesContextBeforeModesTestExecutionListener, org.springframework.test.context.support.DependencyInjectionTestExecutionListener, org.springframework.test.context.support.DirtiesContextTestExecutionListener, org.springframework.test.context.transaction.TransactionalTestExecutionListener, org.springframework.test.context.jdbc.SqlScriptsTestExecutionListener, org.springframework.test.context.event.EventPublishingTestExecutionListener, org.springframework.boot.test.autoconfigure.restdocs.RestDocsTestExecutionListener, org.springframework.boot.test.autoconfigure.web.client.MockRestServiceServerResetTestExecutionListener, org.springframework.boot.test.autoconfigure.web.servlet.MockMvcPrintOnlyOnFailureTestExecutionListener, org.springframework.boot.test.autoconfigure.web.servlet.WebDriverTestExecutionListener, org.springframework.boot.test.mock.mockito.MockitoTestExecutionListener, org.springframework.boot.test.mock.mockito.ResetMocksTestExecutionListener]
2020-05-08 23:23:00.549  INFO 54301 --- [    Test worker] .b.t.c.SpringBootTestContextBootstrapper : Using TestExecutionListeners: [org.springframework.test.context.web.ServletTestExecutionListener@677a0a0a, org.springframework.test.context.support.DirtiesContextBeforeModesTestExecutionListener@301e0dee, org.springframework.boot.test.mock.mockito.MockitoTestExecutionListener@6b1eb4e9, org.springframework.boot.test.autoconfigure.SpringBootDependencyInjectionTestExecutionListener@7283cda, org.springframework.test.context.support.DirtiesContextTestExecutionListener@30b55c6f, org.springframework.test.context.transaction.TransactionalTestExecutionListener@708456ea, org.springframework.test.context.jdbc.SqlScriptsTestExecutionListener@6ea31def, org.springframework.test.context.event.EventPublishingTestExecutionListener@28ab220d, org.springframework.boot.test.autoconfigure.restdocs.RestDocsTestExecutionListener@32675553, org.springframework.boot.test.autoconfigure.web.client.MockRestServiceServerResetTestExecutionListener@600676f3, org.springframework.boot.test.autoconfigure.web.servlet.MockMvcPrintOnlyOnFailureTestExecutionListener@16bc4379, org.springframework.boot.test.autoconfigure.web.servlet.WebDriverTestExecutionListener@6776b0e9, org.springframework.boot.test.mock.mockito.ResetMocksTestExecutionListener@6f33bc99]
]]></system-out>
  <system-err><![CDATA[]]></system-err>
</testsuite>
