<?xml version="1.0" encoding="UTF-8"?>
<testsuite name="com.main.app.DayTests" tests="6" skipped="0" failures="0" errors="0" timestamp="2020-04-30T21:18:11" hostname="DESKTOP" time="1.101">
  <properties/>
  <testcase name="testDayFoodGetAmount()" classname="com.main.app.DayTests" time="1.013"/>
  <testcase name="testDayFoodGetName()" classname="com.main.app.DayTests" time="0.01"/>
  <testcase name="testDayToJson()" classname="com.main.app.DayTests" time="0.043"/>
  <testcase name="testDayGetFoods()" classname="com.main.app.DayTests" time="0.009"/>
  <testcase name="testDayFoodToJson()" classname="com.main.app.DayTests" time="0.006"/>
  <testcase name="testDayAddFoods()" classname="com.main.app.DayTests" time="0.009"/>
  <system-out><![CDATA[15:18:02.993 [Test worker] DEBUG org.springframework.test.context.BootstrapUtils - Instantiating CacheAwareContextLoaderDelegate from class [org.springframework.test.context.cache.DefaultCacheAwareContextLoaderDelegate]
15:18:03.011 [Test worker] DEBUG org.springframework.test.context.BootstrapUtils - Instantiating BootstrapContext using constructor [public org.springframework.test.context.support.DefaultBootstrapContext(java.lang.Class,org.springframework.test.context.CacheAwareContextLoaderDelegate)]
15:18:03.048 [Test worker] DEBUG org.springframework.test.context.BootstrapUtils - Instantiating TestContextBootstrapper for test class [com.main.app.DayTests] from class [org.springframework.boot.test.context.SpringBootTestContextBootstrapper]
15:18:03.072 [Test worker] INFO org.springframework.boot.test.context.SpringBootTestContextBootstrapper - Neither @ContextConfiguration nor @ContextHierarchy found for test class [com.main.app.DayTests], using SpringBootContextLoader
15:18:03.077 [Test worker] DEBUG org.springframework.test.context.support.AbstractContextLoader - Did not detect default resource location for test class [com.main.app.DayTests]: class path resource [com/main/app/DayTests-context.xml] does not exist
15:18:03.077 [Test worker] DEBUG org.springframework.test.context.support.AbstractContextLoader - Did not detect default resource location for test class [com.main.app.DayTests]: class path resource [com/main/app/DayTestsContext.groovy] does not exist
15:18:03.078 [Test worker] INFO org.springframework.test.context.support.AbstractContextLoader - Could not detect default resource locations for test class [com.main.app.DayTests]: no resource found for suffixes {-context.xml, Context.groovy}.
15:18:03.079 [Test worker] INFO org.springframework.test.context.support.AnnotationConfigContextLoaderUtils - Could not detect default configuration classes for test class [com.main.app.DayTests]: DayTests does not declare any static, non-private, non-final, nested classes annotated with @Configuration.
15:18:03.134 [Test worker] DEBUG org.springframework.test.context.support.ActiveProfilesUtils - Could not find an 'annotation declaring class' for annotation type [org.springframework.test.context.ActiveProfiles] and class [com.main.app.DayTests]
15:18:03.216 [Test worker] DEBUG org.springframework.context.annotation.ClassPathScanningCandidateComponentProvider - Identified candidate component class: file [C:\Users\Amish Cyborg\Documents\hv_3\Backend\foodbuddy_mongo\build\classes\kotlin\main\com\main\app\FoodbuddyApplication.class]
15:18:03.223 [Test worker] INFO org.springframework.boot.test.context.SpringBootTestContextBootstrapper - Found @SpringBootConfiguration com.main.app.FoodbuddyApplication for test class com.main.app.DayTests
15:18:03.341 [Test worker] DEBUG org.springframework.boot.test.context.SpringBootTestContextBootstrapper - @TestExecutionListeners is not present for class [com.main.app.DayTests]: using defaults.
15:18:03.342 [Test worker] INFO org.springframework.boot.test.context.SpringBootTestContextBootstrapper - Loaded default TestExecutionListener class names from location [META-INF/spring.factories]: [org.springframework.test.context.web.ServletTestExecutionListener, org.springframework.test.context.support.DirtiesContextBeforeModesTestExecutionListener, org.springframework.test.context.support.DependencyInjectionTestExecutionListener, org.springframework.test.context.support.DirtiesContextTestExecutionListener, org.springframework.test.context.transaction.TransactionalTestExecutionListener, org.springframework.test.context.jdbc.SqlScriptsTestExecutionListener, org.springframework.test.context.event.EventPublishingTestExecutionListener, org.springframework.boot.test.autoconfigure.restdocs.RestDocsTestExecutionListener, org.springframework.boot.test.autoconfigure.web.client.MockRestServiceServerResetTestExecutionListener, org.springframework.boot.test.autoconfigure.web.servlet.MockMvcPrintOnlyOnFailureTestExecutionListener, org.springframework.boot.test.autoconfigure.web.servlet.WebDriverTestExecutionListener, org.springframework.boot.test.mock.mockito.MockitoTestExecutionListener, org.springframework.boot.test.mock.mockito.ResetMocksTestExecutionListener]
15:18:03.364 [Test worker] INFO org.springframework.boot.test.context.SpringBootTestContextBootstrapper - Using TestExecutionListeners: [org.springframework.test.context.web.ServletTestExecutionListener@5721f649, org.springframework.test.context.support.DirtiesContextBeforeModesTestExecutionListener@38373fc0, org.springframework.boot.test.mock.mockito.MockitoTestExecutionListener@59011158, org.springframework.boot.test.autoconfigure.SpringBootDependencyInjectionTestExecutionListener@1004a598, org.springframework.test.context.support.DirtiesContextTestExecutionListener@48cf9a6f, org.springframework.test.context.transaction.TransactionalTestExecutionListener@49877589, org.springframework.test.context.jdbc.SqlScriptsTestExecutionListener@185d2630, org.springframework.test.context.event.EventPublishingTestExecutionListener@2dc068c6, org.springframework.boot.test.autoconfigure.restdocs.RestDocsTestExecutionListener@196883f3, org.springframework.boot.test.autoconfigure.web.client.MockRestServiceServerResetTestExecutionListener@6b31966a, org.springframework.boot.test.autoconfigure.web.servlet.MockMvcPrintOnlyOnFailureTestExecutionListener@1aac519a, org.springframework.boot.test.autoconfigure.web.servlet.WebDriverTestExecutionListener@34849c51, org.springframework.boot.test.mock.mockito.ResetMocksTestExecutionListener@69aef629]
15:18:03.372 [Test worker] DEBUG org.springframework.test.context.support.DependencyInjectionTestExecutionListener - Performing dependency injection for test context [[DefaultTestContext@70c2a3b5 testClass = DayTests, testInstance = com.main.app.DayTests@27b506aa, testMethod = [null], testException = [null], mergedContextConfiguration = [WebMergedContextConfiguration@113765e1 testClass = DayTests, locations = '{}', classes = '{class com.main.app.FoodbuddyApplication}', contextInitializerClasses = '[]', activeProfiles = '{}', propertySourceLocations = '{}', propertySourceProperties = '{org.springframework.boot.test.context.SpringBootTestContextBootstrapper=true, server.port=0}', contextCustomizers = set[org.springframework.boot.test.autoconfigure.properties.PropertyMappingContextCustomizer@0, org.springframework.boot.test.autoconfigure.web.servlet.WebDriverContextCustomizerFactory$Customizer@2ddbde95, org.springframework.boot.test.context.filter.ExcludeFilterContextCustomizer@1c0e29d2, org.springframework.boot.test.json.DuplicateJsonObjectContextCustomizerFactory$DuplicateJsonObjectContextCustomizer@18a23ce5, org.springframework.boot.test.mock.mockito.MockitoContextCustomizer@0, org.springframework.boot.test.web.client.TestRestTemplateContextCustomizer@25c7c2e4], resourceBasePath = 'src/main/webapp', contextLoader = 'org.springframework.boot.test.context.SpringBootContextLoader', parent = [null]], attributes = map['org.springframework.test.context.web.ServletTestExecutionListener.activateListener' -> false]]].
15:18:03.398 [Test worker] DEBUG org.springframework.test.context.support.TestPropertySourceUtils - Adding inlined properties to environment: {spring.jmx.enabled=false, org.springframework.boot.test.context.SpringBootTestContextBootstrapper=true, server.port=0}

  .   ____          _            __ _ _
 /\\ / ___'_ __ _ _(_)_ __  __ _ \ \ \ \
( ( )\___ | '_ | '_| | '_ \/ _` | \ \ \ \
 \\/  ___)| |_)| | | | | || (_| |  ) ) ) )
  '  |____| .__|_| |_|_| |_\__, | / / / /
 =========|_|==============|___/=/_/_/_/
 :: Spring Boot ::        (v2.2.6.RELEASE)

2020-04-30 15:18:03.741  INFO 12704 --- [    Test worker] com.main.app.DayTests                    : Starting DayTests on Desktop with PID 12704 (started by Amish Cyborg in C:\Users\Amish Cyborg\Documents\hv_3\Backend\foodbuddy_mongo)
2020-04-30 15:18:03.743  INFO 12704 --- [    Test worker] com.main.app.DayTests                    : No active profile set, falling back to default profiles: default
2020-04-30 15:18:04.940  INFO 12704 --- [    Test worker] .s.d.r.c.RepositoryConfigurationDelegate : Multiple Spring Data modules found, entering strict repository configuration mode!
2020-04-30 15:18:04.943  INFO 12704 --- [    Test worker] .s.d.r.c.RepositoryConfigurationDelegate : Bootstrapping Spring Data JPA repositories in DEFAULT mode.
2020-04-30 15:18:05.003  INFO 12704 --- [    Test worker] .RepositoryConfigurationExtensionSupport : Spring Data JPA - Could not safely identify store assignment for repository candidate interface com.main.app.repository.MessageRepository. If you want this repository to be a JPA repository, consider annotating your entities with one of these annotations: javax.persistence.Entity, javax.persistence.MappedSuperclass (preferred), or consider extending one of the following types with your repository: org.springframework.data.jpa.repository.JpaRepository.
2020-04-30 15:18:05.008  INFO 12704 --- [    Test worker] .RepositoryConfigurationExtensionSupport : Spring Data JPA - Could not safely identify store assignment for repository candidate interface com.main.app.repository.UserRepository. If you want this repository to be a JPA repository, consider annotating your entities with one of these annotations: javax.persistence.Entity, javax.persistence.MappedSuperclass (preferred), or consider extending one of the following types with your repository: org.springframework.data.jpa.repository.JpaRepository.
2020-04-30 15:18:05.008  INFO 12704 --- [    Test worker] .s.d.r.c.RepositoryConfigurationDelegate : Finished Spring Data repository scanning in 55ms. Found 0 JPA repository interfaces.
2020-04-30 15:18:05.044  INFO 12704 --- [    Test worker] .s.d.r.c.RepositoryConfigurationDelegate : Multiple Spring Data modules found, entering strict repository configuration mode!
2020-04-30 15:18:05.044  INFO 12704 --- [    Test worker] .s.d.r.c.RepositoryConfigurationDelegate : Bootstrapping Spring Data MongoDB repositories in DEFAULT mode.
2020-04-30 15:18:05.085  INFO 12704 --- [    Test worker] .s.d.r.c.RepositoryConfigurationDelegate : Finished Spring Data repository scanning in 40ms. Found 2 MongoDB repository interfaces.
2020-04-30 15:18:06.060  INFO 12704 --- [    Test worker] o.s.b.w.embedded.tomcat.TomcatWebServer  : Tomcat initialized with port(s): 0 (http)
2020-04-30 15:18:06.074  INFO 12704 --- [    Test worker] o.apache.catalina.core.StandardService   : Starting service [Tomcat]
2020-04-30 15:18:06.075  INFO 12704 --- [    Test worker] org.apache.catalina.core.StandardEngine  : Starting Servlet engine: [Apache Tomcat/9.0.33]
2020-04-30 15:18:06.270  INFO 12704 --- [    Test worker] o.a.c.c.C.[Tomcat].[localhost].[/]       : Initializing Spring embedded WebApplicationContext
2020-04-30 15:18:06.271  INFO 12704 --- [    Test worker] o.s.web.context.ContextLoader            : Root WebApplicationContext: initialization completed in 2500 ms
2020-04-30 15:18:06.546  INFO 12704 --- [    Test worker] com.zaxxer.hikari.HikariDataSource       : HikariPool-1 - Starting...
2020-04-30 15:18:06.785  INFO 12704 --- [    Test worker] com.zaxxer.hikari.HikariDataSource       : HikariPool-1 - Start completed.
2020-04-30 15:18:06.886  INFO 12704 --- [    Test worker] o.hibernate.jpa.internal.util.LogHelper  : HHH000204: Processing PersistenceUnitInfo [name: default]
2020-04-30 15:18:07.003  INFO 12704 --- [    Test worker] org.hibernate.Version                    : HHH000412: Hibernate ORM core version 5.4.12.Final
2020-04-30 15:18:07.219  INFO 12704 --- [    Test worker] o.hibernate.annotations.common.Version   : HCANN000001: Hibernate Commons Annotations {5.1.0.Final}
2020-04-30 15:18:07.394  INFO 12704 --- [    Test worker] org.hibernate.dialect.Dialect            : HHH000400: Using dialect: org.hibernate.dialect.H2Dialect
2020-04-30 15:18:07.715  INFO 12704 --- [    Test worker] o.h.e.t.j.p.i.JtaPlatformInitiator       : HHH000490: Using JtaPlatform implementation: [org.hibernate.engine.transaction.jta.platform.internal.NoJtaPlatform]
2020-04-30 15:18:07.725  INFO 12704 --- [    Test worker] j.LocalContainerEntityManagerFactoryBean : Initialized JPA EntityManagerFactory for persistence unit 'default'
2020-04-30 15:18:08.132  INFO 12704 --- [    Test worker] org.mongodb.driver.cluster               : Cluster created with settings {hosts=[coms-309-hv-3.cs.iastate.edu:27017], mode=MULTIPLE, requiredClusterType=UNKNOWN, serverSelectionTimeout='30000 ms', maxWaitQueueSize=500}
2020-04-30 15:18:08.133  INFO 12704 --- [    Test worker] org.mongodb.driver.cluster               : Adding discovered server coms-309-hv-3.cs.iastate.edu:27017 to client view of cluster
2020-04-30 15:18:08.364  INFO 12704 --- [state.edu:27017] org.mongodb.driver.connection            : Opened connection [connectionId{localValue:1, serverValue:1492}] to coms-309-hv-3.cs.iastate.edu:27017
2020-04-30 15:18:08.403  INFO 12704 --- [state.edu:27017] org.mongodb.driver.cluster               : Monitor thread successfully connected to server with description ServerDescription{address=coms-309-hv-3.cs.iastate.edu:27017, type=STANDALONE, state=CONNECTED, ok=true, version=ServerVersion{versionList=[4, 2, 3]}, minWireVersion=0, maxWireVersion=8, maxDocumentSize=16777216, logicalSessionTimeoutMinutes=30, roundTripTimeNanos=36375200}
2020-04-30 15:18:08.405  INFO 12704 --- [state.edu:27017] org.mongodb.driver.cluster               : Discovered cluster type of STANDALONE
2020-04-30 15:18:09.356  WARN 12704 --- [    Test worker] JpaBaseConfiguration$JpaWebConfiguration : spring.jpa.open-in-view is enabled by default. Therefore, database queries may be performed during view rendering. Explicitly configure spring.jpa.open-in-view to disable this warning
2020-04-30 15:18:09.788  INFO 12704 --- [    Test worker] pertySourcedRequestMappingHandlerMapping : Mapped URL path [/v2/api-docs] onto method [springfox.documentation.swagger2.web.Swagger2Controller#getDocumentation(String, HttpServletRequest)]
2020-04-30 15:18:10.161  INFO 12704 --- [    Test worker] o.s.s.concurrent.ThreadPoolTaskExecutor  : Initializing ExecutorService 'applicationTaskExecutor'
2020-04-30 15:18:10.419  WARN 12704 --- [    Test worker] o.s.b.a.m.MustacheAutoConfiguration      : Cannot find template location: classpath:/templates/ (please add some templates, check your Mustache configuration, or set spring.mustache.check-template-location=false)
2020-04-30 15:18:10.714  INFO 12704 --- [    Test worker] d.s.w.p.DocumentationPluginsBootstrapper : Context refreshed
2020-04-30 15:18:10.750  INFO 12704 --- [    Test worker] d.s.w.p.DocumentationPluginsBootstrapper : Found 1 custom documentation plugin(s)
2020-04-30 15:18:10.792  INFO 12704 --- [    Test worker] s.d.s.w.s.ApiListingReferenceScanner     : Scanning for api listing references
2020-04-30 15:18:11.187  INFO 12704 --- [    Test worker] o.s.b.w.embedded.tomcat.TomcatWebServer  : Tomcat started on port(s): 55317 (http) with context path ''
2020-04-30 15:18:11.191  INFO 12704 --- [    Test worker] com.main.app.DayTests                    : Started DayTests in 7.789 seconds (JVM running for 9.837)
]]></system-out>
  <system-err><![CDATA[]]></system-err>
</testsuite>
