<?xml version="1.0" encoding="UTF-8"?>
<testsuite name="com.main.app.FoodbuddyApplicationTests" tests="21" skipped="0" failures="0" errors="0" timestamp="2020-03-09T21:33:07" hostname="DESKTOP-2L994SC" time="0.868">
  <properties/>
  <testcase name="TestUserGetFood()" classname="com.main.app.FoodbuddyApplicationTests" time="0.692"/>
  <testcase name="testStatusGetId()" classname="com.main.app.FoodbuddyApplicationTests" time="0.044"/>
  <testcase name="TestFoodGetProtein()" classname="com.main.app.FoodbuddyApplicationTests" time="0.045"/>
  <testcase name="TestUserAddFollowing()" classname="com.main.app.FoodbuddyApplicationTests" time="0.004"/>
  <testcase name="TestUserGetFollowing()" classname="com.main.app.FoodbuddyApplicationTests" time="0.004"/>
  <testcase name="TestUserChangePassword()" classname="com.main.app.FoodbuddyApplicationTests" time="0.004"/>
  <testcase name="TestUserSetExtras()" classname="com.main.app.FoodbuddyApplicationTests" time="0.004"/>
  <testcase name="TestUserCheckDate()" classname="com.main.app.FoodbuddyApplicationTests" time="0.004"/>
  <testcase name="TestFoodGetCholeserol()" classname="com.main.app.FoodbuddyApplicationTests" time="0.003"/>
  <testcase name="TestStatusToString()" classname="com.main.app.FoodbuddyApplicationTests" time="0.003"/>
  <testcase name="TestFoodGetCarbs()" classname="com.main.app.FoodbuddyApplicationTests" time="0.003"/>
  <testcase name="TestUserToJson()" classname="com.main.app.FoodbuddyApplicationTests" time="0.004"/>
  <testcase name="TestFoodGetName()" classname="com.main.app.FoodbuddyApplicationTests" time="0.003"/>
  <testcase name="TestUserGetCalender()" classname="com.main.app.FoodbuddyApplicationTests" time="0.003"/>
  <testcase name="TestUserToBasicJson()" classname="com.main.app.FoodbuddyApplicationTests" time="0.003"/>
  <testcase name="TestStatusCheckDate()" classname="com.main.app.FoodbuddyApplicationTests" time="0.004"/>
  <testcase name="TestFoodGetCalories()" classname="com.main.app.FoodbuddyApplicationTests" time="0.005"/>
  <testcase name="TestUserAddFood()" classname="com.main.app.FoodbuddyApplicationTests" time="0.003"/>
  <testcase name="TestUserGetFoods()" classname="com.main.app.FoodbuddyApplicationTests" time="0.003"/>
  <testcase name="TestFoodGetSodium()" classname="com.main.app.FoodbuddyApplicationTests" time="0.003"/>
  <testcase name="TestFoodGetFat()" classname="com.main.app.FoodbuddyApplicationTests" time="0.002"/>
  <system-out><![CDATA[16:33:03.378 [Test worker] DEBUG org.springframework.test.context.BootstrapUtils - Instantiating CacheAwareContextLoaderDelegate from class [org.springframework.test.context.cache.DefaultCacheAwareContextLoaderDelegate]
16:33:03.388 [Test worker] DEBUG org.springframework.test.context.BootstrapUtils - Instantiating BootstrapContext using constructor [public org.springframework.test.context.support.DefaultBootstrapContext(java.lang.Class,org.springframework.test.context.CacheAwareContextLoaderDelegate)]
16:33:03.415 [Test worker] DEBUG org.springframework.test.context.BootstrapUtils - Instantiating TestContextBootstrapper for test class [com.main.app.FoodbuddyApplicationTests] from class [org.springframework.boot.test.context.SpringBootTestContextBootstrapper]
16:33:03.431 [Test worker] INFO org.springframework.boot.test.context.SpringBootTestContextBootstrapper - Neither @ContextConfiguration nor @ContextHierarchy found for test class [com.main.app.FoodbuddyApplicationTests], using SpringBootContextLoader
16:33:03.435 [Test worker] DEBUG org.springframework.test.context.support.AbstractContextLoader - Did not detect default resource location for test class [com.main.app.FoodbuddyApplicationTests]: class path resource [com/main/app/FoodbuddyApplicationTests-context.xml] does not exist
16:33:03.435 [Test worker] DEBUG org.springframework.test.context.support.AbstractContextLoader - Did not detect default resource location for test class [com.main.app.FoodbuddyApplicationTests]: class path resource [com/main/app/FoodbuddyApplicationTestsContext.groovy] does not exist
16:33:03.435 [Test worker] INFO org.springframework.test.context.support.AbstractContextLoader - Could not detect default resource locations for test class [com.main.app.FoodbuddyApplicationTests]: no resource found for suffixes {-context.xml, Context.groovy}.
16:33:03.436 [Test worker] INFO org.springframework.test.context.support.AnnotationConfigContextLoaderUtils - Could not detect default configuration classes for test class [com.main.app.FoodbuddyApplicationTests]: FoodbuddyApplicationTests does not declare any static, non-private, non-final, nested classes annotated with @Configuration.
16:33:03.475 [Test worker] DEBUG org.springframework.test.context.support.ActiveProfilesUtils - Could not find an 'annotation declaring class' for annotation type [org.springframework.test.context.ActiveProfiles] and class [com.main.app.FoodbuddyApplicationTests]
16:33:03.528 [Test worker] DEBUG org.springframework.context.annotation.ClassPathScanningCandidateComponentProvider - Identified candidate component class: file [C:\Users\samma\Documents\Classes\J1\309\Project Work\hv_3\Backend\foodbuddy_mongo\build\classes\kotlin\main\com\main\app\FoodbuddyApplication.class]
16:33:03.530 [Test worker] INFO org.springframework.boot.test.context.SpringBootTestContextBootstrapper - Found @SpringBootConfiguration com.main.app.FoodbuddyApplication for test class com.main.app.FoodbuddyApplicationTests
16:33:03.622 [Test worker] DEBUG org.springframework.boot.test.context.SpringBootTestContextBootstrapper - @TestExecutionListeners is not present for class [com.main.app.FoodbuddyApplicationTests]: using defaults.
16:33:03.622 [Test worker] INFO org.springframework.boot.test.context.SpringBootTestContextBootstrapper - Loaded default TestExecutionListener class names from location [META-INF/spring.factories]: [org.springframework.boot.test.autoconfigure.restdocs.RestDocsTestExecutionListener, org.springframework.boot.test.autoconfigure.web.client.MockRestServiceServerResetTestExecutionListener, org.springframework.boot.test.autoconfigure.web.servlet.MockMvcPrintOnlyOnFailureTestExecutionListener, org.springframework.boot.test.autoconfigure.web.servlet.WebDriverTestExecutionListener, org.springframework.boot.test.mock.mockito.MockitoTestExecutionListener, org.springframework.boot.test.mock.mockito.ResetMocksTestExecutionListener, org.springframework.test.context.web.ServletTestExecutionListener, org.springframework.test.context.support.DirtiesContextBeforeModesTestExecutionListener, org.springframework.test.context.support.DependencyInjectionTestExecutionListener, org.springframework.test.context.support.DirtiesContextTestExecutionListener, org.springframework.test.context.transaction.TransactionalTestExecutionListener, org.springframework.test.context.jdbc.SqlScriptsTestExecutionListener, org.springframework.test.context.event.EventPublishingTestExecutionListener]
16:33:03.636 [Test worker] INFO org.springframework.boot.test.context.SpringBootTestContextBootstrapper - Using TestExecutionListeners: [org.springframework.test.context.web.ServletTestExecutionListener@38c7cd0f, org.springframework.test.context.support.DirtiesContextBeforeModesTestExecutionListener@47a9cb3c, org.springframework.boot.test.mock.mockito.MockitoTestExecutionListener@2327df57, org.springframework.boot.test.autoconfigure.SpringBootDependencyInjectionTestExecutionListener@48fc7fa5, org.springframework.test.context.support.DirtiesContextTestExecutionListener@4ed57c00, org.springframework.test.context.transaction.TransactionalTestExecutionListener@47acaecd, org.springframework.test.context.jdbc.SqlScriptsTestExecutionListener@5a6c0c08, org.springframework.test.context.event.EventPublishingTestExecutionListener@714641b7, org.springframework.boot.test.autoconfigure.restdocs.RestDocsTestExecutionListener@149616e3, org.springframework.boot.test.autoconfigure.web.client.MockRestServiceServerResetTestExecutionListener@36ee087a, org.springframework.boot.test.autoconfigure.web.servlet.MockMvcPrintOnlyOnFailureTestExecutionListener@c585ee3, org.springframework.boot.test.autoconfigure.web.servlet.WebDriverTestExecutionListener@4fd0ed26, org.springframework.boot.test.mock.mockito.ResetMocksTestExecutionListener@6b55db31]
16:33:03.640 [Test worker] DEBUG org.springframework.test.context.support.AbstractDirtiesContextTestExecutionListener - Before test class: context [DefaultTestContext@281078fa testClass = FoodbuddyApplicationTests, testInstance = [null], testMethod = [null], testException = [null], mergedContextConfiguration = [WebMergedContextConfiguration@2f064db4 testClass = FoodbuddyApplicationTests, locations = '{}', classes = '{class com.main.app.FoodbuddyApplication}', contextInitializerClasses = '[]', activeProfiles = '{}', propertySourceLocations = '{}', propertySourceProperties = '{org.springframework.boot.test.context.SpringBootTestContextBootstrapper=true}', contextCustomizers = set[org.springframework.boot.test.autoconfigure.properties.PropertyMappingContextCustomizer@0, org.springframework.boot.test.autoconfigure.web.servlet.WebDriverContextCustomizerFactory$Customizer@4376e016, org.springframework.boot.test.context.filter.ExcludeFilterContextCustomizer@61c995f4, org.springframework.boot.test.json.DuplicateJsonObjectContextCustomizerFactory$DuplicateJsonObjectContextCustomizer@1da8da7f, org.springframework.boot.test.mock.mockito.MockitoContextCustomizer@0, org.springframework.boot.test.web.client.TestRestTemplateContextCustomizer@2f7ea771], resourceBasePath = 'src/main/webapp', contextLoader = 'org.springframework.boot.test.context.SpringBootContextLoader', parent = [null]], attributes = map['org.springframework.test.context.web.ServletTestExecutionListener.activateListener' -> true]], class annotated with @DirtiesContext [false] with mode [null].
16:33:03.665 [Test worker] DEBUG org.springframework.test.context.support.TestPropertySourceUtils - Adding inlined properties to environment: {spring.jmx.enabled=false, org.springframework.boot.test.context.SpringBootTestContextBootstrapper=true, server.port=-1}

  .   ____          _            __ _ _
 /\\ / ___'_ __ _ _(_)_ __  __ _ \ \ \ \
( ( )\___ | '_ | '_| | '_ \/ _` | \ \ \ \
 \\/  ___)| |_)| | | | | || (_| |  ) ) ) )
  '  |____| .__|_| |_|_| |_\__, | / / / /
 =========|_|==============|___/=/_/_/_/
 :: Spring Boot ::        (v2.2.4.RELEASE)

2020-03-09 16:33:03.901  INFO 18744 --- [    Test worker] com.main.app.FoodbuddyApplicationTests   : Starting FoodbuddyApplicationTests on DESKTOP-2L994SC with PID 18744 (started by samma in C:\Users\samma\Documents\Classes\J1\309\Project Work\hv_3\Backend\foodbuddy_mongo)
2020-03-09 16:33:03.902  INFO 18744 --- [    Test worker] com.main.app.FoodbuddyApplicationTests   : No active profile set, falling back to default profiles: default
2020-03-09 16:33:04.465  INFO 18744 --- [    Test worker] .s.d.r.c.RepositoryConfigurationDelegate : Multiple Spring Data modules found, entering strict repository configuration mode!
2020-03-09 16:33:04.467  INFO 18744 --- [    Test worker] .s.d.r.c.RepositoryConfigurationDelegate : Bootstrapping Spring Data JPA repositories in DEFAULT mode.
2020-03-09 16:33:04.507  INFO 18744 --- [    Test worker] .RepositoryConfigurationExtensionSupport : Spring Data JPA - Could not safely identify store assignment for repository candidate interface com.main.app.repository.StatusRepository. If you want this repository to be a JPA repository, consider annotating your entities with one of these annotations: javax.persistence.Entity, javax.persistence.MappedSuperclass (preferred), or consider extending one of the following types with your repository: org.springframework.data.jpa.repository.JpaRepository.
2020-03-09 16:33:04.509  INFO 18744 --- [    Test worker] .RepositoryConfigurationExtensionSupport : Spring Data JPA - Could not safely identify store assignment for repository candidate interface com.main.app.repository.UserRepository. If you want this repository to be a JPA repository, consider annotating your entities with one of these annotations: javax.persistence.Entity, javax.persistence.MappedSuperclass (preferred), or consider extending one of the following types with your repository: org.springframework.data.jpa.repository.JpaRepository.
2020-03-09 16:33:04.510  INFO 18744 --- [    Test worker] .s.d.r.c.RepositoryConfigurationDelegate : Finished Spring Data repository scanning in 34ms. Found 0 JPA repository interfaces.
2020-03-09 16:33:04.533  INFO 18744 --- [    Test worker] .s.d.r.c.RepositoryConfigurationDelegate : Multiple Spring Data modules found, entering strict repository configuration mode!
2020-03-09 16:33:04.533  INFO 18744 --- [    Test worker] .s.d.r.c.RepositoryConfigurationDelegate : Bootstrapping Spring Data MongoDB repositories in DEFAULT mode.
2020-03-09 16:33:04.559  INFO 18744 --- [    Test worker] .s.d.r.c.RepositoryConfigurationDelegate : Finished Spring Data repository scanning in 26ms. Found 2 MongoDB repository interfaces.
2020-03-09 16:33:04.888  INFO 18744 --- [    Test worker] trationDelegate$BeanPostProcessorChecker : Bean 'org.springframework.transaction.annotation.ProxyTransactionManagementConfiguration' of type [org.springframework.transaction.annotation.ProxyTransactionManagementConfiguration] is not eligible for getting processed by all BeanPostProcessors (for example: not eligible for auto-proxying)
2020-03-09 16:33:05.045  INFO 18744 --- [    Test worker] com.zaxxer.hikari.HikariDataSource       : HikariPool-1 - Starting...
2020-03-09 16:33:05.229  INFO 18744 --- [    Test worker] com.zaxxer.hikari.HikariDataSource       : HikariPool-1 - Start completed.
2020-03-09 16:33:05.294  INFO 18744 --- [    Test worker] o.hibernate.jpa.internal.util.LogHelper  : HHH000204: Processing PersistenceUnitInfo [name: default]
2020-03-09 16:33:05.377  INFO 18744 --- [    Test worker] org.hibernate.Version                    : HHH000412: Hibernate Core {5.4.10.Final}
2020-03-09 16:33:05.527  INFO 18744 --- [    Test worker] o.hibernate.annotations.common.Version   : HCANN000001: Hibernate Commons Annotations {5.1.0.Final}
2020-03-09 16:33:05.661  INFO 18744 --- [    Test worker] org.hibernate.dialect.Dialect            : HHH000400: Using dialect: org.hibernate.dialect.H2Dialect
2020-03-09 16:33:05.889  INFO 18744 --- [    Test worker] o.h.e.t.j.p.i.JtaPlatformInitiator       : HHH000490: Using JtaPlatform implementation: [org.hibernate.engine.transaction.jta.platform.internal.NoJtaPlatform]
2020-03-09 16:33:05.895  INFO 18744 --- [    Test worker] j.LocalContainerEntityManagerFactoryBean : Initialized JPA EntityManagerFactory for persistence unit 'default'
2020-03-09 16:33:06.159  INFO 18744 --- [    Test worker] org.mongodb.driver.cluster               : Cluster created with settings {hosts=[coms-309-hv-3.cs.iastate.edu:27017], mode=MULTIPLE, requiredClusterType=UNKNOWN, serverSelectionTimeout='30000 ms', maxWaitQueueSize=500}
2020-03-09 16:33:06.159  INFO 18744 --- [    Test worker] org.mongodb.driver.cluster               : Adding discovered server coms-309-hv-3.cs.iastate.edu:27017 to client view of cluster
2020-03-09 16:33:06.258  INFO 18744 --- [state.edu:27017] org.mongodb.driver.connection            : Opened connection [connectionId{localValue:1, serverValue:588}] to coms-309-hv-3.cs.iastate.edu:27017
2020-03-09 16:33:06.268  INFO 18744 --- [state.edu:27017] org.mongodb.driver.cluster               : Monitor thread successfully connected to server with description ServerDescription{address=coms-309-hv-3.cs.iastate.edu:27017, type=STANDALONE, state=CONNECTED, ok=true, version=ServerVersion{versionList=[4, 2, 3]}, minWireVersion=0, maxWireVersion=8, maxDocumentSize=16777216, logicalSessionTimeoutMinutes=30, roundTripTimeNanos=6403300}
2020-03-09 16:33:06.268  INFO 18744 --- [state.edu:27017] org.mongodb.driver.cluster               : Discovered cluster type of STANDALONE
2020-03-09 16:33:06.928  WARN 18744 --- [    Test worker] JpaBaseConfiguration$JpaWebConfiguration : spring.jpa.open-in-view is enabled by default. Therefore, database queries may be performed during view rendering. Explicitly configure spring.jpa.open-in-view to disable this warning
2020-03-09 16:33:07.144  INFO 18744 --- [    Test worker] o.s.s.concurrent.ThreadPoolTaskExecutor  : Initializing ExecutorService 'applicationTaskExecutor'
2020-03-09 16:33:07.330  WARN 18744 --- [    Test worker] o.s.b.a.m.MustacheAutoConfiguration      : Cannot find template location: classpath:/templates/ (please add some templates, check your Mustache configuration, or set spring.mustache.check-template-location=false)
2020-03-09 16:33:07.476  INFO 18744 --- [    Test worker] com.main.app.FoodbuddyApplicationTests   : Started FoodbuddyApplicationTests in 3.803 seconds (JVM running for 5.026)
]]></system-out>
  <system-err><![CDATA[]]></system-err>
</testsuite>
