<?xml version="1.0" encoding="UTF-8"?>
<testsuite name="com.main.app.DayTests" tests="6" skipped="0" failures="0" errors="0" timestamp="2020-05-09T05:53:23" hostname="DESKTOP" time="1.037">
  <properties/>
  <testcase name="testDayFoodGetAmount()" classname="com.main.app.DayTests" time="0.954"/>
  <testcase name="testDayFoodGetName()" classname="com.main.app.DayTests" time="0.009"/>
  <testcase name="testDayToJson()" classname="com.main.app.DayTests" time="0.042"/>
  <testcase name="testDayGetFoods()" classname="com.main.app.DayTests" time="0.005"/>
  <testcase name="testDayFoodToJson()" classname="com.main.app.DayTests" time="0.006"/>
  <testcase name="testDayAddFoods()" classname="com.main.app.DayTests" time="0.01"/>
  <system-out><![CDATA[23:53:12.478 [Test worker] DEBUG org.springframework.test.context.BootstrapUtils - Instantiating CacheAwareContextLoaderDelegate from class [org.springframework.test.context.cache.DefaultCacheAwareContextLoaderDelegate]
23:53:12.496 [Test worker] DEBUG org.springframework.test.context.BootstrapUtils - Instantiating BootstrapContext using constructor [public org.springframework.test.context.support.DefaultBootstrapContext(java.lang.Class,org.springframework.test.context.CacheAwareContextLoaderDelegate)]
23:53:12.537 [Test worker] DEBUG org.springframework.test.context.BootstrapUtils - Instantiating TestContextBootstrapper for test class [com.main.app.DayTests] from class [org.springframework.boot.test.context.SpringBootTestContextBootstrapper]
23:53:12.560 [Test worker] INFO org.springframework.boot.test.context.SpringBootTestContextBootstrapper - Neither @ContextConfiguration nor @ContextHierarchy found for test class [com.main.app.DayTests], using SpringBootContextLoader
23:53:12.566 [Test worker] DEBUG org.springframework.test.context.support.AbstractContextLoader - Did not detect default resource location for test class [com.main.app.DayTests]: class path resource [com/main/app/DayTests-context.xml] does not exist
23:53:12.566 [Test worker] DEBUG org.springframework.test.context.support.AbstractContextLoader - Did not detect default resource location for test class [com.main.app.DayTests]: class path resource [com/main/app/DayTestsContext.groovy] does not exist
23:53:12.567 [Test worker] INFO org.springframework.test.context.support.AbstractContextLoader - Could not detect default resource locations for test class [com.main.app.DayTests]: no resource found for suffixes {-context.xml, Context.groovy}.
23:53:12.567 [Test worker] INFO org.springframework.test.context.support.AnnotationConfigContextLoaderUtils - Could not detect default configuration classes for test class [com.main.app.DayTests]: DayTests does not declare any static, non-private, non-final, nested classes annotated with @Configuration.
23:53:12.621 [Test worker] DEBUG org.springframework.test.context.support.ActiveProfilesUtils - Could not find an 'annotation declaring class' for annotation type [org.springframework.test.context.ActiveProfiles] and class [com.main.app.DayTests]
23:53:12.712 [Test worker] DEBUG org.springframework.context.annotation.ClassPathScanningCandidateComponentProvider - Identified candidate component class: file [C:\Users\Amish Cyborg\Documents\FoodBuddy\Backend\foodbuddy_mongo\build\classes\kotlin\main\com\main\app\FoodbuddyApplication.class]
23:53:12.719 [Test worker] INFO org.springframework.boot.test.context.SpringBootTestContextBootstrapper - Found @SpringBootConfiguration com.main.app.FoodbuddyApplication for test class com.main.app.DayTests
23:53:12.838 [Test worker] DEBUG org.springframework.boot.test.context.SpringBootTestContextBootstrapper - @TestExecutionListeners is not present for class [com.main.app.DayTests]: using defaults.
23:53:12.839 [Test worker] INFO org.springframework.boot.test.context.SpringBootTestContextBootstrapper - Loaded default TestExecutionListener class names from location [META-INF/spring.factories]: [org.springframework.test.context.web.ServletTestExecutionListener, org.springframework.test.context.support.DirtiesContextBeforeModesTestExecutionListener, org.springframework.test.context.support.DependencyInjectionTestExecutionListener, org.springframework.test.context.support.DirtiesContextTestExecutionListener, org.springframework.test.context.transaction.TransactionalTestExecutionListener, org.springframework.test.context.jdbc.SqlScriptsTestExecutionListener, org.springframework.test.context.event.EventPublishingTestExecutionListener, org.springframework.boot.test.autoconfigure.restdocs.RestDocsTestExecutionListener, org.springframework.boot.test.autoconfigure.web.client.MockRestServiceServerResetTestExecutionListener, org.springframework.boot.test.autoconfigure.web.servlet.MockMvcPrintOnlyOnFailureTestExecutionListener, org.springframework.boot.test.autoconfigure.web.servlet.WebDriverTestExecutionListener, org.springframework.boot.test.mock.mockito.MockitoTestExecutionListener, org.springframework.boot.test.mock.mockito.ResetMocksTestExecutionListener]
23:53:12.861 [Test worker] INFO org.springframework.boot.test.context.SpringBootTestContextBootstrapper - Using TestExecutionListeners: [org.springframework.test.context.web.ServletTestExecutionListener@2f62e501, org.springframework.test.context.support.DirtiesContextBeforeModesTestExecutionListener@24ae22aa, org.springframework.boot.test.mock.mockito.MockitoTestExecutionListener@654a0656, org.springframework.boot.test.autoconfigure.SpringBootDependencyInjectionTestExecutionListener@4d5d0d60, org.springframework.test.context.support.DirtiesContextTestExecutionListener@75afa327, org.springframework.test.context.transaction.TransactionalTestExecutionListener@2041744a, org.springframework.test.context.jdbc.SqlScriptsTestExecutionListener@158caea2, org.springframework.test.context.event.EventPublishingTestExecutionListener@301f977e, org.springframework.boot.test.autoconfigure.restdocs.RestDocsTestExecutionListener@3821acc1, org.springframework.boot.test.autoconfigure.web.client.MockRestServiceServerResetTestExecutionListener@13696cab, org.springframework.boot.test.autoconfigure.web.servlet.MockMvcPrintOnlyOnFailureTestExecutionListener@63e039da, org.springframework.boot.test.autoconfigure.web.servlet.WebDriverTestExecutionListener@2f08e6bf, org.springframework.boot.test.mock.mockito.ResetMocksTestExecutionListener@1a7a103b]
23:53:12.870 [Test worker] DEBUG org.springframework.test.context.support.DependencyInjectionTestExecutionListener - Performing dependency injection for test context [[DefaultTestContext@6b23cfe6 testClass = DayTests, testInstance = com.main.app.DayTests@3f3b8bed, testMethod = [null], testException = [null], mergedContextConfiguration = [WebMergedContextConfiguration@4c89a519 testClass = DayTests, locations = '{}', classes = '{class com.main.app.FoodbuddyApplication}', contextInitializerClasses = '[]', activeProfiles = '{}', propertySourceLocations = '{}', propertySourceProperties = '{org.springframework.boot.test.context.SpringBootTestContextBootstrapper=true, server.port=0}', contextCustomizers = set[org.springframework.boot.test.autoconfigure.properties.PropertyMappingContextCustomizer@0, org.springframework.boot.test.autoconfigure.web.servlet.WebDriverContextCustomizerFactory$Customizer@70cf8724, org.springframework.boot.test.context.filter.ExcludeFilterContextCustomizer@2e8b8d97, org.springframework.boot.test.json.DuplicateJsonObjectContextCustomizerFactory$DuplicateJsonObjectContextCustomizer@270c754, org.springframework.boot.test.mock.mockito.MockitoContextCustomizer@0, org.springframework.boot.test.web.client.TestRestTemplateContextCustomizer@15e79e2f], resourceBasePath = 'src/main/webapp', contextLoader = 'org.springframework.boot.test.context.SpringBootContextLoader', parent = [null]], attributes = map['org.springframework.test.context.web.ServletTestExecutionListener.activateListener' -> false]]].
23:53:12.896 [Test worker] DEBUG org.springframework.test.context.support.TestPropertySourceUtils - Adding inlined properties to environment: {spring.jmx.enabled=false, org.springframework.boot.test.context.SpringBootTestContextBootstrapper=true, server.port=0}

  .   ____          _            __ _ _
 /\\ / ___'_ __ _ _(_)_ __  __ _ \ \ \ \
( ( )\___ | '_ | '_| | '_ \/ _` | \ \ \ \
 \\/  ___)| |_)| | | | | || (_| |  ) ) ) )
  '  |____| .__|_| |_|_| |_\__, | / / / /
 =========|_|==============|___/=/_/_/_/
 :: Spring Boot ::        (v2.2.6.RELEASE)

2020-05-08 23:53:13.231  INFO 46716 --- [    Test worker] com.main.app.DayTests                    : Starting DayTests on Desktop with PID 46716 (started by Amish Cyborg in C:\Users\Amish Cyborg\Documents\FoodBuddy\Backend\foodbuddy_mongo)
2020-05-08 23:53:13.232  INFO 46716 --- [    Test worker] com.main.app.DayTests                    : No active profile set, falling back to default profiles: default
2020-05-08 23:53:14.438  INFO 46716 --- [    Test worker] .s.d.r.c.RepositoryConfigurationDelegate : Multiple Spring Data modules found, entering strict repository configuration mode!
2020-05-08 23:53:14.440  INFO 46716 --- [    Test worker] .s.d.r.c.RepositoryConfigurationDelegate : Bootstrapping Spring Data JPA repositories in DEFAULT mode.
2020-05-08 23:53:14.498  INFO 46716 --- [    Test worker] .RepositoryConfigurationExtensionSupport : Spring Data JPA - Could not safely identify store assignment for repository candidate interface com.main.app.repository.MessageRepository. If you want this repository to be a JPA repository, consider annotating your entities with one of these annotations: javax.persistence.Entity, javax.persistence.MappedSuperclass (preferred), or consider extending one of the following types with your repository: org.springframework.data.jpa.repository.JpaRepository.
2020-05-08 23:53:14.503  INFO 46716 --- [    Test worker] .RepositoryConfigurationExtensionSupport : Spring Data JPA - Could not safely identify store assignment for repository candidate interface com.main.app.repository.UserRepository. If you want this repository to be a JPA repository, consider annotating your entities with one of these annotations: javax.persistence.Entity, javax.persistence.MappedSuperclass (preferred), or consider extending one of the following types with your repository: org.springframework.data.jpa.repository.JpaRepository.
2020-05-08 23:53:14.504  INFO 46716 --- [    Test worker] .s.d.r.c.RepositoryConfigurationDelegate : Finished Spring Data repository scanning in 52ms. Found 0 JPA repository interfaces.
2020-05-08 23:53:14.532  INFO 46716 --- [    Test worker] .s.d.r.c.RepositoryConfigurationDelegate : Multiple Spring Data modules found, entering strict repository configuration mode!
2020-05-08 23:53:14.533  INFO 46716 --- [    Test worker] .s.d.r.c.RepositoryConfigurationDelegate : Bootstrapping Spring Data MongoDB repositories in DEFAULT mode.
2020-05-08 23:53:14.576  INFO 46716 --- [    Test worker] .s.d.r.c.RepositoryConfigurationDelegate : Finished Spring Data repository scanning in 43ms. Found 2 MongoDB repository interfaces.
2020-05-08 23:53:15.528  INFO 46716 --- [    Test worker] o.s.b.w.embedded.tomcat.TomcatWebServer  : Tomcat initialized with port(s): 0 (http)
2020-05-08 23:53:15.542  INFO 46716 --- [    Test worker] o.apache.catalina.core.StandardService   : Starting service [Tomcat]
2020-05-08 23:53:15.543  INFO 46716 --- [    Test worker] org.apache.catalina.core.StandardEngine  : Starting Servlet engine: [Apache Tomcat/9.0.33]
2020-05-08 23:53:15.752  INFO 46716 --- [    Test worker] o.a.c.c.C.[Tomcat].[localhost].[/]       : Initializing Spring embedded WebApplicationContext
2020-05-08 23:53:15.752  INFO 46716 --- [    Test worker] o.s.web.context.ContextLoader            : Root WebApplicationContext: initialization completed in 2494 ms
2020-05-08 23:53:16.030  INFO 46716 --- [    Test worker] com.zaxxer.hikari.HikariDataSource       : HikariPool-1 - Starting...
2020-05-08 23:53:16.319  INFO 46716 --- [    Test worker] com.zaxxer.hikari.HikariDataSource       : HikariPool-1 - Start completed.
2020-05-08 23:53:16.427  INFO 46716 --- [    Test worker] o.hibernate.jpa.internal.util.LogHelper  : HHH000204: Processing PersistenceUnitInfo [name: default]
2020-05-08 23:53:16.554  INFO 46716 --- [    Test worker] org.hibernate.Version                    : HHH000412: Hibernate ORM core version 5.4.12.Final
2020-05-08 23:53:16.778  INFO 46716 --- [    Test worker] o.hibernate.annotations.common.Version   : HCANN000001: Hibernate Commons Annotations {5.1.0.Final}
2020-05-08 23:53:16.958  INFO 46716 --- [    Test worker] org.hibernate.dialect.Dialect            : HHH000400: Using dialect: org.hibernate.dialect.H2Dialect
2020-05-08 23:53:17.269  INFO 46716 --- [    Test worker] o.h.e.t.j.p.i.JtaPlatformInitiator       : HHH000490: Using JtaPlatform implementation: [org.hibernate.engine.transaction.jta.platform.internal.NoJtaPlatform]
2020-05-08 23:53:17.279  INFO 46716 --- [    Test worker] j.LocalContainerEntityManagerFactoryBean : Initialized JPA EntityManagerFactory for persistence unit 'default'
2020-05-08 23:53:20.659  INFO 46716 --- [    Test worker] org.mongodb.driver.cluster               : Cluster created with settings {hosts=[127.0.0.1:27017], srvHost=main-xz1r5.mongodb.net, mode=MULTIPLE, requiredClusterType=REPLICA_SET, serverSelectionTimeout='30000 ms', maxWaitQueueSize=500, requiredReplicaSetName='main-shard-0'}
2020-05-08 23:53:21.760  WARN 46716 --- [    Test worker] JpaBaseConfiguration$JpaWebConfiguration : spring.jpa.open-in-view is enabled by default. Therefore, database queries may be performed during view rendering. Explicitly configure spring.jpa.open-in-view to disable this warning
2020-05-08 23:53:22.138  INFO 46716 --- [    Test worker] pertySourcedRequestMappingHandlerMapping : Mapped URL path [/v2/api-docs] onto method [springfox.documentation.swagger2.web.Swagger2Controller#getDocumentation(String, HttpServletRequest)]
2020-05-08 23:53:22.463  INFO 46716 --- [    Test worker] o.s.s.concurrent.ThreadPoolTaskExecutor  : Initializing ExecutorService 'applicationTaskExecutor'
2020-05-08 23:53:22.752  WARN 46716 --- [    Test worker] o.s.b.a.m.MustacheAutoConfiguration      : Cannot find template location: classpath:/templates/ (please add some templates, check your Mustache configuration, or set spring.mustache.check-template-location=false)
2020-05-08 23:53:23.112  INFO 46716 --- [    Test worker] d.s.w.p.DocumentationPluginsBootstrapper : Context refreshed
2020-05-08 23:53:23.149  INFO 46716 --- [    Test worker] d.s.w.p.DocumentationPluginsBootstrapper : Found 1 custom documentation plugin(s)
2020-05-08 23:53:23.193  INFO 46716 --- [    Test worker] s.d.s.w.s.ApiListingReferenceScanner     : Scanning for api listing references
2020-05-08 23:53:23.558  INFO 46716 --- [    Test worker] o.s.b.w.embedded.tomcat.TomcatWebServer  : Tomcat started on port(s): 62787 (http) with context path ''
2020-05-08 23:53:23.561  INFO 46716 --- [    Test worker] com.main.app.DayTests                    : Started DayTests in 10.661 seconds (JVM running for 12.568)
2020-05-08 23:53:23.733  INFO 46716 --- [1r5.mongodb.net] org.mongodb.driver.cluster               : Adding discovered server main-shard-00-00-xz1r5.mongodb.net:27017 to client view of cluster
2020-05-08 23:53:23.768  INFO 46716 --- [1r5.mongodb.net] org.mongodb.driver.cluster               : Adding discovered server main-shard-00-01-xz1r5.mongodb.net:27017 to client view of cluster
2020-05-08 23:53:23.768  INFO 46716 --- [1r5.mongodb.net] org.mongodb.driver.cluster               : Adding discovered server main-shard-00-02-xz1r5.mongodb.net:27017 to client view of cluster
2020-05-08 23:53:24.286  INFO 46716 --- [ngodb.net:27017] org.mongodb.driver.connection            : Opened connection [connectionId{localValue:2, serverValue:25298}] to main-shard-00-01-xz1r5.mongodb.net:27017
2020-05-08 23:53:24.286  INFO 46716 --- [ngodb.net:27017] org.mongodb.driver.connection            : Opened connection [connectionId{localValue:1, serverValue:20997}] to main-shard-00-00-xz1r5.mongodb.net:27017
2020-05-08 23:53:24.286  INFO 46716 --- [ngodb.net:27017] org.mongodb.driver.connection            : Opened connection [connectionId{localValue:3, serverValue:19927}] to main-shard-00-02-xz1r5.mongodb.net:27017
2020-05-08 23:53:24.403  INFO 46716 --- [ngodb.net:27017] org.mongodb.driver.cluster               : Monitor thread successfully connected to server with description ServerDescription{address=main-shard-00-00-xz1r5.mongodb.net:27017, type=REPLICA_SET_SECONDARY, state=CONNECTED, ok=true, version=ServerVersion{versionList=[4, 2, 6]}, minWireVersion=0, maxWireVersion=8, maxDocumentSize=16777216, logicalSessionTimeoutMinutes=30, roundTripTimeNanos=111973600, setName='main-shard-0', canonicalAddress=main-shard-00-00-xz1r5.mongodb.net:27017, hosts=[main-shard-00-00-xz1r5.mongodb.net:27017, main-shard-00-02-xz1r5.mongodb.net:27017, main-shard-00-01-xz1r5.mongodb.net:27017], passives=[], arbiters=[], primary='main-shard-00-01-xz1r5.mongodb.net:27017', tagSet=TagSet{[Tag{name='nodeType', value='ELECTABLE'}, Tag{name='provider', value='AWS'}, Tag{name='region', value='US_EAST_1'}]}, electionId=null, setVersion=2, lastWriteDate=Fri May 08 23:53:24 MDT 2020, lastUpdateTimeNanos=1171986790722900}
2020-05-08 23:53:24.403  INFO 46716 --- [ngodb.net:27017] org.mongodb.driver.cluster               : Monitor thread successfully connected to server with description ServerDescription{address=main-shard-00-01-xz1r5.mongodb.net:27017, type=REPLICA_SET_PRIMARY, state=CONNECTED, ok=true, version=ServerVersion{versionList=[4, 2, 6]}, minWireVersion=0, maxWireVersion=8, maxDocumentSize=16777216, logicalSessionTimeoutMinutes=30, roundTripTimeNanos=107543100, setName='main-shard-0', canonicalAddress=main-shard-00-01-xz1r5.mongodb.net:27017, hosts=[main-shard-00-00-xz1r5.mongodb.net:27017, main-shard-00-02-xz1r5.mongodb.net:27017, main-shard-00-01-xz1r5.mongodb.net:27017], passives=[], arbiters=[], primary='main-shard-00-01-xz1r5.mongodb.net:27017', tagSet=TagSet{[Tag{name='nodeType', value='ELECTABLE'}, Tag{name='provider', value='AWS'}, Tag{name='region', value='US_EAST_1'}]}, electionId=7fffffff0000000000000002, setVersion=2, lastWriteDate=Fri May 08 23:53:24 MDT 2020, lastUpdateTimeNanos=1171986788448500}
2020-05-08 23:53:24.403  INFO 46716 --- [ngodb.net:27017] org.mongodb.driver.cluster               : Monitor thread successfully connected to server with description ServerDescription{address=main-shard-00-02-xz1r5.mongodb.net:27017, type=REPLICA_SET_SECONDARY, state=CONNECTED, ok=true, version=ServerVersion{versionList=[4, 2, 6]}, minWireVersion=0, maxWireVersion=8, maxDocumentSize=16777216, logicalSessionTimeoutMinutes=30, roundTripTimeNanos=111911800, setName='main-shard-0', canonicalAddress=main-shard-00-02-xz1r5.mongodb.net:27017, hosts=[main-shard-00-00-xz1r5.mongodb.net:27017, main-shard-00-02-xz1r5.mongodb.net:27017, main-shard-00-01-xz1r5.mongodb.net:27017], passives=[], arbiters=[], primary='main-shard-00-01-xz1r5.mongodb.net:27017', tagSet=TagSet{[Tag{name='nodeType', value='ELECTABLE'}, Tag{name='provider', value='AWS'}, Tag{name='region', value='US_EAST_1'}]}, electionId=null, setVersion=2, lastWriteDate=Fri May 08 23:53:24 MDT 2020, lastUpdateTimeNanos=1171986790670900}
2020-05-08 23:53:24.413  INFO 46716 --- [ngodb.net:27017] org.mongodb.driver.cluster               : Setting max election id to 7fffffff0000000000000002 from replica set primary main-shard-00-01-xz1r5.mongodb.net:27017
2020-05-08 23:53:24.415  INFO 46716 --- [ngodb.net:27017] org.mongodb.driver.cluster               : Setting max set version to 2 from replica set primary main-shard-00-01-xz1r5.mongodb.net:27017
2020-05-08 23:53:24.417  INFO 46716 --- [ngodb.net:27017] org.mongodb.driver.cluster               : Discovered replica set primary main-shard-00-01-xz1r5.mongodb.net:27017
]]></system-out>
  <system-err><![CDATA[]]></system-err>
</testsuite>
