<?xml version="1.0" encoding="UTF-8"?>
<testsuite name="com.main.app.UserTests" tests="11" skipped="0" failures="0" errors="0" timestamp="2020-04-30T21:18:17" hostname="DESKTOP" time="0.023">
  <properties/>
  <testcase name="testUserAddFood()" classname="com.main.app.UserTests" time="0.002"/>
  <testcase name="testUserGetFoods()" classname="com.main.app.UserTests" time="0.001"/>
  <testcase name="testUserChangePassword()" classname="com.main.app.UserTests" time="0.001"/>
  <testcase name="testUserAddFollowing()" classname="com.main.app.UserTests" time="0.002"/>
  <testcase name="testUserGetFollowing()" classname="com.main.app.UserTests" time="0.002"/>
  <testcase name="testUserGetFood()" classname="com.main.app.UserTests" time="0.002"/>
  <testcase name="testUserGetCalender()" classname="com.main.app.UserTests" time="0.002"/>
  <testcase name="testUserToBasicJson()" classname="com.main.app.UserTests" time="0.002"/>
  <testcase name="testUserSetExtras()" classname="com.main.app.UserTests" time="0.002"/>
  <testcase name="testUserCheckDate()" classname="com.main.app.UserTests" time="0.002"/>
  <testcase name="testUserToJson()" classname="com.main.app.UserTests" time="0.001"/>
  <system-out><![CDATA[2020-04-30 15:18:17.701  INFO 12704 --- [    Test worker] .b.t.c.SpringBootTestContextBootstrapper : Neither @ContextConfiguration nor @ContextHierarchy found for test class [com.main.app.UserTests], using SpringBootContextLoader
2020-04-30 15:18:17.702  INFO 12704 --- [    Test worker] o.s.t.c.support.AbstractContextLoader    : Could not detect default resource locations for test class [com.main.app.UserTests]: no resource found for suffixes {-context.xml, Context.groovy}.
2020-04-30 15:18:17.702  INFO 12704 --- [    Test worker] t.c.s.AnnotationConfigContextLoaderUtils : Could not detect default configuration classes for test class [com.main.app.UserTests]: UserTests does not declare any static, non-private, non-final, nested classes annotated with @Configuration.
2020-04-30 15:18:17.703  INFO 12704 --- [    Test worker] .b.t.c.SpringBootTestContextBootstrapper : Found @SpringBootConfiguration com.main.app.FoodbuddyApplication for test class com.main.app.UserTests
2020-04-30 15:18:17.710  INFO 12704 --- [    Test worker] .b.t.c.SpringBootTestContextBootstrapper : Loaded default TestExecutionListener class names from location [META-INF/spring.factories]: [org.springframework.test.context.web.ServletTestExecutionListener, org.springframework.test.context.support.DirtiesContextBeforeModesTestExecutionListener, org.springframework.test.context.support.DependencyInjectionTestExecutionListener, org.springframework.test.context.support.DirtiesContextTestExecutionListener, org.springframework.test.context.transaction.TransactionalTestExecutionListener, org.springframework.test.context.jdbc.SqlScriptsTestExecutionListener, org.springframework.test.context.event.EventPublishingTestExecutionListener, org.springframework.boot.test.autoconfigure.restdocs.RestDocsTestExecutionListener, org.springframework.boot.test.autoconfigure.web.client.MockRestServiceServerResetTestExecutionListener, org.springframework.boot.test.autoconfigure.web.servlet.MockMvcPrintOnlyOnFailureTestExecutionListener, org.springframework.boot.test.autoconfigure.web.servlet.WebDriverTestExecutionListener, org.springframework.boot.test.mock.mockito.MockitoTestExecutionListener, org.springframework.boot.test.mock.mockito.ResetMocksTestExecutionListener]
2020-04-30 15:18:17.710  INFO 12704 --- [    Test worker] .b.t.c.SpringBootTestContextBootstrapper : Using TestExecutionListeners: [org.springframework.test.context.web.ServletTestExecutionListener@b785c11, org.springframework.test.context.support.DirtiesContextBeforeModesTestExecutionListener@40d0514a, org.springframework.boot.test.mock.mockito.MockitoTestExecutionListener@2eb1fa63, org.springframework.boot.test.autoconfigure.SpringBootDependencyInjectionTestExecutionListener@32f596cd, org.springframework.test.context.support.DirtiesContextTestExecutionListener@7b24dc56, org.springframework.test.context.transaction.TransactionalTestExecutionListener@39bc8879, org.springframework.test.context.jdbc.SqlScriptsTestExecutionListener@187f1fcf, org.springframework.test.context.event.EventPublishingTestExecutionListener@6a2a1f3, org.springframework.boot.test.autoconfigure.restdocs.RestDocsTestExecutionListener@5b391b1d, org.springframework.boot.test.autoconfigure.web.client.MockRestServiceServerResetTestExecutionListener@69bbf43, org.springframework.boot.test.autoconfigure.web.servlet.MockMvcPrintOnlyOnFailureTestExecutionListener@66fa4938, org.springframework.boot.test.autoconfigure.web.servlet.WebDriverTestExecutionListener@75c4d12d, org.springframework.boot.test.mock.mockito.ResetMocksTestExecutionListener@6636dd7b]
]]></system-out>
  <system-err><![CDATA[]]></system-err>
</testsuite>
