<?xml version="1.0" encoding="UTF-8"?>
<testsuite name="com.main.app.UserTests" tests="11" skipped="0" failures="0" errors="0" timestamp="2020-05-08T22:53:59" hostname="DESKTOP" time="0.025">
  <properties/>
  <testcase name="testUserAddFood()" classname="com.main.app.UserTests" time="0.003"/>
  <testcase name="testUserGetFoods()" classname="com.main.app.UserTests" time="0.002"/>
  <testcase name="testUserChangePassword()" classname="com.main.app.UserTests" time="0.002"/>
  <testcase name="testUserAddFollowing()" classname="com.main.app.UserTests" time="0.002"/>
  <testcase name="testUserGetFollowing()" classname="com.main.app.UserTests" time="0.002"/>
  <testcase name="testUserGetFood()" classname="com.main.app.UserTests" time="0.003"/>
  <testcase name="testUserGetCalender()" classname="com.main.app.UserTests" time="0.002"/>
  <testcase name="testUserToBasicJson()" classname="com.main.app.UserTests" time="0.002"/>
  <testcase name="testUserSetExtras()" classname="com.main.app.UserTests" time="0.002"/>
  <testcase name="testUserCheckDate()" classname="com.main.app.UserTests" time="0.002"/>
  <testcase name="testUserToJson()" classname="com.main.app.UserTests" time="0.001"/>
  <system-out><![CDATA[2020-05-08 16:53:59.793  INFO 50844 --- [    Test worker] .b.t.c.SpringBootTestContextBootstrapper : Neither @ContextConfiguration nor @ContextHierarchy found for test class [com.main.app.UserTests], using SpringBootContextLoader
2020-05-08 16:53:59.794  INFO 50844 --- [    Test worker] o.s.t.c.support.AbstractContextLoader    : Could not detect default resource locations for test class [com.main.app.UserTests]: no resource found for suffixes {-context.xml, Context.groovy}.
2020-05-08 16:53:59.794  INFO 50844 --- [    Test worker] t.c.s.AnnotationConfigContextLoaderUtils : Could not detect default configuration classes for test class [com.main.app.UserTests]: UserTests does not declare any static, non-private, non-final, nested classes annotated with @Configuration.
2020-05-08 16:53:59.796  INFO 50844 --- [    Test worker] .b.t.c.SpringBootTestContextBootstrapper : Found @SpringBootConfiguration com.main.app.FoodbuddyApplication for test class com.main.app.UserTests
2020-05-08 16:53:59.798  INFO 50844 --- [    Test worker] .b.t.c.SpringBootTestContextBootstrapper : Loaded default TestExecutionListener class names from location [META-INF/spring.factories]: [org.springframework.test.context.web.ServletTestExecutionListener, org.springframework.test.context.support.DirtiesContextBeforeModesTestExecutionListener, org.springframework.test.context.support.DependencyInjectionTestExecutionListener, org.springframework.test.context.support.DirtiesContextTestExecutionListener, org.springframework.test.context.transaction.TransactionalTestExecutionListener, org.springframework.test.context.jdbc.SqlScriptsTestExecutionListener, org.springframework.test.context.event.EventPublishingTestExecutionListener, org.springframework.boot.test.autoconfigure.restdocs.RestDocsTestExecutionListener, org.springframework.boot.test.autoconfigure.web.client.MockRestServiceServerResetTestExecutionListener, org.springframework.boot.test.autoconfigure.web.servlet.MockMvcPrintOnlyOnFailureTestExecutionListener, org.springframework.boot.test.autoconfigure.web.servlet.WebDriverTestExecutionListener, org.springframework.boot.test.mock.mockito.MockitoTestExecutionListener, org.springframework.boot.test.mock.mockito.ResetMocksTestExecutionListener]
2020-05-08 16:53:59.798  INFO 50844 --- [    Test worker] .b.t.c.SpringBootTestContextBootstrapper : Using TestExecutionListeners: [org.springframework.test.context.web.ServletTestExecutionListener@37c08798, org.springframework.test.context.support.DirtiesContextBeforeModesTestExecutionListener@21a34ca9, org.springframework.boot.test.mock.mockito.MockitoTestExecutionListener@3844ea6a, org.springframework.boot.test.autoconfigure.SpringBootDependencyInjectionTestExecutionListener@27c49d38, org.springframework.test.context.support.DirtiesContextTestExecutionListener@140b321f, org.springframework.test.context.transaction.TransactionalTestExecutionListener@2f76e233, org.springframework.test.context.jdbc.SqlScriptsTestExecutionListener@307e4a0d, org.springframework.test.context.event.EventPublishingTestExecutionListener@33d03c67, org.springframework.boot.test.autoconfigure.restdocs.RestDocsTestExecutionListener@7e867bc8, org.springframework.boot.test.autoconfigure.web.client.MockRestServiceServerResetTestExecutionListener@66796951, org.springframework.boot.test.autoconfigure.web.servlet.MockMvcPrintOnlyOnFailureTestExecutionListener@249579b1, org.springframework.boot.test.autoconfigure.web.servlet.WebDriverTestExecutionListener@16944a40, org.springframework.boot.test.mock.mockito.ResetMocksTestExecutionListener@5b812b61]
]]></system-out>
  <system-err><![CDATA[]]></system-err>
</testsuite>
