<?xml version="1.0" encoding="UTF-8"?>
<testsuite name="com.main.app.FoodbuddyApplicationTests" tests="1" skipped="0" failures="0" errors="0" timestamp="2020-03-04T06:59:29" hostname="DESKTOP" time="0.454">
  <properties/>
  <testcase name="contextLoads()" classname="com.main.app.FoodbuddyApplicationTests" time="0.454"/>
  <system-out><![CDATA[00:59:22.648 [Test worker] DEBUG org.springframework.test.context.BootstrapUtils - Instantiating CacheAwareContextLoaderDelegate from class [org.springframework.test.context.cache.DefaultCacheAwareContextLoaderDelegate]
00:59:22.665 [Test worker] DEBUG org.springframework.test.context.BootstrapUtils - Instantiating BootstrapContext using constructor [public org.springframework.test.context.support.DefaultBootstrapContext(java.lang.Class,org.springframework.test.context.CacheAwareContextLoaderDelegate)]
00:59:22.704 [Test worker] DEBUG org.springframework.test.context.BootstrapUtils - Instantiating TestContextBootstrapper for test class [com.main.app.FoodbuddyApplicationTests] from class [org.springframework.boot.test.context.SpringBootTestContextBootstrapper]
00:59:22.728 [Test worker] INFO org.springframework.boot.test.context.SpringBootTestContextBootstrapper - Neither @ContextConfiguration nor @ContextHierarchy found for test class [com.main.app.FoodbuddyApplicationTests], using SpringBootContextLoader
00:59:22.735 [Test worker] DEBUG org.springframework.test.context.support.AbstractContextLoader - Did not detect default resource location for test class [com.main.app.FoodbuddyApplicationTests]: class path resource [com/main/app/FoodbuddyApplicationTests-context.xml] does not exist
00:59:22.736 [Test worker] DEBUG org.springframework.test.context.support.AbstractContextLoader - Did not detect default resource location for test class [com.main.app.FoodbuddyApplicationTests]: class path resource [com/main/app/FoodbuddyApplicationTestsContext.groovy] does not exist
00:59:22.736 [Test worker] INFO org.springframework.test.context.support.AbstractContextLoader - Could not detect default resource locations for test class [com.main.app.FoodbuddyApplicationTests]: no resource found for suffixes {-context.xml, Context.groovy}.
00:59:22.737 [Test worker] INFO org.springframework.test.context.support.AnnotationConfigContextLoaderUtils - Could not detect default configuration classes for test class [com.main.app.FoodbuddyApplicationTests]: FoodbuddyApplicationTests does not declare any static, non-private, non-final, nested classes annotated with @Configuration.
00:59:22.787 [Test worker] DEBUG org.springframework.test.context.support.ActiveProfilesUtils - Could not find an 'annotation declaring class' for annotation type [org.springframework.test.context.ActiveProfiles] and class [com.main.app.FoodbuddyApplicationTests]
00:59:22.875 [Test worker] DEBUG org.springframework.context.annotation.ClassPathScanningCandidateComponentProvider - Identified candidate component class: file [C:\Users\Amish Cyborg\Dropbox\College\Year 3\COM S 309\hv_3\Backend\foodbuddy_mongo\build\classes\kotlin\main\com\main\app\FoodbuddyApplication.class]
00:59:22.878 [Test worker] INFO org.springframework.boot.test.context.SpringBootTestContextBootstrapper - Found @SpringBootConfiguration com.main.app.FoodbuddyApplication for test class com.main.app.FoodbuddyApplicationTests
00:59:23.006 [Test worker] DEBUG org.springframework.boot.test.context.SpringBootTestContextBootstrapper - @TestExecutionListeners is not present for class [com.main.app.FoodbuddyApplicationTests]: using defaults.
00:59:23.007 [Test worker] INFO org.springframework.boot.test.context.SpringBootTestContextBootstrapper - Loaded default TestExecutionListener class names from location [META-INF/spring.factories]: [org.springframework.boot.test.autoconfigure.restdocs.RestDocsTestExecutionListener, org.springframework.boot.test.autoconfigure.web.client.MockRestServiceServerResetTestExecutionListener, org.springframework.boot.test.autoconfigure.web.servlet.MockMvcPrintOnlyOnFailureTestExecutionListener, org.springframework.boot.test.autoconfigure.web.servlet.WebDriverTestExecutionListener, org.springframework.boot.test.mock.mockito.MockitoTestExecutionListener, org.springframework.boot.test.mock.mockito.ResetMocksTestExecutionListener, org.springframework.test.context.web.ServletTestExecutionListener, org.springframework.test.context.support.DirtiesContextBeforeModesTestExecutionListener, org.springframework.test.context.support.DependencyInjectionTestExecutionListener, org.springframework.test.context.support.DirtiesContextTestExecutionListener, org.springframework.test.context.transaction.TransactionalTestExecutionListener, org.springframework.test.context.jdbc.SqlScriptsTestExecutionListener, org.springframework.test.context.event.EventPublishingTestExecutionListener]
00:59:23.030 [Test worker] INFO org.springframework.boot.test.context.SpringBootTestContextBootstrapper - Using TestExecutionListeners: [org.springframework.test.context.web.ServletTestExecutionListener@f4676db, org.springframework.test.context.support.DirtiesContextBeforeModesTestExecutionListener@42bb6b57, org.springframework.boot.test.mock.mockito.MockitoTestExecutionListener@655ed5c1, org.springframework.boot.test.autoconfigure.SpringBootDependencyInjectionTestExecutionListener@2df1ea93, org.springframework.test.context.support.DirtiesContextTestExecutionListener@11bda158, org.springframework.test.context.transaction.TransactionalTestExecutionListener@84591eb, org.springframework.test.context.jdbc.SqlScriptsTestExecutionListener@1ba6bdff, org.springframework.test.context.event.EventPublishingTestExecutionListener@3921696a, org.springframework.boot.test.autoconfigure.restdocs.RestDocsTestExecutionListener@456ab877, org.springframework.boot.test.autoconfigure.web.client.MockRestServiceServerResetTestExecutionListener@6184a3f8, org.springframework.boot.test.autoconfigure.web.servlet.MockMvcPrintOnlyOnFailureTestExecutionListener@4fe3b372, org.springframework.boot.test.autoconfigure.web.servlet.WebDriverTestExecutionListener@7dbbf9dd, org.springframework.boot.test.mock.mockito.ResetMocksTestExecutionListener@6d824f1d]
00:59:23.034 [Test worker] DEBUG org.springframework.test.context.support.AbstractDirtiesContextTestExecutionListener - Before test class: context [DefaultTestContext@557e9811 testClass = FoodbuddyApplicationTests, testInstance = [null], testMethod = [null], testException = [null], mergedContextConfiguration = [WebMergedContextConfiguration@17a1b5dd testClass = FoodbuddyApplicationTests, locations = '{}', classes = '{class com.main.app.FoodbuddyApplication}', contextInitializerClasses = '[]', activeProfiles = '{}', propertySourceLocations = '{}', propertySourceProperties = '{org.springframework.boot.test.context.SpringBootTestContextBootstrapper=true}', contextCustomizers = set[org.springframework.boot.test.autoconfigure.properties.PropertyMappingContextCustomizer@0, org.springframework.boot.test.autoconfigure.web.servlet.WebDriverContextCustomizerFactory$Customizer@33b20c89, org.springframework.boot.test.context.filter.ExcludeFilterContextCustomizer@2c2c821d, org.springframework.boot.test.json.DuplicateJsonObjectContextCustomizerFactory$DuplicateJsonObjectContextCustomizer@2fc861f2, org.springframework.boot.test.mock.mockito.MockitoContextCustomizer@0, org.springframework.boot.test.web.client.TestRestTemplateContextCustomizer@3e18b789], resourceBasePath = 'src/main/webapp', contextLoader = 'org.springframework.boot.test.context.SpringBootContextLoader', parent = [null]], attributes = map['org.springframework.test.context.web.ServletTestExecutionListener.activateListener' -> true]], class annotated with @DirtiesContext [false] with mode [null].
00:59:23.074 [Test worker] DEBUG org.springframework.test.context.support.TestPropertySourceUtils - Adding inlined properties to environment: {spring.jmx.enabled=false, org.springframework.boot.test.context.SpringBootTestContextBootstrapper=true, server.port=-1}

  .   ____          _            __ _ _
 /\\ / ___'_ __ _ _(_)_ __  __ _ \ \ \ \
( ( )\___ | '_ | '_| | '_ \/ _` | \ \ \ \
 \\/  ___)| |_)| | | | | || (_| |  ) ) ) )
  '  |____| .__|_| |_|_| |_\__, | / / / /
 =========|_|==============|___/=/_/_/_/
 :: Spring Boot ::        (v2.2.4.RELEASE)

2020-03-04 00:59:23.406  INFO 18884 --- [    Test worker] com.main.app.FoodbuddyApplicationTests   : Starting FoodbuddyApplicationTests on Desktop with PID 18884 (started by Amish Cyborg in C:\Users\Amish Cyborg\Dropbox\College\Year 3\COM S 309\hv_3\Backend\foodbuddy_mongo)
2020-03-04 00:59:23.407  INFO 18884 --- [    Test worker] com.main.app.FoodbuddyApplicationTests   : No active profile set, falling back to default profiles: default
2020-03-04 00:59:24.297  INFO 18884 --- [    Test worker] .s.d.r.c.RepositoryConfigurationDelegate : Multiple Spring Data modules found, entering strict repository configuration mode!
2020-03-04 00:59:24.299  INFO 18884 --- [    Test worker] .s.d.r.c.RepositoryConfigurationDelegate : Bootstrapping Spring Data JPA repositories in DEFAULT mode.
2020-03-04 00:59:24.351  INFO 18884 --- [    Test worker] .RepositoryConfigurationExtensionSupport : Spring Data JPA - Could not safely identify store assignment for repository candidate interface com.main.app.repository.DayRepository. If you want this repository to be a JPA repository, consider annotating your entities with one of these annotations: javax.persistence.Entity, javax.persistence.MappedSuperclass (preferred), or consider extending one of the following types with your repository: org.springframework.data.jpa.repository.JpaRepository.
2020-03-04 00:59:24.355  INFO 18884 --- [    Test worker] .RepositoryConfigurationExtensionSupport : Spring Data JPA - Could not safely identify store assignment for repository candidate interface com.main.app.repository.StatusRepository. If you want this repository to be a JPA repository, consider annotating your entities with one of these annotations: javax.persistence.Entity, javax.persistence.MappedSuperclass (preferred), or consider extending one of the following types with your repository: org.springframework.data.jpa.repository.JpaRepository.
2020-03-04 00:59:24.359  INFO 18884 --- [    Test worker] .RepositoryConfigurationExtensionSupport : Spring Data JPA - Could not safely identify store assignment for repository candidate interface com.main.app.repository.UserRepository. If you want this repository to be a JPA repository, consider annotating your entities with one of these annotations: javax.persistence.Entity, javax.persistence.MappedSuperclass (preferred), or consider extending one of the following types with your repository: org.springframework.data.jpa.repository.JpaRepository.
2020-03-04 00:59:24.359  INFO 18884 --- [    Test worker] .s.d.r.c.RepositoryConfigurationDelegate : Finished Spring Data repository scanning in 50ms. Found 0 JPA repository interfaces.
2020-03-04 00:59:24.395  INFO 18884 --- [    Test worker] .s.d.r.c.RepositoryConfigurationDelegate : Multiple Spring Data modules found, entering strict repository configuration mode!
2020-03-04 00:59:24.396  INFO 18884 --- [    Test worker] .s.d.r.c.RepositoryConfigurationDelegate : Bootstrapping Spring Data MongoDB repositories in DEFAULT mode.
2020-03-04 00:59:24.442  INFO 18884 --- [    Test worker] .s.d.r.c.RepositoryConfigurationDelegate : Finished Spring Data repository scanning in 46ms. Found 3 MongoDB repository interfaces.
2020-03-04 00:59:24.968  INFO 18884 --- [    Test worker] trationDelegate$BeanPostProcessorChecker : Bean 'org.springframework.transaction.annotation.ProxyTransactionManagementConfiguration' of type [org.springframework.transaction.annotation.ProxyTransactionManagementConfiguration] is not eligible for getting processed by all BeanPostProcessors (for example: not eligible for auto-proxying)
2020-03-04 00:59:25.203  INFO 18884 --- [    Test worker] com.zaxxer.hikari.HikariDataSource       : HikariPool-1 - Starting...
2020-03-04 00:59:25.452  INFO 18884 --- [    Test worker] com.zaxxer.hikari.HikariDataSource       : HikariPool-1 - Start completed.
2020-03-04 00:59:25.548  INFO 18884 --- [    Test worker] o.hibernate.jpa.internal.util.LogHelper  : HHH000204: Processing PersistenceUnitInfo [name: default]
2020-03-04 00:59:25.675  INFO 18884 --- [    Test worker] org.hibernate.Version                    : HHH000412: Hibernate Core {5.4.10.Final}
2020-03-04 00:59:25.929  INFO 18884 --- [    Test worker] o.hibernate.annotations.common.Version   : HCANN000001: Hibernate Commons Annotations {5.1.0.Final}
2020-03-04 00:59:26.115  INFO 18884 --- [    Test worker] org.hibernate.dialect.Dialect            : HHH000400: Using dialect: org.hibernate.dialect.H2Dialect
2020-03-04 00:59:26.441  INFO 18884 --- [    Test worker] o.h.e.t.j.p.i.JtaPlatformInitiator       : HHH000490: Using JtaPlatform implementation: [org.hibernate.engine.transaction.jta.platform.internal.NoJtaPlatform]
2020-03-04 00:59:26.449  INFO 18884 --- [    Test worker] j.LocalContainerEntityManagerFactoryBean : Initialized JPA EntityManagerFactory for persistence unit 'default'
2020-03-04 00:59:26.802  INFO 18884 --- [    Test worker] org.mongodb.driver.cluster               : Cluster created with settings {hosts=[coms-309-hv-3.cs.iastate.edu:27017], mode=MULTIPLE, requiredClusterType=UNKNOWN, serverSelectionTimeout='30000 ms', maxWaitQueueSize=500}
2020-03-04 00:59:26.802  INFO 18884 --- [    Test worker] org.mongodb.driver.cluster               : Adding discovered server coms-309-hv-3.cs.iastate.edu:27017 to client view of cluster
2020-03-04 00:59:26.895  INFO 18884 --- [state.edu:27017] org.mongodb.driver.connection            : Opened connection [connectionId{localValue:1, serverValue:254}] to coms-309-hv-3.cs.iastate.edu:27017
2020-03-04 00:59:26.903  INFO 18884 --- [state.edu:27017] org.mongodb.driver.cluster               : Monitor thread successfully connected to server with description ServerDescription{address=coms-309-hv-3.cs.iastate.edu:27017, type=STANDALONE, state=CONNECTED, ok=true, version=ServerVersion{versionList=[4, 2, 3]}, minWireVersion=0, maxWireVersion=8, maxDocumentSize=16777216, logicalSessionTimeoutMinutes=30, roundTripTimeNanos=5111000}
2020-03-04 00:59:26.905  INFO 18884 --- [state.edu:27017] org.mongodb.driver.cluster               : Discovered cluster type of STANDALONE
2020-03-04 00:59:28.003  WARN 18884 --- [    Test worker] JpaBaseConfiguration$JpaWebConfiguration : spring.jpa.open-in-view is enabled by default. Therefore, database queries may be performed during view rendering. Explicitly configure spring.jpa.open-in-view to disable this warning
2020-03-04 00:59:28.429  INFO 18884 --- [    Test worker] o.s.s.concurrent.ThreadPoolTaskExecutor  : Initializing ExecutorService 'applicationTaskExecutor'
2020-03-04 00:59:28.813  WARN 18884 --- [    Test worker] o.s.b.a.m.MustacheAutoConfiguration      : Cannot find template location: classpath:/templates/ (please add some templates, check your Mustache configuration, or set spring.mustache.check-template-location=false)
2020-03-04 00:59:29.183  INFO 18884 --- [    Test worker] com.main.app.FoodbuddyApplicationTests   : Started FoodbuddyApplicationTests in 6.095 seconds (JVM running for 7.983)
]]></system-out>
  <system-err><![CDATA[]]></system-err>
</testsuite>
