<?xml version="1.0" encoding="UTF-8"?>
<testsuite name="com.main.app.FoodTests" tests="9" skipped="0" failures="0" errors="0" timestamp="2020-04-30T21:34:36" hostname="DESKTOP-2L994SC" time="0.158">
  <properties/>
  <testcase name="testUserAddFood()" classname="com.main.app.FoodTests" time="0.12"/>
  <testcase name="testFoodGetFat()" classname="com.main.app.FoodTests" time="0.007"/>
  <testcase name="testFoodToJson()" classname="com.main.app.FoodTests" time="0.003"/>
  <testcase name="testFoodGetCalories()" classname="com.main.app.FoodTests" time="0.004"/>
  <testcase name="testFoodGetCarbs()" classname="com.main.app.FoodTests" time="0.004"/>
  <testcase name="testFoodGetProtein()" classname="com.main.app.FoodTests" time="0.005"/>
  <testcase name="testFoodGetName()" classname="com.main.app.FoodTests" time="0.003"/>
  <testcase name="testFoodGetSodium()" classname="com.main.app.FoodTests" time="0.004"/>
  <testcase name="testFoodGetCholeserol()" classname="com.main.app.FoodTests" time="0.002"/>
  <system-out><![CDATA[2020-04-30 16:34:36.034  INFO 20076 --- [    Test worker] .b.t.c.SpringBootTestContextBootstrapper : Neither @ContextConfiguration nor @ContextHierarchy found for test class [com.main.app.FoodTests], using SpringBootContextLoader
2020-04-30 16:34:36.038  INFO 20076 --- [    Test worker] o.s.t.c.support.AbstractContextLoader    : Could not detect default resource locations for test class [com.main.app.FoodTests]: no resource found for suffixes {-context.xml, Context.groovy}.
2020-04-30 16:34:36.038  INFO 20076 --- [    Test worker] t.c.s.AnnotationConfigContextLoaderUtils : Could not detect default configuration classes for test class [com.main.app.FoodTests]: FoodTests does not declare any static, non-private, non-final, nested classes annotated with @Configuration.
2020-04-30 16:34:36.042  INFO 20076 --- [    Test worker] .b.t.c.SpringBootTestContextBootstrapper : Found @SpringBootConfiguration com.main.app.FoodbuddyApplication for test class com.main.app.FoodTests
2020-04-30 16:34:36.046  INFO 20076 --- [    Test worker] .b.t.c.SpringBootTestContextBootstrapper : Loaded default TestExecutionListener class names from location [META-INF/spring.factories]: [org.springframework.test.context.web.ServletTestExecutionListener, org.springframework.test.context.support.DirtiesContextBeforeModesTestExecutionListener, org.springframework.test.context.support.DependencyInjectionTestExecutionListener, org.springframework.test.context.support.DirtiesContextTestExecutionListener, org.springframework.test.context.transaction.TransactionalTestExecutionListener, org.springframework.test.context.jdbc.SqlScriptsTestExecutionListener, org.springframework.test.context.event.EventPublishingTestExecutionListener, org.springframework.boot.test.autoconfigure.restdocs.RestDocsTestExecutionListener, org.springframework.boot.test.autoconfigure.web.client.MockRestServiceServerResetTestExecutionListener, org.springframework.boot.test.autoconfigure.web.servlet.MockMvcPrintOnlyOnFailureTestExecutionListener, org.springframework.boot.test.autoconfigure.web.servlet.WebDriverTestExecutionListener, org.springframework.boot.test.mock.mockito.MockitoTestExecutionListener, org.springframework.boot.test.mock.mockito.ResetMocksTestExecutionListener]
2020-04-30 16:34:36.047  INFO 20076 --- [    Test worker] .b.t.c.SpringBootTestContextBootstrapper : Using TestExecutionListeners: [org.springframework.test.context.web.ServletTestExecutionListener@2ce684ec, org.springframework.test.context.support.DirtiesContextBeforeModesTestExecutionListener@525eb9e7, org.springframework.boot.test.mock.mockito.MockitoTestExecutionListener@7023dc59, org.springframework.boot.test.autoconfigure.SpringBootDependencyInjectionTestExecutionListener@a5143ce, org.springframework.test.context.support.DirtiesContextTestExecutionListener@1288678c, org.springframework.test.context.transaction.TransactionalTestExecutionListener@35be75bb, org.springframework.test.context.jdbc.SqlScriptsTestExecutionListener@5b11b641, org.springframework.test.context.event.EventPublishingTestExecutionListener@5bded1de, org.springframework.boot.test.autoconfigure.restdocs.RestDocsTestExecutionListener@a3b692e, org.springframework.boot.test.autoconfigure.web.client.MockRestServiceServerResetTestExecutionListener@4c6ed67f, org.springframework.boot.test.autoconfigure.web.servlet.MockMvcPrintOnlyOnFailureTestExecutionListener@1a9bc20d, org.springframework.boot.test.autoconfigure.web.servlet.WebDriverTestExecutionListener@3766b0a1, org.springframework.boot.test.mock.mockito.ResetMocksTestExecutionListener@66c5cd7a]
]]></system-out>
  <system-err><![CDATA[]]></system-err>
</testsuite>
