<?xml version="1.0" encoding="UTF-8"?>
<testsuite name="com.main.app.FoodTests" tests="9" skipped="0" failures="0" errors="0" timestamp="2020-05-09T01:16:55" hostname="DESKTOP" time="0.126">
  <properties/>
  <testcase name="testUserAddFood()" classname="com.main.app.FoodTests" time="0.087"/>
  <testcase name="testFoodGetFat()" classname="com.main.app.FoodTests" time="0.006"/>
  <testcase name="testFoodToJson()" classname="com.main.app.FoodTests" time="0.005"/>
  <testcase name="testFoodGetCalories()" classname="com.main.app.FoodTests" time="0.004"/>
  <testcase name="testFoodGetCarbs()" classname="com.main.app.FoodTests" time="0.003"/>
  <testcase name="testFoodGetProtein()" classname="com.main.app.FoodTests" time="0.004"/>
  <testcase name="testFoodGetName()" classname="com.main.app.FoodTests" time="0.003"/>
  <testcase name="testFoodGetSodium()" classname="com.main.app.FoodTests" time="0.005"/>
  <testcase name="testFoodGetCholeserol()" classname="com.main.app.FoodTests" time="0.004"/>
  <system-out><![CDATA[2020-05-08 19:16:55.069  INFO 54616 --- [    Test worker] .b.t.c.SpringBootTestContextBootstrapper : Neither @ContextConfiguration nor @ContextHierarchy found for test class [com.main.app.FoodTests], using SpringBootContextLoader
2020-05-08 19:16:55.074  INFO 54616 --- [    Test worker] o.s.t.c.support.AbstractContextLoader    : Could not detect default resource locations for test class [com.main.app.FoodTests]: no resource found for suffixes {-context.xml, Context.groovy}.
2020-05-08 19:16:55.075  INFO 54616 --- [    Test worker] t.c.s.AnnotationConfigContextLoaderUtils : Could not detect default configuration classes for test class [com.main.app.FoodTests]: FoodTests does not declare any static, non-private, non-final, nested classes annotated with @Configuration.
2020-05-08 19:16:55.082  INFO 54616 --- [    Test worker] .b.t.c.SpringBootTestContextBootstrapper : Found @SpringBootConfiguration com.main.app.FoodbuddyApplication for test class com.main.app.FoodTests
2020-05-08 19:16:55.087  INFO 54616 --- [    Test worker] .b.t.c.SpringBootTestContextBootstrapper : Loaded default TestExecutionListener class names from location [META-INF/spring.factories]: [org.springframework.test.context.web.ServletTestExecutionListener, org.springframework.test.context.support.DirtiesContextBeforeModesTestExecutionListener, org.springframework.test.context.support.DependencyInjectionTestExecutionListener, org.springframework.test.context.support.DirtiesContextTestExecutionListener, org.springframework.test.context.transaction.TransactionalTestExecutionListener, org.springframework.test.context.jdbc.SqlScriptsTestExecutionListener, org.springframework.test.context.event.EventPublishingTestExecutionListener, org.springframework.boot.test.autoconfigure.restdocs.RestDocsTestExecutionListener, org.springframework.boot.test.autoconfigure.web.client.MockRestServiceServerResetTestExecutionListener, org.springframework.boot.test.autoconfigure.web.servlet.MockMvcPrintOnlyOnFailureTestExecutionListener, org.springframework.boot.test.autoconfigure.web.servlet.WebDriverTestExecutionListener, org.springframework.boot.test.mock.mockito.MockitoTestExecutionListener, org.springframework.boot.test.mock.mockito.ResetMocksTestExecutionListener]
2020-05-08 19:16:55.089  INFO 54616 --- [    Test worker] .b.t.c.SpringBootTestContextBootstrapper : Using TestExecutionListeners: [org.springframework.test.context.web.ServletTestExecutionListener@77967a24, org.springframework.test.context.support.DirtiesContextBeforeModesTestExecutionListener@be55f3d, org.springframework.boot.test.mock.mockito.MockitoTestExecutionListener@3d086d48, org.springframework.boot.test.autoconfigure.SpringBootDependencyInjectionTestExecutionListener@6d31ddfe, org.springframework.test.context.support.DirtiesContextTestExecutionListener@29b2dd26, org.springframework.test.context.transaction.TransactionalTestExecutionListener@88f739a, org.springframework.test.context.jdbc.SqlScriptsTestExecutionListener@76933dee, org.springframework.test.context.event.EventPublishingTestExecutionListener@152ec0ef, org.springframework.boot.test.autoconfigure.restdocs.RestDocsTestExecutionListener@2aca7481, org.springframework.boot.test.autoconfigure.web.client.MockRestServiceServerResetTestExecutionListener@59aad1e1, org.springframework.boot.test.autoconfigure.web.servlet.MockMvcPrintOnlyOnFailureTestExecutionListener@3639fb77, org.springframework.boot.test.autoconfigure.web.servlet.WebDriverTestExecutionListener@55736ce7, org.springframework.boot.test.mock.mockito.ResetMocksTestExecutionListener@2ce474b4]
]]></system-out>
  <system-err><![CDATA[]]></system-err>
</testsuite>
